

   No. Wave(nm)     Rf
   1     400      0.0085
   2     401      0.0134
   3     402      0.0135
   4     403      0.0136
   5     404      0.0137
   6     405      0.0138
   7     406      0.0138
   8     407      0.0139
   9     408      0.0140
  10     409      0.0140
  11     410      0.0139
  12     411      0.0140
  13     412      0.0140
  14     413      0.0140
  15     414      0.0140
  16     415      0.0141
  17     416      0.0142
  18     417      0.0143
  19     418      0.0144
  20     419      0.0145
  21     420      0.0146
  22     421      0.0147
  23     422      0.0147
  24     423      0.0148
  25     424      0.0149
  26     425      0.0149
  27     426      0.0149
  28     427      0.0149
  29     428      0.0150
  30     429      0.0150
  31     430      0.0151
  32     431      0.0151
  33     432      0.0152
  34     433      0.0153
  35     434      0.0153
  36     435      0.0154
  37     436      0.0155
  38     437      0.0156
  39     438      0.0156
  40     439      0.0157
  41     440      0.0158
  42     441      0.0158
  43     442      0.0158
  44     443      0.0159
  45     444      0.0159
  46     445      0.0160
  47     446      0.0161
  48     447      0.0161
  49     448      0.0162
  50     449      0.0162
  51     450      0.0163
  52     451      0.0164
  53     452      0.0165
  54     453      0.0166
  55     454      0.0166
  56     455      0.0167
  57     456      0.0167
  58     457      0.0168
  59     458      0.0169
  60     459      0.0170
  61     460      0.0170
  62     461      0.0171
  63     462      0.0171
  64     463      0.0172
  65     464      0.0172
  66     465      0.0173
  67     466      0.0174
  68     467      0.0175
  69     468      0.0175
  70     469      0.0176
  71     470      0.0177
  72     471      0.0177
  73     472      0.0178
  74     473      0.0178
  75     474      0.0179
  76     475      0.0179
  77     476      0.0180
  78     477      0.0180
  79     478      0.0181
  80     479      0.0181
  81     480      0.0182
  82     481      0.0183
  83     482      0.0184
  84     483      0.0185
  85     484      0.0186
  86     485      0.0187
  87     486      0.0188
  88     487      0.0189
  89     488      0.0190
  90     489      0.0191
  91     490      0.0193
  92     491      0.0194
  93     492      0.0196
  94     493      0.0197
  95     494      0.0199
  96     495      0.0201
  97     496      0.0203
  98     497      0.0205
  99     498      0.0208
 100     499      0.0211
 101     500      0.0215
 102     501      0.0217
 103     502      0.0221
 104     503      0.0224
 105     504      0.0228
 106     505      0.0232
 107     506      0.0236
 108     507      0.0241
 109     508      0.0246
 110     509      0.0251
 111     510      0.0256
 112     511      0.0263
 113     512      0.0269
 114     513      0.0275
 115     514      0.0283
 116     515      0.0290
 117     516      0.0297
 118     517      0.0305
 119     518      0.0313
 120     519      0.0321
 121     520      0.0329
 122     521      0.0338
 123     522      0.0346
 124     523      0.0353
 125     524      0.0361
 126     525      0.0369
 127     526      0.0376
 128     527      0.0383
 129     528      0.0390
 130     529      0.0396
 131     530      0.0401
 132     531      0.0406
 133     532      0.0412
 134     533      0.0416
 135     534      0.0420
 136     535      0.0424
 137     536      0.0427
 138     537      0.0430
 139     538      0.0432
 140     539      0.0434
 141     540      0.0437
 142     541      0.0438
 143     542      0.0440
 144     543      0.0441
 145     544      0.0443
 146     545      0.0445
 147     546      0.0446
 148     547      0.0448
 149     548      0.0449
 150     549      0.0451
 151     550      0.0452
 152     551      0.0453
 153     552      0.0453
 154     553      0.0454
 155     554      0.0454
 156     555      0.0454
 157     556      0.0453
 158     557      0.0452
 159     558      0.0451
 160     559      0.0449
 161     560      0.0448
 162     561      0.0445
 163     562      0.0443
 164     563      0.0440
 165     564      0.0438
 166     565      0.0435
 167     566      0.0431
 168     567      0.0428
 169     568      0.0424
 170     569      0.0420
 171     570      0.0416
 172     571      0.0412
 173     572      0.0408
 174     573      0.0405
 175     574      0.0401
 176     575      0.0398
 177     576      0.0395
 178     577      0.0392
 179     578      0.0389
 180     579      0.0387
 181     580      0.0385
 182     581      0.0383
 183     582      0.0381
 184     583      0.0379
 185     584      0.0377
 186     585      0.0375
 187     586      0.0374
 188     587      0.0373
 189     588      0.0371
 190     589      0.0370
 191     590      0.0370
 192     591      0.0369
 193     592      0.0368
 194     593      0.0368
 195     594      0.0368
 196     595      0.0368
 197     596      0.0368
 198     597      0.0368
 199     598      0.0368
 200     599      0.0368
 201     600      0.0367
 202     601      0.0367
 203     602      0.0366
 204     603      0.0365
 205     604      0.0365
 206     605      0.0364
 207     606      0.0363
 208     607      0.0362
 209     608      0.0361
 210     609      0.0359
 211     610      0.0358
 212     611      0.0357
 213     612      0.0355
 214     613      0.0354
 215     614      0.0353
 216     615      0.0351
 217     616      0.0350
 218     617      0.0350
 219     618      0.0349
 220     619      0.0348
 221     620      0.0348
 222     621      0.0348
 223     622      0.0347
 224     623      0.0348
 225     624      0.0348
 226     625      0.0348
 227     626      0.0349
 228     627      0.0350
 229     628      0.0350
 230     629      0.0351
 231     630      0.0352
 232     631      0.0352
 233     632      0.0353
 234     633      0.0353
 235     634      0.0353
 236     635      0.0353
 237     636      0.0352
 238     637      0.0352
 239     638      0.0351
 240     639      0.0350
 241     640      0.0349
 242     641      0.0347
 243     642      0.0346
 244     643      0.0344
 245     644      0.0343
 246     645      0.0342
 247     646      0.0341
 248     647      0.0339
 249     648      0.0338
 250     649      0.0338
 251     650      0.0337
 252     651      0.0337
 253     652      0.0337
 254     653      0.0337
 255     654      0.0337
 256     655      0.0337
 257     656      0.0336
 258     657      0.0336
 259     658      0.0335
 260     659      0.0335
 261     660      0.0334
 262     661      0.0333
 263     662      0.0332
 264     663      0.0331
 265     664      0.0331
 266     665      0.0330
 267     666      0.0329
 268     667      0.0329
 269     668      0.0329
 270     669      0.0329
 271     670      0.0329
 272     671      0.0330
 273     672      0.0330
 274     673      0.0331
 275     674      0.0332
 276     675      0.0333
 277     676      0.0334
 278     677      0.0335
 279     678      0.0337
 280     679      0.0338
 281     680      0.0340
 282     681      0.0342
 283     682      0.0345
 284     683      0.0349
 285     684      0.0353
 286     685      0.0358
 287     686      0.0364
 288     687      0.0372
 289     688      0.0380
 290     689      0.0390
 291     690      0.0402
 292     691      0.0415
 293     692      0.0430
 294     693      0.0446
 295     694      0.0465
 296     695      0.0484
 297     696      0.0505
 298     697      0.0526
 299     698      0.0549
 300     699      0.0572
 301     700      0.0596
 302     701      0.0620
