   No. Wave(nm)    Alb    Rf_Nadir  Rf_view  Abs_gr   Abs_sn  Abs_bk  Abs_soil
    1   599      0.0052   0.0071    0.0110   0.7223   0.0000  0.0000  0.2723
    2   600      0.0358   0.0341    0.0331   0.6780   0.0000  0.0000  0.2860
    3   601      0.0356   0.0339    0.0330   0.6783   0.0000  0.0000  0.2859
    4   602      0.0354   0.0337    0.0328   0.6787   0.0000  0.0000  0.2857
    5   603      0.0352   0.0335    0.0327   0.6791   0.0000  0.0000  0.2855
    6   604      0.0349   0.0333    0.0325   0.6795   0.0000  0.0000  0.2854
    7   605      0.0346   0.0331    0.0324   0.6800   0.0000  0.0000  0.2852
    8   606      0.0343   0.0328    0.0322   0.6805   0.0000  0.0000  0.2850
    9   607      0.0340   0.0326    0.0320   0.6811   0.0000  0.0000  0.2847
   10   608      0.0336   0.0323    0.0317   0.6817   0.0000  0.0000  0.2845
   11   609      0.0332   0.0319    0.0315   0.6823   0.0000  0.0000  0.2842
   12   610      0.0328   0.0316    0.0312   0.6829   0.0000  0.0000  0.2840
   13   611      0.0325   0.0313    0.0310   0.6836   0.0000  0.0000  0.2838
   14   612      0.0321   0.0310    0.0307   0.6842   0.0000  0.0000  0.2835
   15   613      0.0317   0.0307    0.0305   0.6849   0.0000  0.0000  0.2832
   16   614      0.0313   0.0303    0.0302   0.6855   0.0000  0.0000  0.2830
   17   615      0.0309   0.0300    0.0300   0.6861   0.0000  0.0000  0.2827
   18   616      0.0305   0.0297    0.0297   0.6867   0.0000  0.0000  0.2825
   19   617      0.0302   0.0295    0.0295   0.6873   0.0000  0.0000  0.2822
   20   618      0.0299   0.0292    0.0293   0.6879   0.0000  0.0000  0.2820
   21   619      0.0296   0.0290    0.0292   0.6884   0.0000  0.0000  0.2818
   22   620      0.0294   0.0288    0.0290   0.6888   0.0000  0.0000  0.2816
   23   621      0.0292   0.0286    0.0289   0.6892   0.0000  0.0000  0.2814
   24   622      0.0290   0.0284    0.0288   0.6896   0.0000  0.0000  0.2812
   25   623      0.0288   0.0283    0.0287   0.6899   0.0000  0.0000  0.2811
   26   624      0.0287   0.0282    0.0287   0.6902   0.0000  0.0000  0.2809
   27   625      0.0286   0.0282    0.0287   0.6904   0.0000  0.0000  0.2807
   28   626      0.0285   0.0281    0.0286   0.6906   0.0000  0.0000  0.2806
   29   627      0.0285   0.0281    0.0286   0.6908   0.0000  0.0000  0.2805
   30   628      0.0284   0.0281    0.0286   0.6910   0.0000  0.0000  0.2804
   31   629      0.0284   0.0280    0.0287   0.6911   0.0000  0.0000  0.2803
   32   630      0.0283   0.0280    0.0287   0.6913   0.0000  0.0000  0.2802
   33   631      0.0283   0.0280    0.0287   0.6914   0.0000  0.0000  0.2801
   34   632      0.0282   0.0279    0.0286   0.6916   0.0000  0.0000  0.2800
   35   633      0.0281   0.0278    0.0286   0.6919   0.0000  0.0000  0.2798
   36   634      0.0279   0.0277    0.0285   0.6922   0.0000  0.0000  0.2797
   37   635      0.0277   0.0276    0.0284   0.6926   0.0000  0.0000  0.2795
   38   636      0.0275   0.0274    0.0282   0.6930   0.0000  0.0000  0.2793
   39   637      0.0272   0.0271    0.0281   0.6936   0.0000  0.0000  0.2790
   40   638      0.0268   0.0268    0.0279   0.6942   0.0000  0.0000  0.2788
   41   639      0.0265   0.0265    0.0276   0.6948   0.0000  0.0000  0.2785
   42   640      0.0261   0.0262    0.0274   0.6955   0.0000  0.0000  0.2782
   43   641      0.0256   0.0258    0.0271   0.6963   0.0000  0.0000  0.2779
   44   642      0.0252   0.0255    0.0268   0.6971   0.0000  0.0000  0.2775
   45   643      0.0247   0.0251    0.0266   0.6979   0.0000  0.0000  0.2772
   46   644      0.0243   0.0247    0.0263   0.6986   0.0000  0.0000  0.2768
   47   645      0.0239   0.0244    0.0260   0.6994   0.0000  0.0000  0.2765
   48   646      0.0235   0.0240    0.0258   0.7001   0.0000  0.0000  0.2762
   49   647      0.0231   0.0237    0.0256   0.7008   0.0000  0.0000  0.2759
   50   648      0.0227   0.0235    0.0253   0.7015   0.0000  0.0000  0.2756
   51   649      0.0224   0.0232    0.0252   0.7020   0.0000  0.0000  0.2753
   52   650      0.0222   0.0230    0.0250   0.7025   0.0000  0.0000  0.2751
   53   651      0.0220   0.0228    0.0249   0.7030   0.0000  0.0000  0.2749
   54   652      0.0218   0.0227    0.0248   0.7034   0.0000  0.0000  0.2747
   55   653      0.0216   0.0225    0.0247   0.7038   0.0000  0.0000  0.2744
   56   654      0.0214   0.0224    0.0246   0.7042   0.0000  0.0000  0.2742
   57   655      0.0212   0.0222    0.0245   0.7046   0.0000  0.0000  0.2740
   58   656      0.0209   0.0220    0.0244   0.7051   0.0000  0.0000  0.2738
   59   657      0.0207   0.0218    0.0243   0.7056   0.0000  0.0000  0.2735
   60   658      0.0204   0.0216    0.0241   0.7061   0.0000  0.0000  0.2733
   61   659      0.0201   0.0214    0.0239   0.7067   0.0000  0.0000  0.2730
   62   660      0.0198   0.0211    0.0238   0.7074   0.0000  0.0000  0.2727
   63   661      0.0194   0.0208    0.0236   0.7081   0.0000  0.0000  0.2723
   64   662      0.0191   0.0206    0.0234   0.7087   0.0000  0.0000  0.2720
   65   663      0.0187   0.0203    0.0232   0.7094   0.0000  0.0000  0.2717
   66   664      0.0184   0.0200    0.0230   0.7100   0.0000  0.0000  0.2714
   67   665      0.0181   0.0198    0.0229   0.7106   0.0000  0.0000  0.2711
   68   666      0.0179   0.0196    0.0227   0.7111   0.0000  0.0000  0.2708
   69   667      0.0177   0.0194    0.0226   0.7116   0.0000  0.0000  0.2706
   70   668      0.0175   0.0193    0.0225   0.7120   0.0000  0.0000  0.2703
   71   669      0.0173   0.0192    0.0225   0.7123   0.0000  0.0000  0.2701
   72   670      0.0172   0.0191    0.0224   0.7126   0.0000  0.0000  0.2699
   73   671      0.0171   0.0191    0.0224   0.7129   0.0000  0.0000  0.2698
   74   672      0.0170   0.0190    0.0224   0.7131   0.0000  0.0000  0.2696
   75   673      0.0170   0.0190    0.0224   0.7133   0.0000  0.0000  0.2695
   76   674      0.0170   0.0190    0.0224   0.7135   0.0000  0.0000  0.2693
   77   675      0.0170   0.0190    0.0225   0.7136   0.0000  0.0000  0.2692
   78   676      0.0170   0.0190    0.0225   0.7137   0.0000  0.0000  0.2691
   79   677      0.0170   0.0191    0.0226   0.7138   0.0000  0.0000  0.2690
   80   678      0.0170   0.0191    0.0227   0.7138   0.0000  0.0000  0.2690
   81   679      0.0171   0.0192    0.0228   0.7137   0.0000  0.0000  0.2689
   82   680      0.0173   0.0193    0.0229   0.7136   0.0000  0.0000  0.2689
   83   681      0.0175   0.0195    0.0231   0.7134   0.0000  0.0000  0.2690
   84   682      0.0178   0.0198    0.0233   0.7130   0.0000  0.0000  0.2690
   85   683      0.0182   0.0201    0.0236   0.7124   0.0000  0.0000  0.2692
   86   684      0.0187   0.0206    0.0240   0.7116   0.0000  0.0000  0.2695
   87   685      0.0194   0.0212    0.0246   0.7106   0.0000  0.0000  0.2698
   88   686      0.0202   0.0219    0.0252   0.7093   0.0000  0.0000  0.2703
   89   687      0.0213   0.0229    0.0260   0.7076   0.0000  0.0000  0.2708
   90   688      0.0226   0.0240    0.0270   0.7057   0.0000  0.0000  0.2715
   91   689      0.0243   0.0254    0.0281   0.7032   0.0000  0.0000  0.2723
   92   690      0.0261   0.0270    0.0295   0.7004   0.0000  0.0000  0.2732
   93   691      0.0283   0.0289    0.0311   0.6971   0.0000  0.0000  0.2743
   94   692      0.0309   0.0311    0.0330   0.6934   0.0000  0.0000  0.2755
   95   693      0.0338   0.0336    0.0351   0.6891   0.0000  0.0000  0.2769
   96   694      0.0370   0.0364    0.0374   0.6843   0.0000  0.0000  0.2785
   97   695      0.0405   0.0394    0.0400   0.6791   0.0000  0.0000  0.2801
   98   696      0.0444   0.0427    0.0428   0.6735   0.0000  0.0000  0.2819
   99   697      0.0484   0.0461    0.0458   0.6674   0.0000  0.0000  0.2839
  100   698      0.0528   0.0497    0.0489   0.6609   0.0000  0.0000  0.2860
  101   699      0.0574   0.0535    0.0522   0.6542   0.0000  0.0000  0.2882
  102   700      0.0621   0.0573    0.0556   0.6472   0.0000  0.0000  0.2905
  103   701      0.0670   0.0612    0.0591   0.6399   0.0000  0.0000  0.2928
  104   702      0.0719   0.0651    0.0627   0.6326   0.0000  0.0000  0.2952
  105   703      0.0769   0.0690    0.0663   0.6251   0.0000  0.0000  0.2977
  106   704      0.0820   0.0729    0.0698   0.6175   0.0000  0.0000  0.3002
  107   705      0.0870   0.0767    0.0734   0.6100   0.0000  0.0000  0.3027
  108   706      0.0921   0.0805    0.0770   0.6023   0.0000  0.0000  0.3053
  109   707      0.0972   0.0842    0.0805   0.5947   0.0000  0.0000  0.3078
  110   708      0.1023   0.0878    0.0841   0.5870   0.0000  0.0000  0.3104
  111   709      0.1074   0.0914    0.0876   0.5792   0.0000  0.0000  0.3131
  112   710      0.1125   0.0950    0.0912   0.5714   0.0000  0.0000  0.3157
  113   711      0.1177   0.0985    0.0947   0.5635   0.0000  0.0000  0.3185
  114   712      0.1229   0.1020    0.0983   0.5555   0.0000  0.0000  0.3212
  115   713      0.1282   0.1054    0.1018   0.5474   0.0000  0.0000  0.3241
  116   714      0.1335   0.1088    0.1054   0.5392   0.0000  0.0000  0.3269
  117   715      0.1388   0.1122    0.1090   0.5309   0.0000  0.0000  0.3299
  118   716      0.1443   0.1156    0.1126   0.5225   0.0000  0.0000  0.3329
  119   717      0.1497   0.1189    0.1162   0.5140   0.0000  0.0000  0.3359
  120   718      0.1552   0.1222    0.1199   0.5054   0.0000  0.0000  0.3390
  121   719      0.1607   0.1255    0.1235   0.4967   0.0000  0.0000  0.3421
  122   720      0.1663   0.1287    0.1271   0.4880   0.0000  0.0000  0.3453
  123   721      0.1719   0.1318    0.1307   0.4792   0.0000  0.0000  0.3485
  124   722      0.1775   0.1349    0.1343   0.4703   0.0000  0.0000  0.3518
  125   723      0.1830   0.1380    0.1378   0.4615   0.0000  0.0000  0.3550
  126   724      0.1886   0.1410    0.1414   0.4526   0.0000  0.0000  0.3583
  127   725      0.1941   0.1439    0.1448   0.4438   0.0000  0.0000  0.3616
  128   726      0.1996   0.1467    0.1483   0.4350   0.0000  0.0000  0.3649
  129   727      0.2050   0.1495    0.1516   0.4264   0.0000  0.0000  0.3682
  130   728      0.2104   0.1521    0.1549   0.4178   0.0000  0.0000  0.3714
  131   729      0.2156   0.1547    0.1582   0.4093   0.0000  0.0000  0.3746
  132   730      0.2207   0.1573    0.1613   0.4010   0.0000  0.0000  0.3777
  133   731      0.2257   0.1596    0.1643   0.3929   0.0000  0.0000  0.3808
  134   732      0.2307   0.1620    0.1673   0.3849   0.0000  0.0000  0.3839
  135   733      0.2355   0.1642    0.1702   0.3772   0.0000  0.0000  0.3868
  136   734      0.2400   0.1664    0.1730   0.3697   0.0000  0.0000  0.3897
  137   735      0.2445   0.1684    0.1756   0.3625   0.0000  0.0000  0.3925
  138   736      0.2488   0.1703    0.1782   0.3555   0.0000  0.0000  0.3952
  139   737      0.2528   0.1721    0.1806   0.3488   0.0000  0.0000  0.3978
  140   738      0.2568   0.1739    0.1829   0.3424   0.0000  0.0000  0.4002
  141   739      0.2606   0.1756    0.1851   0.3362   0.0000  0.0000  0.4026
  142   740      0.2641   0.1772    0.1873   0.3304   0.0000  0.0000  0.4048
  143   741      0.2675   0.1786    0.1892   0.3250   0.0000  0.0000  0.4069
  144   742      0.2706   0.1800    0.1911   0.3198   0.0000  0.0000  0.4089
  145   743      0.2736   0.1813    0.1928   0.3150   0.0000  0.0000  0.4108
  146   744      0.2764   0.1824    0.1945   0.3104   0.0000  0.0000  0.4125
  147   745      0.2790   0.1836    0.1960   0.3062   0.0000  0.0000  0.4142
  148   746      0.2815   0.1846    0.1975   0.3022   0.0000  0.0000  0.4157
  149   747      0.2837   0.1856    0.1988   0.2985   0.0000  0.0000  0.4171
  150   748      0.2858   0.1865    0.2000   0.2951   0.0000  0.0000  0.4184
  151   749      0.2877   0.1873    0.2012   0.2920   0.0000  0.0000  0.4195
  152   750      0.2895   0.1881    0.2022   0.2892   0.0000  0.0000  0.4206
  153   751      0.2912   0.1888    0.2033   0.2864   0.0000  0.0000  0.4217
  154   752      0.2930   0.1895    0.2043   0.2836   0.0000  0.0000  0.4227
  155   753      0.2947   0.1903    0.2054   0.2807   0.0000  0.0000  0.4238
  156   754      0.2964   0.1910    0.2064   0.2779   0.0000  0.0000  0.4248
  157   755      0.2982   0.1918    0.2075   0.2750   0.0000  0.0000  0.4259
  158   756      0.3000   0.1925    0.2086   0.2721   0.0000  0.0000  0.4270
  159   757      0.3018   0.1933    0.2096   0.2693   0.0000  0.0000  0.4281
  160   758      0.3036   0.1941    0.2107   0.2664   0.0000  0.0000  0.4291
  161   759      0.3054   0.1948    0.2118   0.2636   0.0000  0.0000  0.4302
  162   760      0.3071   0.1955    0.2128   0.2607   0.0000  0.0000  0.4313
  163   761      0.3088   0.1962    0.2138   0.2580   0.0000  0.0000  0.4323
  164   762      0.3105   0.1969    0.2148   0.2553   0.0000  0.0000  0.4334
  165   763      0.3121   0.1976    0.2158   0.2526   0.0000  0.0000  0.4344
  166   764      0.3138   0.1983    0.2167   0.2500   0.0000  0.0000  0.4353
  167   765      0.3154   0.1989    0.2177   0.2474   0.0000  0.0000  0.4363
  168   766      0.3169   0.1996    0.2186   0.2449   0.0000  0.0000  0.4373
  169   767      0.3184   0.2002    0.2195   0.2424   0.0000  0.0000  0.4382
  170   768      0.3199   0.2008    0.2204   0.2401   0.0000  0.0000  0.4391
  171   769      0.3213   0.2014    0.2213   0.2378   0.0000  0.0000  0.4399
  172   770      0.3226   0.2020    0.2221   0.2356   0.0000  0.0000  0.4407
  173   771      0.3240   0.2026    0.2229   0.2335   0.0000  0.0000  0.4414
  174   772      0.3252   0.2031    0.2237   0.2315   0.0000  0.0000  0.4422
  175   773      0.3264   0.2036    0.2244   0.2297   0.0000  0.0000  0.4428
  176   774      0.3275   0.2041    0.2251   0.2280   0.0000  0.0000  0.4435
  177   775      0.3284   0.2045    0.2257   0.2264   0.0000  0.0000  0.4440
  178   776      0.3293   0.2049    0.2262   0.2250   0.0000  0.0000  0.4445
  179   777      0.3302   0.2053    0.2268   0.2237   0.0000  0.0000  0.4449
  180   778      0.3309   0.2056    0.2273   0.2226   0.0000  0.0000  0.4453
  181   779      0.3316   0.2059    0.2277   0.2216   0.0000  0.0000  0.4456
  182   780      0.3321   0.2062    0.2281   0.2209   0.0000  0.0000  0.4458
  183   781      0.3325   0.2064    0.2284   0.2204   0.0000  0.0000  0.4460
  184   782      0.3329   0.2066    0.2287   0.2198   0.0000  0.0000  0.4461
  185   783      0.3333   0.2068    0.2290   0.2193   0.0000  0.0000  0.4462
  186   784      0.3337   0.2070    0.2293   0.2188   0.0000  0.0000  0.4464
  187   785      0.3341   0.2073    0.2296   0.2182   0.0000  0.0000  0.4465
  188   786      0.3345   0.2075    0.2299   0.2176   0.0000  0.0000  0.4467
  189   787      0.3350   0.2077    0.2302   0.2171   0.0000  0.0000  0.4468
  190   788      0.3354   0.2079    0.2305   0.2165   0.0000  0.0000  0.4469
  191   789      0.3358   0.2082    0.2308   0.2160   0.0000  0.0000  0.4470
  192   790      0.3362   0.2084    0.2312   0.2154   0.0000  0.0000  0.4472
  193   791      0.3365   0.2086    0.2314   0.2149   0.0000  0.0000  0.4473
  194   792      0.3369   0.2088    0.2317   0.2144   0.0000  0.0000  0.4475
  195   793      0.3373   0.2090    0.2320   0.2139   0.0000  0.0000  0.4476
  196   794      0.3377   0.2092    0.2323   0.2134   0.0000  0.0000  0.4477
  197   795      0.3381   0.2094    0.2326   0.2129   0.0000  0.0000  0.4478
  198   796      0.3384   0.2096    0.2329   0.2124   0.0000  0.0000  0.4479
  199   797      0.3388   0.2098    0.2332   0.2119   0.0000  0.0000  0.4480
  200   798      0.3392   0.2100    0.2335   0.2114   0.0000  0.0000  0.4482
  201   799      0.3396   0.2103    0.2338   0.2109   0.0000  0.0000  0.4483
  202   800      0.3400   0.2105    0.2341   0.2103   0.0000  0.0000  0.4484
  203   801      0.3403   0.2106    0.2343   0.2099   0.0000  0.0000  0.4485
  204   802      0.3406   0.2108    0.2346   0.2095   0.0000  0.0000  0.4486
  205   803      0.3410   0.2111    0.2349   0.2090   0.0000  0.0000  0.4487
  206   804      0.3414   0.2113    0.2352   0.2085   0.0000  0.0000  0.4488
  207   805      0.3418   0.2115    0.2354   0.2081   0.0000  0.0000  0.4489
  208   806      0.3421   0.2117    0.2357   0.2077   0.0000  0.0000  0.4490
  209   807      0.3425   0.2119    0.2360   0.2072   0.0000  0.0000  0.4491
  210   808      0.3428   0.2121    0.2363   0.2067   0.0000  0.0000  0.4492
  211   809      0.3432   0.2122    0.2365   0.2063   0.0000  0.0000  0.4493
  212   810      0.3435   0.2124    0.2368   0.2058   0.0000  0.0000  0.4494
  213   811      0.3438   0.2126    0.2371   0.2054   0.0000  0.0000  0.4495
  214   812      0.3441   0.2128    0.2373   0.2051   0.0000  0.0000  0.4496
  215   813      0.3444   0.2129    0.2375   0.2047   0.0000  0.0000  0.4496
  216   814      0.3447   0.2131    0.2378   0.2043   0.0000  0.0000  0.4497
  217   815      0.3449   0.2133    0.2380   0.2040   0.0000  0.0000  0.4498
  218   816      0.3452   0.2134    0.2382   0.2036   0.0000  0.0000  0.4499
  219   817      0.3455   0.2136    0.2385   0.2033   0.0000  0.0000  0.4499
  220   818      0.3458   0.2138    0.2387   0.2029   0.0000  0.0000  0.4500
  221   819      0.3461   0.2140    0.2390   0.2025   0.0000  0.0000  0.4500
  222   820      0.3464   0.2142    0.2393   0.2022   0.0000  0.0000  0.4501
  223   821      0.3467   0.2143    0.2395   0.2019   0.0000  0.0000  0.4501
  224   822      0.3469   0.2144    0.2397   0.2017   0.0000  0.0000  0.4501
  225   823      0.3471   0.2146    0.2399   0.2014   0.0000  0.0000  0.4502
  226   824      0.3474   0.2147    0.2401   0.2011   0.0000  0.0000  0.4502
  227   825      0.3476   0.2149    0.2403   0.2009   0.0000  0.0000  0.4502
  228   826      0.3477   0.2150    0.2404   0.2009   0.0000  0.0000  0.4501
  229   827      0.3479   0.2151    0.2406   0.2006   0.0000  0.0000  0.4502
  230   828      0.3481   0.2153    0.2408   0.2004   0.0000  0.0000  0.4502
  231   829      0.3482   0.2153    0.2409   0.2004   0.0000  0.0000  0.4501
  232   830      0.3483   0.2155    0.2411   0.2002   0.0000  0.0000  0.4501
  233   831      0.3485   0.2156    0.2413   0.2001   0.0000  0.0000  0.4501
  234   832      0.3486   0.2157    0.2414   0.2000   0.0000  0.0000  0.4501
  235   833      0.3487   0.2158    0.2416   0.2000   0.0000  0.0000  0.4500
  236   834      0.3489   0.2160    0.2418   0.1998   0.0000  0.0000  0.4500
  237   835      0.3491   0.2161    0.2420   0.1995   0.0000  0.0000  0.4500
  238   836      0.3493   0.2162    0.2421   0.1994   0.0000  0.0000  0.4500
  239   837      0.3495   0.2164    0.2423   0.1991   0.0000  0.0000  0.4500
  240   838      0.3497   0.2165    0.2425   0.1989   0.0000  0.0000  0.4500
  241   839      0.3500   0.2167    0.2428   0.1986   0.0000  0.0000  0.4500
  242   840      0.3502   0.2168    0.2430   0.1984   0.0000  0.0000  0.4500
  243   841      0.3504   0.2169    0.2432   0.1981   0.0000  0.0000  0.4501
  244   842      0.3506   0.2171    0.2433   0.1979   0.0000  0.0000  0.4501
  245   843      0.3508   0.2172    0.2435   0.1977   0.0000  0.0000  0.4501
  246   844      0.3510   0.2173    0.2437   0.1974   0.0000  0.0000  0.4502
  247   845      0.3512   0.2175    0.2439   0.1972   0.0000  0.0000  0.4502
  248   846      0.3515   0.2176    0.2441   0.1970   0.0000  0.0000  0.4502
  249   847      0.3517   0.2177    0.2442   0.1967   0.0000  0.0000  0.4503
  250   848      0.3519   0.2179    0.2445   0.1964   0.0000  0.0000  0.4503
  251   849      0.3521   0.2180    0.2447   0.1962   0.0000  0.0000  0.4503
  252   850      0.3523   0.2182    0.2449   0.1959   0.0000  0.0000  0.4503
  253   851      0.3525   0.2183    0.2451   0.1957   0.0000  0.0000  0.4503
  254   852      0.3527   0.2185    0.2453   0.1955   0.0000  0.0000  0.4503
  255   853      0.3529   0.2186    0.2455   0.1953   0.0000  0.0000  0.4503
  256   854      0.3531   0.2187    0.2457   0.1951   0.0000  0.0000  0.4504
  257   855      0.3533   0.2188    0.2458   0.1949   0.0000  0.0000  0.4504
  258   856      0.3535   0.2190    0.2460   0.1947   0.0000  0.0000  0.4504
  259   857      0.3537   0.2191    0.2462   0.1945   0.0000  0.0000  0.4504
  260   858      0.3539   0.2192    0.2464   0.1942   0.0000  0.0000  0.4504
  261   859      0.3541   0.2193    0.2466   0.1941   0.0000  0.0000  0.4504
  262   860      0.3543   0.2195    0.2467   0.1939   0.0000  0.0000  0.4504
  263   861      0.3545   0.2196    0.2469   0.1937   0.0000  0.0000  0.4505
  264   862      0.3546   0.2197    0.2471   0.1935   0.0000  0.0000  0.4505
  265   863      0.3548   0.2198    0.2472   0.1933   0.0000  0.0000  0.4505
  266   864      0.3550   0.2199    0.2474   0.1931   0.0000  0.0000  0.4505
  267   865      0.3551   0.2201    0.2476   0.1930   0.0000  0.0000  0.4504
  268   866      0.3553   0.2202    0.2477   0.1929   0.0000  0.0000  0.4504
  269   867      0.3554   0.2203    0.2479   0.1927   0.0000  0.0000  0.4504
  270   868      0.3556   0.2205    0.2481   0.1925   0.0000  0.0000  0.4504
  271   869      0.3558   0.2206    0.2483   0.1923   0.0000  0.0000  0.4504
  272   870      0.3560   0.2207    0.2484   0.1922   0.0000  0.0000  0.4504
  273   871      0.3561   0.2208    0.2486   0.1921   0.0000  0.0000  0.4503
  274   872      0.3562   0.2209    0.2488   0.1920   0.0000  0.0000  0.4503
  275   873      0.3564   0.2210    0.2489   0.1919   0.0000  0.0000  0.4503
  276   874      0.3565   0.2211    0.2490   0.1918   0.0000  0.0000  0.4503
  277   875      0.3566   0.2212    0.2492   0.1917   0.0000  0.0000  0.4503
  278   876      0.3567   0.2213    0.2493   0.1916   0.0000  0.0000  0.4502
  279   877      0.3568   0.2214    0.2494   0.1915   0.0000  0.0000  0.4502
  280   878      0.3569   0.2215    0.2496   0.1913   0.0000  0.0000  0.4502
  281   879      0.3571   0.2216    0.2497   0.1912   0.0000  0.0000  0.4502
  282   880      0.3572   0.2216    0.2498   0.1912   0.0000  0.0000  0.4501
  283   881      0.3573   0.2217    0.2500   0.1911   0.0000  0.0000  0.4501
  284   882      0.3574   0.2218    0.2501   0.1910   0.0000  0.0000  0.4501
  285   883      0.3575   0.2219    0.2502   0.1910   0.0000  0.0000  0.4500
  286   884      0.3576   0.2220    0.2504   0.1909   0.0000  0.0000  0.4500
  287   885      0.3577   0.2221    0.2505   0.1908   0.0000  0.0000  0.4499
  288   886      0.3579   0.2223    0.2507   0.1907   0.0000  0.0000  0.4499
  289   887      0.3580   0.2224    0.2508   0.1907   0.0000  0.0000  0.4498
  290   888      0.3581   0.2224    0.2509   0.1906   0.0000  0.0000  0.4498
  291   889      0.3582   0.2225    0.2510   0.1906   0.0000  0.0000  0.4498
  292   890      0.3583   0.2226    0.2512   0.1905   0.0000  0.0000  0.4497
  293   891      0.3583   0.2227    0.2513   0.1905   0.0000  0.0000  0.4497
  294   892      0.3584   0.2228    0.2514   0.1905   0.0000  0.0000  0.4496
  295   893      0.3585   0.2229    0.2516   0.1904   0.0000  0.0000  0.4496
  296   894      0.3586   0.2229    0.2517   0.1903   0.0000  0.0000  0.4496
  297   895      0.3587   0.2230    0.2518   0.1902   0.0000  0.0000  0.4495
  298   896      0.3588   0.2231    0.2519   0.1903   0.0000  0.0000  0.4494
  299   897      0.3589   0.2232    0.2520   0.1902   0.0000  0.0000  0.4494
  300   898      0.3590   0.2232    0.2521   0.1901   0.0000  0.0000  0.4494
  301   899      0.3590   0.2233    0.2522   0.1902   0.0000  0.0000  0.4493
  302   900      0.4578   0.2474    0.2928   0.0009   0.0000  0.0000  0.5361
 