   1   400      0.0021   0.0028    0.0028   0.7164   0.0000  0.0000  0.2813
    2   401      0.0127   0.0133    0.0133   0.7047   0.0000  0.0000  0.2823
    3   402      0.0128   0.0133    0.0133   0.7047   0.0000  0.0000  0.2823
    4   403      0.0128   0.0133    0.0133   0.7048   0.0000  0.0000  0.2822
    5   404      0.0128   0.0134    0.0134   0.7049   0.0000  0.0000  0.2821
    6   405      0.0128   0.0134    0.0134   0.7049   0.0000  0.0000  0.2821
    7   406      0.0128   0.0134    0.0134   0.7049   0.0000  0.0000  0.2821
    8   407      0.0128   0.0134    0.0134   0.7050   0.0000  0.0000  0.2820
    9   408      0.0128   0.0134    0.0134   0.7051   0.0000  0.0000  0.2819
   10   409      0.0128   0.0134    0.0134   0.7050   0.0000  0.0000  0.2819
   11   410      0.0128   0.0133    0.0133   0.7050   0.0000  0.0000  0.2820
   12   411      0.0128   0.0134    0.0134   0.7051   0.0000  0.0000  0.2819
   13   412      0.0128   0.0133    0.0133   0.7051   0.0000  0.0000  0.2819
   14   413      0.0128   0.0133    0.0133   0.7051   0.0000  0.0000  0.2819
   15   414      0.0128   0.0133    0.0133   0.7051   0.0000  0.0000  0.2819
   16   415      0.0128   0.0134    0.0134   0.7052   0.0000  0.0000  0.2818
   17   416      0.0128   0.0134    0.0134   0.7053   0.0000  0.0000  0.2817
   18   417      0.0128   0.0134    0.0134   0.7053   0.0000  0.0000  0.2817
   19   418      0.0128   0.0134    0.0134   0.7053   0.0000  0.0000  0.2816
   20   419      0.0128   0.0134    0.0134   0.7054   0.0000  0.0000  0.2816
   21   420      0.0128   0.0135    0.0135   0.7055   0.0000  0.0000  0.2815
   22   421      0.0129   0.0135    0.0135   0.7055   0.0000  0.0000  0.2814
   23   422      0.0129   0.0135    0.0135   0.7056   0.0000  0.0000  0.2814
   24   423      0.0129   0.0135    0.0135   0.7056   0.0000  0.0000  0.2813
   25   424      0.0129   0.0135    0.0135   0.7057   0.0000  0.0000  0.2812
   26   425      0.0129   0.0135    0.0135   0.7056   0.0000  0.0000  0.2813
   27   426      0.0129   0.0135    0.0135   0.7057   0.0000  0.0000  0.2813
   28   427      0.0129   0.0135    0.0135   0.7057   0.0000  0.0000  0.2812
   29   428      0.0129   0.0135    0.0135   0.7057   0.0000  0.0000  0.2812
   30   429      0.0129   0.0135    0.0135   0.7058   0.0000  0.0000  0.2812
   31   430      0.0129   0.0136    0.0136   0.7058   0.0000  0.0000  0.2811
   32   431      0.0129   0.0136    0.0136   0.7058   0.0000  0.0000  0.2811
   33   432      0.0129   0.0136    0.0136   0.7059   0.0000  0.0000  0.2810
   34   433      0.0129   0.0136    0.0136   0.7059   0.0000  0.0000  0.2809
   35   434      0.0129   0.0136    0.0136   0.7060   0.0000  0.0000  0.2809
   36   435      0.0129   0.0136    0.0136   0.7060   0.0000  0.0000  0.2809
   37   436      0.0129   0.0136    0.0136   0.7061   0.0000  0.0000  0.2808
   38   437      0.0129   0.0137    0.0137   0.7061   0.0000  0.0000  0.2807
   39   438      0.0130   0.0137    0.0137   0.7061   0.0000  0.0000  0.2807
   40   439      0.0130   0.0137    0.0137   0.7062   0.0000  0.0000  0.2806
   41   440      0.0130   0.0137    0.0137   0.7062   0.0000  0.0000  0.2806
   42   441      0.0130   0.0137    0.0137   0.7062   0.0000  0.0000  0.2806
   43   442      0.0130   0.0137    0.0137   0.7062   0.0000  0.0000  0.2806
   44   443      0.0130   0.0137    0.0137   0.7062   0.0000  0.0000  0.2806
   45   444      0.0130   0.0138    0.0138   0.7062   0.0000  0.0000  0.2805
   46   445      0.0131   0.0138    0.0138   0.7063   0.0000  0.0000  0.2805
   47   446      0.0131   0.0138    0.0138   0.7063   0.0000  0.0000  0.2805
   48   447      0.0131   0.0138    0.0138   0.7062   0.0000  0.0000  0.2805
   49   448      0.0131   0.0138    0.0138   0.7062   0.0000  0.0000  0.2804
   50   449      0.0131   0.0139    0.0139   0.7062   0.0000  0.0000  0.2805
   51   450      0.0132   0.0139    0.0139   0.7062   0.0000  0.0000  0.2805
   52   451      0.0132   0.0140    0.0140   0.7062   0.0000  0.0000  0.2804
   53   452      0.0133   0.0140    0.0140   0.7061   0.0000  0.0000  0.2804
   54   453      0.0133   0.0141    0.0141   0.7061   0.0000  0.0000  0.2804
   55   454      0.0134   0.0141    0.0141   0.7060   0.0000  0.0000  0.2804
   56   455      0.0134   0.0141    0.0141   0.7059   0.0000  0.0000  0.2804
   57   456      0.0135   0.0142    0.0142   0.7059   0.0000  0.0000  0.2804
   58   457      0.0135   0.0142    0.0142   0.7058   0.0000  0.0000  0.2805
   59   458      0.0136   0.0143    0.0143   0.7058   0.0000  0.0000  0.2805
   60   459      0.0136   0.0143    0.0143   0.7057   0.0000  0.0000  0.2805
   61   460      0.0137   0.0144    0.0144   0.7056   0.0000  0.0000  0.2805
   62   461      0.0137   0.0144    0.0144   0.7056   0.0000  0.0000  0.2805
   63   462      0.0138   0.0144    0.0144   0.7055   0.0000  0.0000  0.2805
   64   463      0.0138   0.0145    0.0145   0.7055   0.0000  0.0000  0.2805
   65   464      0.0139   0.0145    0.0145   0.7055   0.0000  0.0000  0.2805
   66   465      0.0139   0.0145    0.0145   0.7054   0.0000  0.0000  0.2805
   67   466      0.0139   0.0146    0.0146   0.7054   0.0000  0.0000  0.2805
   68   467      0.0140   0.0146    0.0146   0.7054   0.0000  0.0000  0.2804
   69   468      0.0140   0.0147    0.0147   0.7053   0.0000  0.0000  0.2804
   70   469      0.0141   0.0147    0.0147   0.7053   0.0000  0.0000  0.2804
   71   470      0.0141   0.0147    0.0147   0.7053   0.0000  0.0000  0.2804
   72   471      0.0141   0.0148    0.0148   0.7053   0.0000  0.0000  0.2804
   73   472      0.0142   0.0148    0.0148   0.7052   0.0000  0.0000  0.2804
   74   473      0.0142   0.0148    0.0148   0.7052   0.0000  0.0000  0.2804
   75   474      0.0142   0.0149    0.0149   0.7052   0.0000  0.0000  0.2804
   76   475      0.0142   0.0149    0.0149   0.7052   0.0000  0.0000  0.2803
   77   476      0.0143   0.0149    0.0149   0.7052   0.0000  0.0000  0.2803
   78   477      0.0143   0.0149    0.0149   0.7052   0.0000  0.0000  0.2803
   79   478      0.0143   0.0150    0.0150   0.7051   0.0000  0.0000  0.2803
   80   479      0.0144   0.0150    0.0150   0.7051   0.0000  0.0000  0.2803
   81   480      0.0144   0.0150    0.0150   0.7051   0.0000  0.0000  0.2803
   82   481      0.0144   0.0151    0.0151   0.7051   0.0000  0.0000  0.2803
   83   482      0.0145   0.0151    0.0151   0.7050   0.0000  0.0000  0.2803
   84   483      0.0146   0.0152    0.0152   0.7050   0.0000  0.0000  0.2803
   85   484      0.0146   0.0153    0.0153   0.7049   0.0000  0.0000  0.2803
   86   485      0.0147   0.0154    0.0154   0.7048   0.0000  0.0000  0.2803
   87   486      0.0148   0.0154    0.0154   0.7047   0.0000  0.0000  0.2803
   88   487      0.0149   0.0155    0.0155   0.7045   0.0000  0.0000  0.2803
   89   488      0.0151   0.0156    0.0156   0.7044   0.0000  0.0000  0.2804
   90   489      0.0152   0.0158    0.0158   0.7042   0.0000  0.0000  0.2804
   91   490      0.0154   0.0159    0.0159   0.7039   0.0000  0.0000  0.2805
   92   491      0.0156   0.0161    0.0161   0.7037   0.0000  0.0000  0.2806
   93   492      0.0158   0.0162    0.0162   0.7034   0.0000  0.0000  0.2807
   94   493      0.0160   0.0164    0.0164   0.7030   0.0000  0.0000  0.2808
   95   494      0.0162   0.0166    0.0166   0.7027   0.0000  0.0000  0.2809
   96   495      0.0165   0.0169    0.0169   0.7023   0.0000  0.0000  0.2810
   97   496      0.0168   0.0171    0.0171   0.7018   0.0000  0.0000  0.2812
   98   497      0.0171   0.0174    0.0174   0.7013   0.0000  0.0000  0.2813
   99   498      0.0175   0.0177    0.0177   0.7008   0.0000  0.0000  0.2815
  100   499      0.0179   0.0181    0.0181   0.7002   0.0000  0.0000  0.2816
  101   500      0.0184   0.0185    0.0185   0.6996   0.0000  0.0000  0.2818
  102   501      0.0188   0.0189    0.0189   0.6989   0.0000  0.0000  0.2821
  103   502      0.0194   0.0194    0.0194   0.6981   0.0000  0.0000  0.2824
  104   503      0.0199   0.0198    0.0198   0.6972   0.0000  0.0000  0.2826
  105   504      0.0206   0.0204    0.0204   0.6963   0.0000  0.0000  0.2829
  106   505      0.0212   0.0210    0.0210   0.6953   0.0000  0.0000  0.2833
  107   506      0.0220   0.0216    0.0216   0.6942   0.0000  0.0000  0.2836
  108   507      0.0228   0.0223    0.0223   0.6930   0.0000  0.0000  0.2840
  109   508      0.0236   0.0230    0.0230   0.6918   0.0000  0.0000  0.2844
  110   509      0.0245   0.0238    0.0238   0.6904   0.0000  0.0000  0.2849
  111   510      0.0255   0.0247    0.0247   0.6890   0.0000  0.0000  0.2853
  112   511      0.0266   0.0256    0.0256   0.6874   0.0000  0.0000  0.2858
  113   512      0.0277   0.0266    0.0266   0.6857   0.0000  0.0000  0.2864
  114   513      0.0289   0.0276    0.0276   0.6839   0.0000  0.0000  0.2869
  115   514      0.0302   0.0287    0.0287   0.6821   0.0000  0.0000  0.2875
  116   515      0.0315   0.0299    0.0299   0.6801   0.0000  0.0000  0.2882
  117   516      0.0330   0.0311    0.0311   0.6780   0.0000  0.0000  0.2888
  118   517      0.0344   0.0323    0.0323   0.6759   0.0000  0.0000  0.2895
  119   518      0.0359   0.0336    0.0336   0.6736   0.0000  0.0000  0.2902
  120   519      0.0375   0.0349    0.0349   0.6714   0.0000  0.0000  0.2909
  121   520      0.0390   0.0363    0.0363   0.6690   0.0000  0.0000  0.2917
  122   521      0.0406   0.0376    0.0376   0.6667   0.0000  0.0000  0.2924
  123   522      0.0422   0.0389    0.0389   0.6644   0.0000  0.0000  0.2932
  124   523      0.0438   0.0403    0.0403   0.6620   0.0000  0.0000  0.2939
  125   524      0.0454   0.0416    0.0416   0.6598   0.0000  0.0000  0.2946
  126   525      0.0469   0.0428    0.0428   0.6576   0.0000  0.0000  0.2953
  127   526      0.0483   0.0440    0.0440   0.6554   0.0000  0.0000  0.2960
  128   527      0.0496   0.0451    0.0451   0.6535   0.0000  0.0000  0.2967
  129   528      0.0509   0.0462    0.0462   0.6516   0.0000  0.0000  0.2972
  130   529      0.0521   0.0471    0.0471   0.6499   0.0000  0.0000  0.2978
  131   530      0.0532   0.0480    0.0480   0.6483   0.0000  0.0000  0.2983
  132   531      0.0542   0.0489    0.0489   0.6468   0.0000  0.0000  0.2987
  133   532      0.0552   0.0496    0.0496   0.6455   0.0000  0.0000  0.2991
  134   533      0.0560   0.0503    0.0503   0.6443   0.0000  0.0000  0.2995
  135   534      0.0567   0.0509    0.0509   0.6432   0.0000  0.0000  0.2998
  136   535      0.0574   0.0514    0.0514   0.6423   0.0000  0.0000  0.3001
  137   536      0.0579   0.0519    0.0519   0.6415   0.0000  0.0000  0.3003
  138   537      0.0584   0.0523    0.0523   0.6408   0.0000  0.0000  0.3005
  139   538      0.0588   0.0526    0.0526   0.6402   0.0000  0.0000  0.3007
  140   539      0.0592   0.0529    0.0529   0.6397   0.0000  0.0000  0.3008
  141   540      0.0595   0.0532    0.0532   0.6393   0.0000  0.0000  0.3010
  142   541      0.0598   0.0534    0.0534   0.6389   0.0000  0.0000  0.3010
  143   542      0.0600   0.0536    0.0536   0.6386   0.0000  0.0000  0.3011
  144   543      0.0602   0.0538    0.0538   0.6383   0.0000  0.0000  0.3012
  145   544      0.0604   0.0539    0.0539   0.6381   0.0000  0.0000  0.3013
  146   545      0.0606   0.0541    0.0541   0.6378   0.0000  0.0000  0.3013
  147   546      0.0608   0.0543    0.0543   0.6376   0.0000  0.0000  0.3013
  148   547      0.0610   0.0544    0.0544   0.6373   0.0000  0.0000  0.3014
  149   548      0.0612   0.0546    0.0546   0.6371   0.0000  0.0000  0.3014
  150   549      0.0613   0.0547    0.0547   0.6369   0.0000  0.0000  0.3014
  151   550      0.0615   0.0548    0.0548   0.6368   0.0000  0.0000  0.3015
  152   551      0.0615   0.0549    0.0549   0.6368   0.0000  0.0000  0.3014
  153   552      0.0615   0.0549    0.0549   0.6368   0.0000  0.0000  0.3014
  154   553      0.0615   0.0548    0.0548   0.6370   0.0000  0.0000  0.3013
  155   554      0.0613   0.0547    0.0547   0.6372   0.0000  0.0000  0.3012
  156   555      0.0611   0.0546    0.0546   0.6376   0.0000  0.0000  0.3011
  157   556      0.0608   0.0543    0.0543   0.6380   0.0000  0.0000  0.3009
  158   557      0.0605   0.0541    0.0541   0.6386   0.0000  0.0000  0.3006
  159   558      0.0600   0.0537    0.0537   0.6393   0.0000  0.0000  0.3004
  160   559      0.0595   0.0533    0.0533   0.6402   0.0000  0.0000  0.3001
  161   560      0.0589   0.0529    0.0529   0.6411   0.0000  0.0000  0.2997
  162   561      0.0583   0.0524    0.0524   0.6420   0.0000  0.0000  0.2994
  163   562      0.0576   0.0518    0.0518   0.6431   0.0000  0.0000  0.2990
  164   563      0.0569   0.0512    0.0512   0.6443   0.0000  0.0000  0.2986
  165   564      0.0561   0.0506    0.0506   0.6455   0.0000  0.0000  0.2981
  166   565      0.0553   0.0499    0.0499   0.6469   0.0000  0.0000  0.2976
  167   566      0.0544   0.0492    0.0492   0.6483   0.0000  0.0000  0.2971
  168   567      0.0534   0.0485    0.0485   0.6497   0.0000  0.0000  0.2966
  169   568      0.0525   0.0477    0.0477   0.6512   0.0000  0.0000  0.2961
  170   569      0.0514   0.0469    0.0469   0.6528   0.0000  0.0000  0.2955
  171   570      0.0505   0.0461    0.0461   0.6544   0.0000  0.0000  0.2949
  172   571      0.0494   0.0452    0.0452   0.6559   0.0000  0.0000  0.2944
  173   572      0.0485   0.0444    0.0444   0.6574   0.0000  0.0000  0.2939
  174   573      0.0475   0.0437    0.0437   0.6589   0.0000  0.0000  0.2933
  175   574      0.0466   0.0429    0.0429   0.6603   0.0000  0.0000  0.2928
  176   575      0.0458   0.0422    0.0422   0.6616   0.0000  0.0000  0.2924
  177   576      0.0450   0.0416    0.0416   0.6629   0.0000  0.0000  0.2919
  178   577      0.0442   0.0410    0.0410   0.6640   0.0000  0.0000  0.2915
  179   578      0.0436   0.0404    0.0404   0.6651   0.0000  0.0000  0.2911
  180   579      0.0429   0.0399    0.0399   0.6662   0.0000  0.0000  0.2907
  181   580      0.0423   0.0394    0.0394   0.6671   0.0000  0.0000  0.2903
  182   581      0.0417   0.0389    0.0389   0.6681   0.0000  0.0000  0.2900
  183   582      0.0411   0.0384    0.0384   0.6690   0.0000  0.0000  0.2897
  184   583      0.0406   0.0380    0.0380   0.6698   0.0000  0.0000  0.2893
  185   584      0.0401   0.0376    0.0376   0.6706   0.0000  0.0000  0.2890
  186   585      0.0397   0.0372    0.0372   0.6713   0.0000  0.0000  0.2888
  187   586      0.0392   0.0369    0.0369   0.6720   0.0000  0.0000  0.2885
  188   587      0.0388   0.0365    0.0365   0.6727   0.0000  0.0000  0.2883
  189   588      0.0385   0.0362    0.0362   0.6732   0.0000  0.0000  0.2880
  190   589      0.0381   0.0359    0.0359   0.6738   0.0000  0.0000  0.2878
  191   590      0.0378   0.0357    0.0357   0.6743   0.0000  0.0000  0.2876
  192   591      0.0376   0.0355    0.0355   0.6748   0.0000  0.0000  0.2874
  193   592      0.0373   0.0353    0.0353   0.6752   0.0000  0.0000  0.2872
  194   593      0.0371   0.0351    0.0351   0.6756   0.0000  0.0000  0.2871
  195   594      0.0369   0.0349    0.0349   0.6760   0.0000  0.0000  0.2869
  196   595      0.0367   0.0348    0.0348   0.6763   0.0000  0.0000  0.2867
  197   596      0.0365   0.0346    0.0346   0.6767   0.0000  0.0000  0.2866
  198   597      0.0364   0.0345    0.0345   0.6770   0.0000  0.0000  0.2864
  199   598      0.0362   0.0344    0.0344   0.6773   0.0000  0.0000  0.2863
  200   599      0.0360   0.0342    0.0342   0.6776   0.0000  0.0000  0.2861
  201   600      0.0358   0.0341    0.0341   0.6780   0.0000  0.0000  0.2860
  202   601      0.0356   0.0339    0.0339   0.6783   0.0000  0.0000  0.2859
  203   602      0.0354   0.0337    0.0337   0.6787   0.0000  0.0000  0.2857
  204   603      0.0352   0.0335    0.0335   0.6791   0.0000  0.0000  0.2855
  205   604      0.0349   0.0333    0.0333   0.6795   0.0000  0.0000  0.2854
  206   605      0.0346   0.0331    0.0331   0.6800   0.0000  0.0000  0.2852
  207   606      0.0343   0.0328    0.0328   0.6805   0.0000  0.0000  0.2850
  208   607      0.0340   0.0326    0.0326   0.6811   0.0000  0.0000  0.2847
  209   608      0.0336   0.0323    0.0323   0.6817   0.0000  0.0000  0.2845
  210   609      0.0332   0.0319    0.0319   0.6823   0.0000  0.0000  0.2842
  211   610      0.0328   0.0316    0.0316   0.6829   0.0000  0.0000  0.2840
  212   611      0.0325   0.0313    0.0313   0.6836   0.0000  0.0000  0.2838
  213   612      0.0321   0.0310    0.0310   0.6842   0.0000  0.0000  0.2835
  214   613      0.0317   0.0307    0.0307   0.6849   0.0000  0.0000  0.2832
  215   614      0.0313   0.0303    0.0303   0.6855   0.0000  0.0000  0.2830
  216   615      0.0309   0.0300    0.0300   0.6861   0.0000  0.0000  0.2827
  217   616      0.0305   0.0297    0.0297   0.6867   0.0000  0.0000  0.2825
  218   617      0.0302   0.0295    0.0295   0.6873   0.0000  0.0000  0.2822
  219   618      0.0299   0.0292    0.0292   0.6879   0.0000  0.0000  0.2820
  220   619      0.0296   0.0290    0.0290   0.6884   0.0000  0.0000  0.2818
  221   620      0.0294   0.0288    0.0288   0.6888   0.0000  0.0000  0.2816
  222   621      0.0292   0.0286    0.0286   0.6892   0.0000  0.0000  0.2814
  223   622      0.0290   0.0284    0.0284   0.6896   0.0000  0.0000  0.2812
  224   623      0.0288   0.0283    0.0283   0.6899   0.0000  0.0000  0.2811
  225   624      0.0287   0.0282    0.0282   0.6902   0.0000  0.0000  0.2809
  226   625      0.0286   0.0282    0.0282   0.6904   0.0000  0.0000  0.2807
  227   626      0.0285   0.0281    0.0281   0.6906   0.0000  0.0000  0.2806
  228   627      0.0285   0.0281    0.0281   0.6908   0.0000  0.0000  0.2805
  229   628      0.0284   0.0281    0.0281   0.6910   0.0000  0.0000  0.2804
  230   629      0.0284   0.0280    0.0280   0.6911   0.0000  0.0000  0.2803
  231   630      0.0283   0.0280    0.0280   0.6913   0.0000  0.0000  0.2802
  232   631      0.0283   0.0280    0.0280   0.6914   0.0000  0.0000  0.2801
  233   632      0.0282   0.0279    0.0279   0.6916   0.0000  0.0000  0.2800
  234   633      0.0281   0.0278    0.0278   0.6919   0.0000  0.0000  0.2798
  235   634      0.0279   0.0277    0.0277   0.6922   0.0000  0.0000  0.2797
  236   635      0.0277   0.0276    0.0276   0.6926   0.0000  0.0000  0.2795
  237   636      0.0275   0.0274    0.0274   0.6930   0.0000  0.0000  0.2793
  238   637      0.0272   0.0271    0.0271   0.6936   0.0000  0.0000  0.2790
  239   638      0.0268   0.0268    0.0268   0.6942   0.0000  0.0000  0.2788
  240   639      0.0265   0.0265    0.0265   0.6948   0.0000  0.0000  0.2785
  241   640      0.0261   0.0262    0.0262   0.6955   0.0000  0.0000  0.2782
  242   641      0.0256   0.0258    0.0258   0.6963   0.0000  0.0000  0.2779
  243   642      0.0252   0.0255    0.0255   0.6971   0.0000  0.0000  0.2775
  244   643      0.0247   0.0251    0.0251   0.6979   0.0000  0.0000  0.2772
  245   644      0.0243   0.0247    0.0247   0.6986   0.0000  0.0000  0.2768
  246   645      0.0239   0.0244    0.0244   0.6994   0.0000  0.0000  0.2765
  247   646      0.0235   0.0240    0.0240   0.7001   0.0000  0.0000  0.2762
  248   647      0.0231   0.0237    0.0237   0.7008   0.0000  0.0000  0.2759
  249   648      0.0227   0.0235    0.0235   0.7015   0.0000  0.0000  0.2756
  250   649      0.0224   0.0232    0.0232   0.7020   0.0000  0.0000  0.2753
  251   650      0.0222   0.0230    0.0230   0.7025   0.0000  0.0000  0.2751
  252   651      0.0220   0.0228    0.0228   0.7030   0.0000  0.0000  0.2749
  253   652      0.0218   0.0227    0.0227   0.7034   0.0000  0.0000  0.2747
  254   653      0.0216   0.0225    0.0225   0.7038   0.0000  0.0000  0.2744
  255   654      0.0214   0.0224    0.0224   0.7042   0.0000  0.0000  0.2742
  256   655      0.0212   0.0222    0.0222   0.7046   0.0000  0.0000  0.2740
  257   656      0.0209   0.0220    0.0220   0.7051   0.0000  0.0000  0.2738
  258   657      0.0207   0.0218    0.0218   0.7056   0.0000  0.0000  0.2735
  259   658      0.0204   0.0216    0.0216   0.7061   0.0000  0.0000  0.2733
  260   659      0.0201   0.0214    0.0214   0.7067   0.0000  0.0000  0.2730
  261   660      0.0198   0.0211    0.0211   0.7074   0.0000  0.0000  0.2727
  262   661      0.0194   0.0208    0.0208   0.7081   0.0000  0.0000  0.2723
  263   662      0.0191   0.0206    0.0206   0.7087   0.0000  0.0000  0.2720
  264   663      0.0187   0.0203    0.0203   0.7094   0.0000  0.0000  0.2717
  265   664      0.0184   0.0200    0.0200   0.7100   0.0000  0.0000  0.2714
  266   665      0.0181   0.0198    0.0198   0.7106   0.0000  0.0000  0.2711
  267   666      0.0179   0.0196    0.0196   0.7111   0.0000  0.0000  0.2708
  268   667      0.0177   0.0194    0.0194   0.7116   0.0000  0.0000  0.2706
  269   668      0.0175   0.0193    0.0193   0.7120   0.0000  0.0000  0.2703
  270   669      0.0173   0.0192    0.0192   0.7123   0.0000  0.0000  0.2701
  271   670      0.0172   0.0191    0.0191   0.7126   0.0000  0.0000  0.2699
  272   671      0.0171   0.0191    0.0191   0.7129   0.0000  0.0000  0.2698
  273   672      0.0170   0.0190    0.0190   0.7131   0.0000  0.0000  0.2696
  274   673      0.0170   0.0190    0.0190   0.7133   0.0000  0.0000  0.2695
  275   674      0.0170   0.0190    0.0190   0.7135   0.0000  0.0000  0.2693
  276   675      0.0170   0.0190    0.0190   0.7136   0.0000  0.0000  0.2692
  277   676      0.0170   0.0190    0.0190   0.7137   0.0000  0.0000  0.2691
  278   677      0.0170   0.0191    0.0191   0.7138   0.0000  0.0000  0.2690
  279   678      0.0170   0.0191    0.0191   0.7138   0.0000  0.0000  0.2690
  280   679      0.0171   0.0192    0.0192   0.7137   0.0000  0.0000  0.2689
  281   680      0.0173   0.0193    0.0193   0.7136   0.0000  0.0000  0.2689
  282   681      0.0175   0.0195    0.0195   0.7134   0.0000  0.0000  0.2690
  283   682      0.0178   0.0198    0.0198   0.7130   0.0000  0.0000  0.2690
  284   683      0.0182   0.0201    0.0201   0.7124   0.0000  0.0000  0.2692
  285   684      0.0187   0.0206    0.0206   0.7116   0.0000  0.0000  0.2695
  286   685      0.0194   0.0212    0.0212   0.7106   0.0000  0.0000  0.2698
  287   686      0.0202   0.0219    0.0219   0.7093   0.0000  0.0000  0.2703
  288   687      0.0213   0.0229    0.0229   0.7076   0.0000  0.0000  0.2708
  289   688      0.0226   0.0240    0.0240   0.7057   0.0000  0.0000  0.2715
  290   689      0.0243   0.0254    0.0254   0.7032   0.0000  0.0000  0.2723
  291   690      0.0261   0.0270    0.0270   0.7004   0.0000  0.0000  0.2732
  292   691      0.0283   0.0289    0.0289   0.6971   0.0000  0.0000  0.2743
  293   692      0.0309   0.0311    0.0311   0.6934   0.0000  0.0000  0.2755
  294   693      0.0338   0.0336    0.0336   0.6891   0.0000  0.0000  0.2769
  295   694      0.0370   0.0364    0.0364   0.6843   0.0000  0.0000  0.2785
  296   695      0.0405   0.0394    0.0394   0.6791   0.0000  0.0000  0.2801
  297   696      0.0444   0.0427    0.0427   0.6735   0.0000  0.0000  0.2819
  298   697      0.0484   0.0461    0.0461   0.6674   0.0000  0.0000  0.2839
  299   698      0.0528   0.0497    0.0497   0.6609   0.0000  0.0000  0.2860
  300   699      0.0574   0.0535    0.0535   0.6542   0.0000  0.0000  0.2882
  301   700      0.0621   0.0573    0.0573   0.6472   0.0000  0.0000  0.2905
  302   701      0.0670   0.0612    0.0612   0.6399   0.0000  0.0000  0.2928
  303   702      0.0719   0.0651    0.0651   0.6326   0.0000  0.0000  0.2952
  304   703      0.0769   0.0690    0.0690   0.6251   0.0000  0.0000  0.2977
  305   704      0.0820   0.0729    0.0729   0.6175   0.0000  0.0000  0.3002
  306   705      0.0870   0.0767    0.0767   0.6100   0.0000  0.0000  0.3027
  307   706      0.0921   0.0805    0.0805   0.6023   0.0000  0.0000  0.3053
  308   707      0.0972   0.0842    0.0842   0.5947   0.0000  0.0000  0.3078
  309   708      0.1023   0.0878    0.0878   0.5870   0.0000  0.0000  0.3104
  310   709      0.1074   0.0914    0.0914   0.5792   0.0000  0.0000  0.3131
  311   710      0.1125   0.0950    0.0950   0.5714   0.0000  0.0000  0.3157
  312   711      0.1177   0.0985    0.0985   0.5635   0.0000  0.0000  0.3185
  313   712      0.1229   0.1020    0.1020   0.5555   0.0000  0.0000  0.3212
  314   713      0.1282   0.1054    0.1054   0.5474   0.0000  0.0000  0.3241
  315   714      0.1335   0.1088    0.1088   0.5392   0.0000  0.0000  0.3269
  316   715      0.1388   0.1122    0.1122   0.5309   0.0000  0.0000  0.3299
  317   716      0.1443   0.1156    0.1156   0.5225   0.0000  0.0000  0.3329
  318   717      0.1497   0.1189    0.1189   0.5140   0.0000  0.0000  0.3359
  319   718      0.1552   0.1222    0.1222   0.5054   0.0000  0.0000  0.3390
  320   719      0.1607   0.1255    0.1255   0.4967   0.0000  0.0000  0.3421
  321   720      0.1663   0.1287    0.1287   0.4880   0.0000  0.0000  0.3453
  322   721      0.1719   0.1318    0.1318   0.4792   0.0000  0.0000  0.3485
  323   722      0.1775   0.1349    0.1349   0.4703   0.0000  0.0000  0.3518
  324   723      0.1830   0.1380    0.1380   0.4615   0.0000  0.0000  0.3550
  325   724      0.1886   0.1410    0.1410   0.4526   0.0000  0.0000  0.3583
  326   725      0.1941   0.1439    0.1439   0.4438   0.0000  0.0000  0.3616
  327   726      0.1996   0.1467    0.1467   0.4350   0.0000  0.0000  0.3649
  328   727      0.2050   0.1495    0.1495   0.4264   0.0000  0.0000  0.3682
  329   728      0.2104   0.1521    0.1521   0.4178   0.0000  0.0000  0.3714
  330   729      0.2156   0.1547    0.1547   0.4093   0.0000  0.0000  0.3746
  331   730      0.2207   0.1573    0.1573   0.4010   0.0000  0.0000  0.3777
  332   731      0.2257   0.1596    0.1596   0.3929   0.0000  0.0000  0.3808
  333   732      0.2307   0.1620    0.1620   0.3849   0.0000  0.0000  0.3839
  334   733      0.2355   0.1642    0.1642   0.3772   0.0000  0.0000  0.3868
  335   734      0.2400   0.1664    0.1664   0.3697   0.0000  0.0000  0.3897
  336   735      0.2445   0.1684    0.1684   0.3625   0.0000  0.0000  0.3925
  337   736      0.2488   0.1703    0.1703   0.3555   0.0000  0.0000  0.3952
  338   737      0.2528   0.1721    0.1721   0.3488   0.0000  0.0000  0.3978
  339   738      0.2568   0.1739    0.1739   0.3424   0.0000  0.0000  0.4002
  340   739      0.2606   0.1756    0.1756   0.3362   0.0000  0.0000  0.4026
  341   740      0.2641   0.1772    0.1772   0.3304   0.0000  0.0000  0.4048
  342   741      0.2675   0.1786    0.1786   0.3250   0.0000  0.0000  0.4069
  343   742      0.2706   0.1800    0.1800   0.3198   0.0000  0.0000  0.4089
  344   743      0.2736   0.1813    0.1813   0.3150   0.0000  0.0000  0.4108
  345   744      0.2764   0.1824    0.1824   0.3104   0.0000  0.0000  0.4125
  346   745      0.2790   0.1836    0.1836   0.3062   0.0000  0.0000  0.4142
  347   746      0.2815   0.1846    0.1846   0.3022   0.0000  0.0000  0.4157
  348   747      0.2837   0.1856    0.1856   0.2985   0.0000  0.0000  0.4171
  349   748      0.2858   0.1865    0.1865   0.2951   0.0000  0.0000  0.4184
  350   749      0.2877   0.1873    0.1873   0.2920   0.0000  0.0000  0.4195
  351   750      0.2895   0.1881    0.1881   0.2892   0.0000  0.0000  0.4206
  352   751      0.2912   0.1888    0.1888   0.2864   0.0000  0.0000  0.4217
  353   752      0.2930   0.1895    0.1895   0.2836   0.0000  0.0000  0.4227
  354   753      0.2947   0.1903    0.1903   0.2807   0.0000  0.0000  0.4238
  355   754      0.2964   0.1910    0.1910   0.2779   0.0000  0.0000  0.4248
  356   755      0.2982   0.1918    0.1918   0.2750   0.0000  0.0000  0.4259
  357   756      0.3000   0.1925    0.1925   0.2721   0.0000  0.0000  0.4270
  358   757      0.3018   0.1933    0.1933   0.2693   0.0000  0.0000  0.4281
  359   758      0.3036   0.1941    0.1941   0.2664   0.0000  0.0000  0.4291
  360   759      0.3054   0.1948    0.1948   0.2636   0.0000  0.0000  0.4302
  361   760      0.3071   0.1955    0.1955   0.2607   0.0000  0.0000  0.4313
  362   761      0.3088   0.1962    0.1962   0.2580   0.0000  0.0000  0.4323
  363   762      0.3105   0.1969    0.1969   0.2553   0.0000  0.0000  0.4334
  364   763      0.3121   0.1976    0.1976   0.2526   0.0000  0.0000  0.4344
  365   764      0.3138   0.1983    0.1983   0.2500   0.0000  0.0000  0.4353
  366   765      0.3154   0.1989    0.1989   0.2474   0.0000  0.0000  0.4363
  367   766      0.3169   0.1996    0.1996   0.2449   0.0000  0.0000  0.4373
  368   767      0.3184   0.2002    0.2002   0.2424   0.0000  0.0000  0.4382
  369   768      0.3199   0.2008    0.2008   0.2401   0.0000  0.0000  0.4391
  370   769      0.3213   0.2014    0.2014   0.2378   0.0000  0.0000  0.4399
  371   770      0.3226   0.2020    0.2020   0.2356   0.0000  0.0000  0.4407
  372   771      0.3240   0.2026    0.2026   0.2335   0.0000  0.0000  0.4414
  373   772      0.3252   0.2031    0.2031   0.2315   0.0000  0.0000  0.4422
  374   773      0.3264   0.2036    0.2036   0.2297   0.0000  0.0000  0.4428
  375   774      0.3275   0.2041    0.2041   0.2280   0.0000  0.0000  0.4435
  376   775      0.3284   0.2045    0.2045   0.2264   0.0000  0.0000  0.4440
  377   776      0.3293   0.2049    0.2049   0.2250   0.0000  0.0000  0.4445
  378   777      0.3302   0.2053    0.2053   0.2237   0.0000  0.0000  0.4449
  379   778      0.3309   0.2056    0.2056   0.2226   0.0000  0.0000  0.4453
  380   779      0.3316   0.2059    0.2059   0.2216   0.0000  0.0000  0.4456
  381   780      0.3321   0.2062    0.2062   0.2209   0.0000  0.0000  0.4458
  382   781      0.3325   0.2064    0.2064   0.2204   0.0000  0.0000  0.4460
  383   782      0.3329   0.2066    0.2066   0.2198   0.0000  0.0000  0.4461
  384   783      0.3333   0.2068    0.2068   0.2193   0.0000  0.0000  0.4462
  385   784      0.3337   0.2070    0.2070   0.2188   0.0000  0.0000  0.4464
  386   785      0.3341   0.2073    0.2073   0.2182   0.0000  0.0000  0.4465
  387   786      0.3345   0.2075    0.2075   0.2176   0.0000  0.0000  0.4467
  388   787      0.3350   0.2077    0.2077   0.2171   0.0000  0.0000  0.4468
  389   788      0.3354   0.2079    0.2079   0.2165   0.0000  0.0000  0.4469
  390   789      0.3358   0.2082    0.2082   0.2160   0.0000  0.0000  0.4470
  391   790      0.3362   0.2084    0.2084   0.2154   0.0000  0.0000  0.4472
  392   791      0.3365   0.2086    0.2086   0.2149   0.0000  0.0000  0.4473
  393   792      0.3369   0.2088    0.2088   0.2144   0.0000  0.0000  0.4475
  394   793      0.3373   0.2090    0.2090   0.2139   0.0000  0.0000  0.4476
  395   794      0.3377   0.2092    0.2092   0.2134   0.0000  0.0000  0.4477
  396   795      0.3381   0.2094    0.2094   0.2129   0.0000  0.0000  0.4478
  397   796      0.3384   0.2096    0.2096   0.2124   0.0000  0.0000  0.4479
  398   797      0.3388   0.2098    0.2098   0.2119   0.0000  0.0000  0.4480
  399   798      0.3392   0.2100    0.2100   0.2114   0.0000  0.0000  0.4482
  400   799      0.3396   0.2103    0.2103   0.2109   0.0000  0.0000  0.4483
  401   800      0.3400   0.2105    0.2105   0.2103   0.0000  0.0000  0.4484
  402   801      0.3403   0.2106    0.2106   0.2099   0.0000  0.0000  0.4485
  403   802      0.3406   0.2108    0.2108   0.2095   0.0000  0.0000  0.4486
  404   803      0.3410   0.2111    0.2111   0.2090   0.0000  0.0000  0.4487
  405   804      0.3414   0.2113    0.2113   0.2085   0.0000  0.0000  0.4488
  406   805      0.3418   0.2115    0.2115   0.2081   0.0000  0.0000  0.4489
  407   806      0.3421   0.2117    0.2117   0.2077   0.0000  0.0000  0.4490
  408   807      0.3425   0.2119    0.2119   0.2072   0.0000  0.0000  0.4491
  409   808      0.3428   0.2121    0.2121   0.2067   0.0000  0.0000  0.4492
  410   809      0.3432   0.2122    0.2122   0.2063   0.0000  0.0000  0.4493
  411   810      0.3435   0.2124    0.2124   0.2058   0.0000  0.0000  0.4494
  412   811      0.3438   0.2126    0.2126   0.2054   0.0000  0.0000  0.4495
  413   812      0.3441   0.2128    0.2128   0.2051   0.0000  0.0000  0.4496
  414   813      0.3444   0.2129    0.2129   0.2047   0.0000  0.0000  0.4496
  415   814      0.3447   0.2131    0.2131   0.2043   0.0000  0.0000  0.4497
  416   815      0.3449   0.2133    0.2133   0.2040   0.0000  0.0000  0.4498
  417   816      0.3452   0.2134    0.2134   0.2036   0.0000  0.0000  0.4499
  418   817      0.3455   0.2136    0.2136   0.2033   0.0000  0.0000  0.4499
  419   818      0.3458   0.2138    0.2138   0.2029   0.0000  0.0000  0.4500
  420   819      0.3461   0.2140    0.2140   0.2025   0.0000  0.0000  0.4500
  421   820      0.3464   0.2142    0.2142   0.2022   0.0000  0.0000  0.4501
  422   821      0.3467   0.2143    0.2143   0.2019   0.0000  0.0000  0.4501
  423   822      0.3469   0.2144    0.2144   0.2017   0.0000  0.0000  0.4501
  424   823      0.3471   0.2146    0.2146   0.2014   0.0000  0.0000  0.4502
  425   824      0.3474   0.2147    0.2147   0.2011   0.0000  0.0000  0.4502
  426   825      0.3476   0.2149    0.2149   0.2009   0.0000  0.0000  0.4502
  427   826      0.3477   0.2150    0.2150   0.2009   0.0000  0.0000  0.4501
  428   827      0.3479   0.2151    0.2151   0.2006   0.0000  0.0000  0.4502
  429   828      0.3481   0.2153    0.2153   0.2004   0.0000  0.0000  0.4502
  430   829      0.3482   0.2153    0.2153   0.2004   0.0000  0.0000  0.4501
  431   830      0.3483   0.2155    0.2155   0.2002   0.0000  0.0000  0.4501
  432   831      0.3485   0.2156    0.2156   0.2001   0.0000  0.0000  0.4501
  433   832      0.3486   0.2157    0.2157   0.2000   0.0000  0.0000  0.4501
  434   833      0.3487   0.2158    0.2158   0.2000   0.0000  0.0000  0.4500
  435   834      0.3489   0.2160    0.2160   0.1998   0.0000  0.0000  0.4500
  436   835      0.3491   0.2161    0.2161   0.1995   0.0000  0.0000  0.4500
  437   836      0.3493   0.2162    0.2162   0.1994   0.0000  0.0000  0.4500
  438   837      0.3495   0.2164    0.2164   0.1991   0.0000  0.0000  0.4500
  439   838      0.3497   0.2165    0.2165   0.1989   0.0000  0.0000  0.4500
  440   839      0.3500   0.2167    0.2167   0.1986   0.0000  0.0000  0.4500
  441   840      0.3502   0.2168    0.2168   0.1984   0.0000  0.0000  0.4500
  442   841      0.3504   0.2169    0.2169   0.1981   0.0000  0.0000  0.4501
  443   842      0.3506   0.2171    0.2171   0.1979   0.0000  0.0000  0.4501
  444   843      0.3508   0.2172    0.2172   0.1977   0.0000  0.0000  0.4501
  445   844      0.3510   0.2173    0.2173   0.1974   0.0000  0.0000  0.4502
  446   845      0.3512   0.2175    0.2175   0.1972   0.0000  0.0000  0.4502
  447   846      0.3515   0.2176    0.2176   0.1970   0.0000  0.0000  0.4502
  448   847      0.3517   0.2177    0.2177   0.1967   0.0000  0.0000  0.4503
  449   848      0.3519   0.2179    0.2179   0.1964   0.0000  0.0000  0.4503
  450   849      0.3521   0.2180    0.2180   0.1962   0.0000  0.0000  0.4503
  451   850      0.3523   0.2182    0.2182   0.1959   0.0000  0.0000  0.4503
  452   851      0.3525   0.2183    0.2183   0.1957   0.0000  0.0000  0.4503
  453   852      0.3527   0.2185    0.2185   0.1955   0.0000  0.0000  0.4503
  454   853      0.3529   0.2186    0.2186   0.1953   0.0000  0.0000  0.4503
  455   854      0.3531   0.2187    0.2187   0.1951   0.0000  0.0000  0.4504
  456   855      0.3533   0.2188    0.2188   0.1949   0.0000  0.0000  0.4504
  457   856      0.3535   0.2190    0.2190   0.1947   0.0000  0.0000  0.4504
  458   857      0.3537   0.2191    0.2191   0.1945   0.0000  0.0000  0.4504
  459   858      0.3539   0.2192    0.2192   0.1942   0.0000  0.0000  0.4504
  460   859      0.3541   0.2193    0.2193   0.1941   0.0000  0.0000  0.4504
  461   860      0.3543   0.2195    0.2195   0.1939   0.0000  0.0000  0.4504
  462   861      0.3545   0.2196    0.2196   0.1937   0.0000  0.0000  0.4505
  463   862      0.3546   0.2197    0.2197   0.1935   0.0000  0.0000  0.4505
  464   863      0.3548   0.2198    0.2198   0.1933   0.0000  0.0000  0.4505
  465   864      0.3550   0.2199    0.2199   0.1931   0.0000  0.0000  0.4505
  466   865      0.3551   0.2201    0.2201   0.1930   0.0000  0.0000  0.4504
  467   866      0.3553   0.2202    0.2202   0.1929   0.0000  0.0000  0.4504
  468   867      0.3554   0.2203    0.2203   0.1927   0.0000  0.0000  0.4504
  469   868      0.3556   0.2205    0.2205   0.1925   0.0000  0.0000  0.4504
  470   869      0.3558   0.2206    0.2206   0.1923   0.0000  0.0000  0.4504
  471   870      0.3560   0.2207    0.2207   0.1922   0.0000  0.0000  0.4504
  472   871      0.3561   0.2208    0.2208   0.1921   0.0000  0.0000  0.4503
  473   872      0.3562   0.2209    0.2209   0.1920   0.0000  0.0000  0.4503
  474   873      0.3564   0.2210    0.2210   0.1919   0.0000  0.0000  0.4503
  475   874      0.3565   0.2211    0.2211   0.1918   0.0000  0.0000  0.4503
  476   875      0.3566   0.2212    0.2212   0.1917   0.0000  0.0000  0.4503
  477   876      0.3567   0.2213    0.2213   0.1916   0.0000  0.0000  0.4502
  478   877      0.3568   0.2214    0.2214   0.1915   0.0000  0.0000  0.4502
  479   878      0.3569   0.2215    0.2215   0.1913   0.0000  0.0000  0.4502
  480   879      0.3571   0.2216    0.2216   0.1912   0.0000  0.0000  0.4502
  481   880      0.3572   0.2216    0.2216   0.1912   0.0000  0.0000  0.4501
  482   881      0.3573   0.2217    0.2217   0.1911   0.0000  0.0000  0.4501
  483   882      0.3574   0.2218    0.2218   0.1910   0.0000  0.0000  0.4501
  484   883      0.3575   0.2219    0.2219   0.1910   0.0000  0.0000  0.4500
  485   884      0.3576   0.2220    0.2220   0.1909   0.0000  0.0000  0.4500
  486   885      0.3577   0.2221    0.2221   0.1908   0.0000  0.0000  0.4499
  487   886      0.3579   0.2223    0.2223   0.1907   0.0000  0.0000  0.4499
  488   887      0.3580   0.2224    0.2224   0.1907   0.0000  0.0000  0.4498
  489   888      0.3581   0.2224    0.2224   0.1906   0.0000  0.0000  0.4498
  490   889      0.3582   0.2225    0.2225   0.1906   0.0000  0.0000  0.4498
  491   890      0.3583   0.2226    0.2226   0.1905   0.0000  0.0000  0.4497
  492   891      0.3583   0.2227    0.2227   0.1905   0.0000  0.0000  0.4497
  493   892      0.3584   0.2228    0.2228   0.1905   0.0000  0.0000  0.4496
  494   893      0.3585   0.2229    0.2229   0.1904   0.0000  0.0000  0.4496
  495   894      0.3586   0.2229    0.2229   0.1903   0.0000  0.0000  0.4496
  496   895      0.3587   0.2230    0.2230   0.1902   0.0000  0.0000  0.4495
  497   896      0.3588   0.2231    0.2231   0.1903   0.0000  0.0000  0.4494
  498   897      0.3589   0.2232    0.2232   0.1902   0.0000  0.0000  0.4494
  499   898      0.3590   0.2232    0.2232   0.1901   0.0000  0.0000  0.4494
  500   899      0.3590   0.2233    0.2233   0.1902   0.0000  0.0000  0.4493
  501   900      0.3591   0.2235    0.2235   0.1901   0.0000  0.0000  0.4492
  502   901      0.3592   0.2236    0.2236   0.1901   0.0000  0.0000  0.4491
  503   902      0.3592   0.2236    0.2236   0.1902   0.0000  0.0000  0.4490
  504   903      0.3592   0.2236    0.2236   0.1903   0.0000  0.0000  0.4490
  505   904      0.3593   0.2237    0.2237   0.1902   0.0000  0.0000  0.4489
  506   905      0.3594   0.2238    0.2238   0.1902   0.0000  0.0000  0.4489
  507   906      0.3594   0.2238    0.2238   0.1902   0.0000  0.0000  0.4488
  508   907      0.3594   0.2239    0.2239   0.1903   0.0000  0.0000  0.4487
  509   908      0.3594   0.2239    0.2239   0.1904   0.0000  0.0000  0.4486
  510   909      0.3595   0.2240    0.2240   0.1904   0.0000  0.0000  0.4486
  511   910      0.3595   0.2241    0.2241   0.1904   0.0000  0.0000  0.4485
  512   911      0.3595   0.2241    0.2241   0.1905   0.0000  0.0000  0.4484
  513   912      0.3595   0.2241    0.2241   0.1907   0.0000  0.0000  0.4483
  514   913      0.3595   0.2242    0.2242   0.1909   0.0000  0.0000  0.4481
  515   914      0.3595   0.2243    0.2243   0.1909   0.0000  0.0000  0.4481
  516   915      0.3596   0.2243    0.2243   0.1909   0.0000  0.0000  0.4480
  517   916      0.3595   0.2244    0.2244   0.1911   0.0000  0.0000  0.4478
  518   917      0.3593   0.2243    0.2243   0.1916   0.0000  0.0000  0.4476
  519   918      0.3593   0.2244    0.2244   0.1919   0.0000  0.0000  0.4474
  520   919      0.3593   0.2245    0.2245   0.1920   0.0000  0.0000  0.4472
  521   920      0.3593   0.2245    0.2245   0.1921   0.0000  0.0000  0.4471
  522   921      0.3591   0.2245    0.2245   0.1925   0.0000  0.0000  0.4469
  523   922      0.3587   0.2243    0.2243   0.1933   0.0000  0.0000  0.4466
  524   923      0.3584   0.2243    0.2243   0.1937   0.0000  0.0000  0.4464
  525   924      0.3583   0.2242    0.2242   0.1941   0.0000  0.0000  0.4462
  526   925      0.3581   0.2242    0.2242   0.1945   0.0000  0.0000  0.4460
  527   926      0.3579   0.2242    0.2242   0.1950   0.0000  0.0000  0.4457
  528   927      0.3577   0.2242    0.2242   0.1953   0.0000  0.0000  0.4455
  529   928      0.3573   0.2241    0.2241   0.1961   0.0000  0.0000  0.4451
  530   929      0.3566   0.2238    0.2238   0.1974   0.0000  0.0000  0.4446
  531   930      0.3561   0.2237    0.2237   0.1983   0.0000  0.0000  0.4442
  532   931      0.3559   0.2236    0.2236   0.1988   0.0000  0.0000  0.4439
  533   932      0.3556   0.2236    0.2236   0.1995   0.0000  0.0000  0.4435
  534   933      0.3552   0.2235    0.2235   0.2003   0.0000  0.0000  0.4432
  535   934      0.3550   0.2235    0.2235   0.2008   0.0000  0.0000  0.4428
  536   935      0.3545   0.2234    0.2234   0.2017   0.0000  0.0000  0.4424
  537   936      0.3537   0.2231    0.2231   0.2033   0.0000  0.0000  0.4417
  538   937      0.3530   0.2229    0.2229   0.2045   0.0000  0.0000  0.4412
  539   938      0.3525   0.2227    0.2227   0.2054   0.0000  0.0000  0.4408
  540   939      0.3522   0.2226    0.2226   0.2060   0.0000  0.0000  0.4405
  541   940      0.3513   0.2224    0.2224   0.2074   0.0000  0.0000  0.4399
  542   941      0.3499   0.2219    0.2219   0.2098   0.0000  0.0000  0.4389
  543   942      0.3492   0.2216    0.2216   0.2112   0.0000  0.0000  0.4383
  544   943      0.3487   0.2214    0.2214   0.2121   0.0000  0.0000  0.4379
  545   944      0.3479   0.2212    0.2212   0.2134   0.0000  0.0000  0.4374
  546   945      0.3470   0.2209    0.2209   0.2150   0.0000  0.0000  0.4367
  547   946      0.3462   0.2206    0.2206   0.2165   0.0000  0.0000  0.4360
  548   947      0.3456   0.2204    0.2204   0.2178   0.0000  0.0000  0.4354
  549   948      0.3449   0.2203    0.2203   0.2190   0.0000  0.0000  0.4349
  550   949      0.3435   0.2198    0.2198   0.2215   0.0000  0.0000  0.4338
  551   950      0.3409   0.2188    0.2188   0.2259   0.0000  0.0000  0.4320
  552   951      0.3394   0.2183    0.2183   0.2286   0.0000  0.0000  0.4308
  553   952      0.3384   0.2180    0.2180   0.2305   0.0000  0.0000  0.4300
  554   953      0.3369   0.2174    0.2174   0.2330   0.0000  0.0000  0.4290
  555   954      0.3353   0.2168    0.2168   0.2357   0.0000  0.0000  0.4279
  556   955      0.3339   0.2162    0.2162   0.2381   0.0000  0.0000  0.4269
  557   956      0.3327   0.2158    0.2158   0.2403   0.0000  0.0000  0.4260
  558   957      0.3315   0.2153    0.2153   0.2423   0.0000  0.0000  0.4252
  559   958      0.3305   0.2150    0.2150   0.2439   0.0000  0.0000  0.4245
  560   959      0.3298   0.2147    0.2147   0.2452   0.0000  0.0000  0.4240
  561   960      0.3289   0.2144    0.2144   0.2468   0.0000  0.0000  0.4233
  562   961      0.3277   0.2139    0.2139   0.2489   0.0000  0.0000  0.4224
  563   962      0.3272   0.2138    0.2138   0.2499   0.0000  0.0000  0.4219
  564   963      0.3271   0.2139    0.2139   0.2502   0.0000  0.0000  0.4217
  565   964      0.3270   0.2139    0.2139   0.2506   0.0000  0.0000  0.4214
  566   965      0.3267   0.2138    0.2138   0.2511   0.0000  0.0000  0.4212
  567   966      0.3265   0.2137    0.2137   0.2514   0.0000  0.0000  0.4211
  568   967      0.3264   0.2137    0.2137   0.2517   0.0000  0.0000  0.4209
  569   968      0.3264   0.2138    0.2138   0.2519   0.0000  0.0000  0.4208
  570   969      0.3264   0.2138    0.2138   0.2520   0.0000  0.0000  0.4207
  571   970      0.3263   0.2138    0.2138   0.2521   0.0000  0.0000  0.4206
  572   971      0.3262   0.2138    0.2138   0.2522   0.0000  0.0000  0.4205
  573   972      0.3262   0.2137    0.2137   0.2524   0.0000  0.0000  0.4205
  574   973      0.3261   0.2137    0.2137   0.2525   0.0000  0.0000  0.4205
  575   974      0.3260   0.2136    0.2136   0.2527   0.0000  0.0000  0.4203
  576   975      0.3260   0.2137    0.2137   0.2527   0.0000  0.0000  0.4203
  577   976      0.3265   0.2143    0.2143   0.2528   0.0000  0.0000  0.4197
  578   977      0.3266   0.2144    0.2144   0.2527   0.0000  0.0000  0.4196
  579   978      0.3268   0.2146    0.2146   0.2526   0.0000  0.0000  0.4196
  580   979      0.3271   0.2147    0.2147   0.2523   0.0000  0.0000  0.4197
  581   980      0.3273   0.2148    0.2148   0.2519   0.0000  0.0000  0.4198
  582   981      0.3275   0.2149    0.2149   0.2516   0.0000  0.0000  0.4199
  583   982      0.3277   0.2150    0.2150   0.2513   0.0000  0.0000  0.4200
  584   983      0.3280   0.2151    0.2151   0.2509   0.0000  0.0000  0.4201
  585   984      0.3283   0.2153    0.2153   0.2504   0.0000  0.0000  0.4203
  586   985      0.3286   0.2154    0.2154   0.2500   0.0000  0.0000  0.4204
  587   986      0.3290   0.2156    0.2156   0.2494   0.0000  0.0000  0.4206
  588   987      0.3294   0.2159    0.2159   0.2489   0.0000  0.0000  0.4207
  589   988      0.3298   0.2160    0.2160   0.2482   0.0000  0.0000  0.4209
  590   989      0.3301   0.2162    0.2162   0.2477   0.0000  0.0000  0.4211
  591   990      0.3306   0.2164    0.2164   0.2471   0.0000  0.0000  0.4213
  592   991      0.3311   0.2167    0.2167   0.2463   0.0000  0.0000  0.4216
  593   992      0.3316   0.2169    0.2169   0.2455   0.0000  0.0000  0.4218
  594   993      0.3320   0.2171    0.2171   0.2449   0.0000  0.0000  0.4220
  595   994      0.3324   0.2173    0.2173   0.2443   0.0000  0.0000  0.4222
  596   995      0.3329   0.2175    0.2175   0.2436   0.0000  0.0000  0.4224
  597   996      0.3335   0.2178    0.2178   0.2427   0.0000  0.0000  0.4227
  598   997      0.3340   0.2181    0.2181   0.2419   0.0000  0.0000  0.4229
  599   998      0.3346   0.2183    0.2183   0.2412   0.0000  0.0000  0.4231
  600   999      0.3351   0.2186    0.2186   0.2404   0.0000  0.0000  0.4234
  601  1000      0.4578   0.2474    0.2474   0.0009   0.0000  0.0000  0.5361
  602  1000      0.6063   0.4250    0.4250   0.0008   0.0000  0.0000  0.3814
 