   No. Wave(nm)    Alb    Rf_Nadir  Rf_view  Abs_gr   Abs_sn  Abs_bk  Abs_soil
    1   599      0.0172   0.0407    0.0407   0.4324   0.0000  0.0000  0.5504
    2   600      0.0465   0.0747    0.0747   0.3777   0.0000  0.0000  0.5758
    3   601      0.0463   0.0745    0.0745   0.3781   0.0000  0.0000  0.5756
    4   602      0.0461   0.0743    0.0743   0.3785   0.0000  0.0000  0.5753
    5   603      0.0460   0.0742    0.0742   0.3790   0.0000  0.0000  0.5750
    6   604      0.0458   0.0740    0.0740   0.3796   0.0000  0.0000  0.5747
    7   605      0.0455   0.0738    0.0738   0.3801   0.0000  0.0000  0.5743
    8   606      0.0453   0.0736    0.0736   0.3807   0.0000  0.0000  0.5739
    9   607      0.0450   0.0734    0.0734   0.3814   0.0000  0.0000  0.5735
   10   608      0.0447   0.0731    0.0731   0.3821   0.0000  0.0000  0.5731
   11   609      0.0444   0.0728    0.0728   0.3829   0.0000  0.0000  0.5727
   12   610      0.0441   0.0724    0.0724   0.3837   0.0000  0.0000  0.5722
   13   611      0.0438   0.0721    0.0721   0.3844   0.0000  0.0000  0.5718
   14   612      0.0435   0.0719    0.0719   0.3852   0.0000  0.0000  0.5713
   15   613      0.0431   0.0716    0.0716   0.3860   0.0000  0.0000  0.5708
   16   614      0.0428   0.0713    0.0713   0.3868   0.0000  0.0000  0.5704
   17   615      0.0425   0.0709    0.0709   0.3876   0.0000  0.0000  0.5700
   18   616      0.0422   0.0706    0.0706   0.3883   0.0000  0.0000  0.5695
   19   617      0.0419   0.0705    0.0705   0.3890   0.0000  0.0000  0.5690
   20   618      0.0417   0.0703    0.0703   0.3897   0.0000  0.0000  0.5686
   21   619      0.0415   0.0702    0.0702   0.3903   0.0000  0.0000  0.5681
   22   620      0.0413   0.0701    0.0701   0.3909   0.0000  0.0000  0.5678
   23   621      0.0412   0.0700    0.0700   0.3914   0.0000  0.0000  0.5674
   24   622      0.0411   0.0699    0.0699   0.3918   0.0000  0.0000  0.5671
   25   623      0.0410   0.0699    0.0699   0.3922   0.0000  0.0000  0.5668
   26   624      0.0409   0.0700    0.0700   0.3926   0.0000  0.0000  0.5665
   27   625      0.0409   0.0701    0.0701   0.3929   0.0000  0.0000  0.5662
   28   626      0.0409   0.0702    0.0702   0.3931   0.0000  0.0000  0.5660
   29   627      0.0409   0.0703    0.0703   0.3933   0.0000  0.0000  0.5657
   30   628      0.0409   0.0704    0.0704   0.3935   0.0000  0.0000  0.5655
   31   629      0.0409   0.0705    0.0705   0.3937   0.0000  0.0000  0.5653
   32   630      0.0410   0.0706    0.0706   0.3939   0.0000  0.0000  0.5651
   33   631      0.0410   0.0707    0.0707   0.3941   0.0000  0.0000  0.5649
   34   632      0.0409   0.0708    0.0708   0.3943   0.0000  0.0000  0.5647
   35   633      0.0409   0.0708    0.0708   0.3947   0.0000  0.0000  0.5644
   36   634      0.0408   0.0708    0.0708   0.3950   0.0000  0.0000  0.5641
   37   635      0.0407   0.0707    0.0707   0.3955   0.0000  0.0000  0.5638
   38   636      0.0405   0.0706    0.0706   0.3961   0.0000  0.0000  0.5634
   39   637      0.0403   0.0705    0.0705   0.3968   0.0000  0.0000  0.5629
   40   638      0.0400   0.0703    0.0703   0.3975   0.0000  0.0000  0.5624
   41   639      0.0397   0.0700    0.0700   0.3984   0.0000  0.0000  0.5619
   42   640      0.0394   0.0698    0.0698   0.3993   0.0000  0.0000  0.5613
   43   641      0.0390   0.0695    0.0695   0.4003   0.0000  0.0000  0.5607
   44   642      0.0386   0.0692    0.0692   0.4013   0.0000  0.0000  0.5601
   45   643      0.0383   0.0689    0.0689   0.4023   0.0000  0.0000  0.5595
   46   644      0.0379   0.0686    0.0686   0.4033   0.0000  0.0000  0.5588
   47   645      0.0376   0.0683    0.0683   0.4043   0.0000  0.0000  0.5582
   48   646      0.0372   0.0681    0.0681   0.4052   0.0000  0.0000  0.5575
   49   647      0.0369   0.0679    0.0679   0.4061   0.0000  0.0000  0.5569
   50   648      0.0366   0.0677    0.0677   0.4070   0.0000  0.0000  0.5564
   51   649      0.0364   0.0675    0.0675   0.4077   0.0000  0.0000  0.5559
   52   650      0.0362   0.0674    0.0674   0.4084   0.0000  0.0000  0.5554
   53   651      0.0360   0.0674    0.0674   0.4089   0.0000  0.0000  0.5550
   54   652      0.0359   0.0674    0.0674   0.4095   0.0000  0.0000  0.5546
   55   653      0.0358   0.0674    0.0674   0.4100   0.0000  0.0000  0.5542
   56   654      0.0357   0.0673    0.0673   0.4106   0.0000  0.0000  0.5538
   57   655      0.0355   0.0673    0.0673   0.4111   0.0000  0.0000  0.5533
   58   656      0.0354   0.0672    0.0672   0.4117   0.0000  0.0000  0.5529
   59   657      0.0352   0.0672    0.0672   0.4124   0.0000  0.0000  0.5524
   60   658      0.0349   0.0671    0.0671   0.4132   0.0000  0.0000  0.5519
   61   659      0.0347   0.0669    0.0669   0.4140   0.0000  0.0000  0.5513
   62   660      0.0344   0.0668    0.0668   0.4149   0.0000  0.0000  0.5507
   63   661      0.0342   0.0667    0.0667   0.4158   0.0000  0.0000  0.5500
   64   662      0.0339   0.0665    0.0665   0.4167   0.0000  0.0000  0.5494
   65   663      0.0336   0.0664    0.0664   0.4176   0.0000  0.0000  0.5488
   66   664      0.0334   0.0663    0.0663   0.4184   0.0000  0.0000  0.5482
   67   665      0.0331   0.0661    0.0661   0.4192   0.0000  0.0000  0.5476
   68   666      0.0329   0.0660    0.0660   0.4200   0.0000  0.0000  0.5471
   69   667      0.0328   0.0660    0.0660   0.4207   0.0000  0.0000  0.5466
   70   668      0.0326   0.0660    0.0660   0.4212   0.0000  0.0000  0.5461
   71   669      0.0325   0.0661    0.0661   0.4217   0.0000  0.0000  0.5457
   72   670      0.0325   0.0662    0.0662   0.4222   0.0000  0.0000  0.5453
   73   671      0.0325   0.0663    0.0663   0.4226   0.0000  0.0000  0.5450
   74   672      0.0324   0.0664    0.0664   0.4229   0.0000  0.0000  0.5447
   75   673      0.0325   0.0665    0.0665   0.4231   0.0000  0.0000  0.5444
   76   674      0.0325   0.0667    0.0667   0.4234   0.0000  0.0000  0.5441
   77   675      0.0326   0.0670    0.0670   0.4235   0.0000  0.0000  0.5439
   78   676      0.0326   0.0672    0.0672   0.4237   0.0000  0.0000  0.5436
   79   677      0.0328   0.0674    0.0674   0.4238   0.0000  0.0000  0.5435
   80   678      0.0329   0.0677    0.0677   0.4238   0.0000  0.0000  0.5433
   81   679      0.0330   0.0679    0.0679   0.4237   0.0000  0.0000  0.5432
   82   680      0.0332   0.0682    0.0682   0.4235   0.0000  0.0000  0.5432
   83   681      0.0335   0.0687    0.0687   0.4231   0.0000  0.0000  0.5433
   84   682      0.0339   0.0692    0.0692   0.4226   0.0000  0.0000  0.5435
   85   683      0.0344   0.0698    0.0698   0.4217   0.0000  0.0000  0.5438
   86   684      0.0350   0.0705    0.0705   0.4207   0.0000  0.0000  0.5443
   87   685      0.0358   0.0714    0.0714   0.4192   0.0000  0.0000  0.5450
   88   686      0.0368   0.0725    0.0725   0.4174   0.0000  0.0000  0.5458
   89   687      0.0380   0.0739    0.0739   0.4151   0.0000  0.0000  0.5469
   90   688      0.0394   0.0755    0.0755   0.4125   0.0000  0.0000  0.5482
   91   689      0.0410   0.0774    0.0774   0.4093   0.0000  0.0000  0.5497
   92   690      0.0430   0.0796    0.0796   0.4056   0.0000  0.0000  0.5514
   93   691      0.0453   0.0821    0.0821   0.4013   0.0000  0.0000  0.5534
   94   692      0.0478   0.0850    0.0850   0.3966   0.0000  0.0000  0.5556
   95   693      0.0507   0.0883    0.0883   0.3912   0.0000  0.0000  0.5581
   96   694      0.0539   0.0920    0.0920   0.3854   0.0000  0.0000  0.5607
   97   695      0.0573   0.0959    0.0959   0.3791   0.0000  0.0000  0.5636
   98   696      0.0610   0.1002    0.1002   0.3724   0.0000  0.0000  0.5666
   99   697      0.0649   0.1046    0.1046   0.3653   0.0000  0.0000  0.5698
  100   698      0.0689   0.1093    0.1093   0.3579   0.0000  0.0000  0.5731
  101   699      0.0731   0.1141    0.1141   0.3503   0.0000  0.0000  0.5765
  102   700      0.0774   0.1191    0.1191   0.3426   0.0000  0.0000  0.5800
  103   701      0.0818   0.1241    0.1241   0.3348   0.0000  0.0000  0.5834
  104   702      0.0862   0.1291    0.1291   0.3270   0.0000  0.0000  0.5869
  105   703      0.0905   0.1340    0.1340   0.3192   0.0000  0.0000  0.5903
  106   704      0.0948   0.1389    0.1389   0.3115   0.0000  0.0000  0.5936
  107   705      0.0991   0.1438    0.1438   0.3039   0.0000  0.0000  0.5969
  108   706      0.1033   0.1485    0.1485   0.2965   0.0000  0.0000  0.6002
  109   707      0.1075   0.1532    0.1532   0.2892   0.0000  0.0000  0.6033
  110   708      0.1116   0.1578    0.1578   0.2820   0.0000  0.0000  0.6064
  111   709      0.1156   0.1623    0.1623   0.2749   0.0000  0.0000  0.6095
  112   710      0.1196   0.1667    0.1667   0.2678   0.0000  0.0000  0.6125
  113   711      0.1236   0.1711    0.1711   0.2609   0.0000  0.0000  0.6155
  114   712      0.1275   0.1753    0.1753   0.2540   0.0000  0.0000  0.6185
  115   713      0.1313   0.1795    0.1795   0.2472   0.0000  0.0000  0.6214
  116   714      0.1352   0.1837    0.1837   0.2404   0.0000  0.0000  0.6243
  117   715      0.1390   0.1878    0.1878   0.2337   0.0000  0.0000  0.6272
  118   716      0.1428   0.1918    0.1918   0.2271   0.0000  0.0000  0.6301
  119   717      0.1465   0.1958    0.1958   0.2206   0.0000  0.0000  0.6329
  120   718      0.1502   0.1997    0.1997   0.2141   0.0000  0.0000  0.6356
  121   719      0.1539   0.2036    0.2036   0.2077   0.0000  0.0000  0.6383
  122   720      0.1575   0.2074    0.2074   0.2015   0.0000  0.0000  0.6410
  123   721      0.1610   0.2111    0.2111   0.1953   0.0000  0.0000  0.6436
  124   722      0.1645   0.2147    0.2147   0.1892   0.0000  0.0000  0.6462
  125   723      0.1679   0.2182    0.2182   0.1833   0.0000  0.0000  0.6487
  126   724      0.1712   0.2216    0.2216   0.1776   0.0000  0.0000  0.6512
  127   725      0.1745   0.2249    0.2249   0.1719   0.0000  0.0000  0.6535
  128   726      0.1776   0.2281    0.2281   0.1665   0.0000  0.0000  0.6559
  129   727      0.1807   0.2312    0.2312   0.1612   0.0000  0.0000  0.6581
  130   728      0.1836   0.2342    0.2342   0.1561   0.0000  0.0000  0.6602
  131   729      0.1865   0.2371    0.2371   0.1512   0.0000  0.0000  0.6623
  132   730      0.1893   0.2399    0.2399   0.1464   0.0000  0.0000  0.6643
  133   731      0.1919   0.2425    0.2425   0.1419   0.0000  0.0000  0.6661
  134   732      0.1945   0.2451    0.2451   0.1375   0.0000  0.0000  0.6679
  135   733      0.1969   0.2476    0.2476   0.1334   0.0000  0.0000  0.6696
  136   734      0.1992   0.2499    0.2499   0.1295   0.0000  0.0000  0.6713
  137   735      0.2014   0.2521    0.2521   0.1257   0.0000  0.0000  0.6728
  138   736      0.2035   0.2542    0.2542   0.1222   0.0000  0.0000  0.6742
  139   737      0.2055   0.2562    0.2562   0.1189   0.0000  0.0000  0.6756
  140   738      0.2074   0.2581    0.2581   0.1157   0.0000  0.0000  0.6768
  141   739      0.2092   0.2599    0.2599   0.1128   0.0000  0.0000  0.6779
  142   740      0.2109   0.2616    0.2616   0.1100   0.0000  0.0000  0.6790
  143   741      0.2125   0.2632    0.2632   0.1074   0.0000  0.0000  0.6800
  144   742      0.2140   0.2647    0.2647   0.1051   0.0000  0.0000  0.6809
  145   743      0.2154   0.2661    0.2661   0.1028   0.0000  0.0000  0.6817
  146   744      0.2167   0.2674    0.2674   0.1008   0.0000  0.0000  0.6825
  147   745      0.2179   0.2686    0.2686   0.0989   0.0000  0.0000  0.6832
  148   746      0.2190   0.2698    0.2698   0.0971   0.0000  0.0000  0.6838
  149   747      0.2200   0.2709    0.2709   0.0955   0.0000  0.0000  0.6844
  150   748      0.2210   0.2719    0.2719   0.0940   0.0000  0.0000  0.6849
  151   749      0.2219   0.2729    0.2729   0.0927   0.0000  0.0000  0.6853
  152   750      0.2228   0.2737    0.2737   0.0915   0.0000  0.0000  0.6857
  153   751      0.2236   0.2746    0.2746   0.0903   0.0000  0.0000  0.6861
  154   752      0.2244   0.2755    0.2755   0.0891   0.0000  0.0000  0.6865
  155   753      0.2252   0.2763    0.2763   0.0879   0.0000  0.0000  0.6868
  156   754      0.2261   0.2772    0.2772   0.0867   0.0000  0.0000  0.6872
  157   755      0.2269   0.2781    0.2781   0.0855   0.0000  0.0000  0.6875
  158   756      0.2277   0.2790    0.2790   0.0843   0.0000  0.0000  0.6879
  159   757      0.2285   0.2799    0.2799   0.0832   0.0000  0.0000  0.6882
  160   758      0.2294   0.2808    0.2808   0.0820   0.0000  0.0000  0.6886
  161   759      0.2302   0.2816    0.2816   0.0809   0.0000  0.0000  0.6889
  162   760      0.2310   0.2825    0.2825   0.0797   0.0000  0.0000  0.6893
  163   761      0.2317   0.2833    0.2833   0.0786   0.0000  0.0000  0.6896
  164   762      0.2325   0.2841    0.2841   0.0775   0.0000  0.0000  0.6899
  165   763      0.2332   0.2849    0.2849   0.0765   0.0000  0.0000  0.6902
  166   764      0.2339   0.2857    0.2857   0.0755   0.0000  0.0000  0.6905
  167   765      0.2347   0.2864    0.2864   0.0745   0.0000  0.0000  0.6908
  168   766      0.2353   0.2871    0.2871   0.0735   0.0000  0.0000  0.6911
  169   767      0.2360   0.2879    0.2879   0.0725   0.0000  0.0000  0.6914
  170   768      0.2367   0.2886    0.2886   0.0717   0.0000  0.0000  0.6916
  171   769      0.2374   0.2894    0.2894   0.0708   0.0000  0.0000  0.6918
  172   770      0.2380   0.2900    0.2900   0.0700   0.0000  0.0000  0.6920
  173   771      0.2386   0.2907    0.2907   0.0692   0.0000  0.0000  0.6922
  174   772      0.2392   0.2914    0.2914   0.0684   0.0000  0.0000  0.6923
  175   773      0.2398   0.2921    0.2921   0.0678   0.0000  0.0000  0.6924
  176   774      0.2403   0.2926    0.2926   0.0671   0.0000  0.0000  0.6926
  177   775      0.2407   0.2932    0.2932   0.0665   0.0000  0.0000  0.6927
  178   776      0.2412   0.2937    0.2937   0.0660   0.0000  0.0000  0.6928
  179   777      0.2416   0.2942    0.2942   0.0655   0.0000  0.0000  0.6928
  180   778      0.2420   0.2947    0.2947   0.0651   0.0000  0.0000  0.6928
  181   779      0.2424   0.2951    0.2951   0.0648   0.0000  0.0000  0.6928
  182   780      0.2427   0.2955    0.2955   0.0645   0.0000  0.0000  0.6927
  183   781      0.2429   0.2959    0.2959   0.0643   0.0000  0.0000  0.6927
  184   782      0.2432   0.2962    0.2962   0.0641   0.0000  0.0000  0.6926
  185   783      0.2435   0.2966    0.2966   0.0639   0.0000  0.0000  0.6925
  186   784      0.2438   0.2970    0.2970   0.0638   0.0000  0.0000  0.6924
  187   785      0.2440   0.2974    0.2974   0.0636   0.0000  0.0000  0.6923
  188   786      0.2443   0.2977    0.2977   0.0634   0.0000  0.0000  0.6923
  189   787      0.2446   0.2981    0.2981   0.0631   0.0000  0.0000  0.6922
  190   788      0.2449   0.2985    0.2985   0.0630   0.0000  0.0000  0.6921
  191   789      0.2451   0.2989    0.2989   0.0628   0.0000  0.0000  0.6920
  192   790      0.2454   0.2993    0.2993   0.0626   0.0000  0.0000  0.6919
  193   791      0.2457   0.2996    0.2996   0.0624   0.0000  0.0000  0.6919
  194   792      0.2460   0.2999    0.2999   0.0622   0.0000  0.0000  0.6918
  195   793      0.2463   0.3003    0.3003   0.0620   0.0000  0.0000  0.6917
  196   794      0.2465   0.3007    0.3007   0.0618   0.0000  0.0000  0.6916
  197   795      0.2468   0.3010    0.3010   0.0617   0.0000  0.0000  0.6915
  198   796      0.2470   0.3013    0.3013   0.0615   0.0000  0.0000  0.6915
  199   797      0.2473   0.3017    0.3017   0.0613   0.0000  0.0000  0.6914
  200   798      0.2475   0.3021    0.3021   0.0611   0.0000  0.0000  0.6913
  201   799      0.2478   0.3024    0.3024   0.0610   0.0000  0.0000  0.6912
 