




****************************** 6s version 4.1 ****************************** *
                                                                             *
                       geometrical conditions identity                       *
                       -------------------------------                       *
                       user defined conditions                               *
                                                                             *
   month:  3 day :  21                                                       *
   solar zenith angle:   75.00 deg  solar azimuthal angle:         .00 deg   *
   view zenith angle:      .00 deg  view azimuthal angle:          .00 deg   *
   scattering angle:    105.00 deg  azimuthal angle difference:    .00 deg   *
                                                                             *
                       atmospheric model description                         *
                       -----------------------------                         *
           atmospheric model identity :                                      *
               midlatitude summer  (uh2o=2.93g/cm2,uo3=.319cm-atm)           *
           aerosols type identity :                                          *
                   Continental aerosols model                                *
           optical condition identity :                                      *
                visibility : 22.45 km  opt. thick. 550nm :  .2300            *
                                                                             *
                       spectral condition                                    *
                       ------------------                                    *
           constant                                                          *
               value of filter function :                                    *
                wl inf=  .400 mic   wl sup= 2.400 mic                        *
                                                                             *
                       target type                                           *
                       -----------                                           *
           homogeneous ground                                                *
             constant reflectance over the spectra   .250                    *
                                                                             *
                       target elevation description                          *
                       ----------------------------                          *
           ground pressure  [mb] 1013.00                                     *
           ground altitude  [km]  .000                                       *
                                                                             *
                        atmospheric correction activated                     *
                        --------------------------------                     *
           input measured radiance [w/m2/sr/mic]    .250                     *
                                                                             *
******************************************************************************



 wave   total  total  total  total  atm.   swl    step   sbor   dsol   toar  *
        gas    scat   scat   spheri intr                                     *
        trans  down   up     albedo refl                                     *
 .4000 1.0000  .4722  .7845  .2567  .2492 1628.2  .0025  .5000 1.0088  .3482 *
 .4025 1.0000  .4755  .7871  .2532  .2454 1645.4  .0025 1.0000 1.0088  .3453 *
 .4050 1.0000  .4787  .7897  .2498  .2417 1662.5  .0025 1.0000 1.0088  .3425 *
 .4075 1.0000  .4819  .7923  .2464  .2381 1691.9  .0025 1.0000 1.0088  .3399 *
 .4100 1.0000  .4852  .7949  .2431  .2346 1721.3  .0025 1.0000 1.0088  .3373 *
 .4125 1.0000  .4884  .7975  .2398  .2311 1760.2  .0025 1.0000 1.0088  .3347 *
 .4150 1.0000  .4916  .8001  .2366  .2278 1799.1  .0025 1.0000 1.0088  .3323 *
 .4175 1.0000  .4949  .8027  .2335  .2244 1765.5  .0025 1.0000 1.0088  .3299 *
 .4200 1.0000  .4981  .8053  .2305  .2212 1731.9  .0025 1.0000 1.0088  .3276 *
 .4225 1.0000  .5013  .8079  .2275  .2180 1720.1  .0025 1.0000 1.0088  .3254 *
 .4250 1.0000  .5046  .8105  .2245  .2149 1708.3  .0025 1.0000 1.0088  .3232 *
 .4275  .9996  .5078  .8130  .2216  .2117 1611.7  .0025 1.0000 1.0088  .3210 *
 .4300  .9990  .5111  .8156  .2188  .2086 1515.1  .0025 1.0000 1.0088  .3187 *
 .4325  .9984  .5143  .8181  .2160  .2056 1645.3  .0025 1.0000 1.0088  .3166 *
 .4350  .9978  .5176  .8207  .2132  .2026 1775.5  .0025 1.0000 1.0088  .3145 *
 .4375  .9972  .5208  .8232  .2105  .1996 1790.8  .0025 1.0000 1.0088  .3124 *
 .4400  .9966  .5241  .8257  .2079  .1968 1806.1  .0025 1.0000 1.0088  .3105 *
 .4425  .9960  .5273  .8282  .2053  .1939 1876.3  .0025 1.0000 1.0088  .3086 *
 .4450  .9955  .5306  .8308  .2028  .1912 1946.4  .0025 1.0000 1.0088  .3067 *
 .4475  .9952  .5338  .8333  .2003  .1885 2010.9  .0025 1.0000 1.0088  .3050 *
 .4500  .9951  .5371  .8358  .1978  .1859 2075.4  .0025 1.0000 1.0088  .3034 *
 .4525  .9947  .5404  .8383  .1954  .1834 2057.1  .0025 1.0000 1.0088  .3018 *
 .4550  .9939  .5436  .8407  .1930  .1808 2038.8  .0025 1.0000 1.0088  .3001 *
 .4575  .9917  .5469  .8432  .1907  .1780 2048.5  .0025 1.0000 1.0088  .2980 *
 .4600  .9895  .5501  .8457  .1884  .1752 2058.3  .0025 1.0000 1.0088  .2960 *
 .4625  .9873  .5534  .8482  .1862  .1726 2044.3  .0025 1.0000 1.0088  .2941 *
 .4650  .9886  .5567  .8506  .1840  .1705 2030.3  .0025 1.0000 1.0088  .2932 *
 .4675  .9905  .5600  .8531  .1818  .1686 2017.1  .0025 1.0000 1.0088  .2925 *
 .4700  .9891  .5632  .8555  .1797  .1662 2003.8  .0025 1.0000 1.0088  .2909 *
 .4725  .9870  .5665  .8580  .1776  .1637 2020.4  .0025 1.0000 1.0088  .2892 *
 .4750  .9836  .5698  .8604  .1755  .1611 2037.1  .0025 1.0000 1.0088  .2871 *
 .4775  .9799  .5730  .8629  .1735  .1584 2056.0  .0025 1.0000 1.0088  .2850 *
 .4800  .9758  .5763  .8653  .1715  .1557 2074.8  .0025 1.0000 1.0088  .2829 *
 .4825  .9732  .5796  .8677  .1695  .1534 1985.0  .0025 1.0000 1.0088  .2811 *
 .4850  .9712  .5829  .8701  .1676  .1511 1895.2  .0025 1.0000 1.0088  .2797 *
 .4875  .9715  .5862  .8725  .1657  .1493 1922.5  .0025 1.0000 1.0088  .2789 *
 .4900  .9724  .5889  .8742  .1639  .1475 1949.9  .0025 1.0000 1.0088  .2780 *
 .4925  .9704  .5914  .8757  .1621  .1453 1970.7  .0025 1.0000 1.0088  .2763 *
 .4950  .9681  .5940  .8772  .1603  .1432 1991.5  .0025 1.0000 1.0088  .2745 *
 .4975  .9618  .5966  .8787  .1586  .1404 1952.7  .0025 1.0000 1.0088  .2717 *
 .5000  .9554  .5991  .8802  .1569  .1377 1913.8  .0025 1.0000 1.0088  .2688 *
 .5025  .9490  .6017  .8817  .1552  .1351 1933.6  .0025 1.0000 1.0088  .2660 *
 .5050  .9426  .6043  .8832  .1535  .1325 1953.4  .0025 1.0000 1.0088  .2633 *
 .5075  .9421  .6068  .8847  .1519  .1308 1954.2  .0025 1.0000 1.0088  .2622 *
 .5100  .9418  .6094  .8862  .1503  .1291 1955.1  .0025 1.0000 1.0088  .2612 *
 .5125  .9405  .6119  .8877  .1487  .1274 1897.9  .0025 1.0000 1.0088  .2600 *
 .5150  .9392  .6145  .8891  .1472  .1256 1840.8  .0025 1.0000 1.0088  .2588 *
 .5175  .9350  .6166  .8903  .1456  .1235 1830.0  .0025 1.0000 1.0088  .2567 *
 .5200  .9303  .6188  .8914  .1440  .1213 1819.2  .0025 1.0000 1.0088  .2544 *
 .5225  .9252  .6209  .8925  .1425  .1192 1848.3  .0025 1.0000 1.0088  .2521 *
 .5250  .9200  .6231  .8937  .1410  .1170 1877.4  .0025 1.0000 1.0088  .2498 *
 .5275  .9143  .6252  .8948  .1395  .1149 1902.5  .0025 1.0000 1.0088  .2474 *
 .5300  .9078  .6273  .8959  .1381  .1127 1927.5  .0025 1.0000 1.0088  .2448 *
 .5325  .9023  .6295  .8970  .1366  .1106 1921.4  .0025 1.0000 1.0088  .2425 *
 .5350  .8993  .6316  .8981  .1352  .1089 1915.2  .0025 1.0000 1.0088  .2409 *
 .5375  .8963  .6338  .8992  .1338  .1072 1892.2  .0025 1.0000 1.0088  .2393 *
 .5400  .8933  .6359  .9004  .1324  .1056 1869.1  .0025 1.0000 1.0088  .2378 *
 .5425  .8904  .6380  .9015  .1311  .1040 1882.0  .0025 1.0000 1.0088  .2363 *
 .5450  .8867  .6401  .9026  .1297  .1023 1894.9  .0025 1.0000 1.0088  .2347 *
 .5475  .8826  .6423  .9036  .1284  .1006 1891.2  .0025 1.0000 1.0088  .2329 *
 .5500  .8783  .6444  .9047  .1271  .0989 1887.5  .0025 1.0000 1.0088  .2312 *
 .5525  .8729  .6462  .9056  .1260  .0972 1888.9  .0025 1.0000 1.0088  .2291 *
 .5550  .8676  .6481  .9064  .1248  .0956 1890.2  .0025 1.0000 1.0088  .2271 *
 .5575  .8620  .6500  .9072  .1237  .0939 1866.6  .0025 1.0000 1.0088  .2250 *
 .5600  .8564  .6518  .9081  .1226  .0923 1843.0  .0025 1.0000 1.0088  .2230 *
 .5625  .8509  .6537  .9089  .1215  .0907 1853.2  .0025 1.0000 1.0088  .2210 *
 .5650  .8457  .6555  .9097  .1204  .0891 1863.3  .0025 1.0000 1.0088  .2191 *
 .5675  .8406  .6574  .9105  .1194  .0876 1857.3  .0025 1.0000 1.0088  .2173 *
 .5700  .7788  .6592  .9113  .1183  .0839 1851.4  .0025 1.0000 1.0088  .2044 *
 .5725  .8241  .6610  .9122  .1173  .0847 1865.7  .0025 1.0000 1.0088  .2126 *
 .5750  .8040  .6629  .9130  .1163  .0828 1880.0  .0025 1.0000 1.0088  .2081 *
 .5775  .8183  .6647  .9138  .1153  .0825 1867.3  .0025 1.0000 1.0088  .2105 *
 .5800  .8308  .6665  .9146  .1143  .0823 1854.5  .0025 1.0000 1.0088  .2126 *
 .5825  .8343  .6684  .9154  .1133  .0816 1856.9  .0025 1.0000 1.0088  .2130 *
 .5850  .8353  .6702  .9162  .1123  .0809 1859.2  .0025 1.0000 1.0088  .2129 *
 .5875  .8020  .6720  .9170  .1114  .0789 1818.6  .0025 1.0000 1.0088  .2060 *
 .5900  .6170  .6738  .9178  .1104  .0706 1778.0  .0025 1.0000 1.0088  .1687 *
 .5925  .6776  .6757  .9185  .1095  .0722 1794.4  .0025 1.0000 1.0088  .1803 *
 .5950  .7086  .6775  .9193  .1086  .0726 1810.7  .0025 1.0000 1.0088  .1860 *
 .5975  .7817  .6793  .9201  .1077  .0744 1793.1  .0025 1.0000 1.0088  .1999 *
 .6000  .8267  .6811  .9209  .1068  .0750 1775.4  .0025 1.0000 1.0088  .2082 *
 .6025  .8200  .6829  .9217  .1059  .0737 1780.2  .0025 1.0000 1.0088  .2062 *
 .6050  .8235  .6847  .9225  .1050  .0732 1785.0  .0025 1.0000 1.0088  .2068 *
 .6075  .8270  .6865  .9232  .1041  .0728 1768.9  .0025 1.0000 1.0088  .2073 *
 .6100  .8306  .6883  .9240  .1033  .0724 1752.7  .0025 1.0000 1.0088  .2079 *
 .6125  .8354  .6901  .9248  .1024  .0720 1728.2  .0025 1.0000 1.0088  .2088 *
 .6150  .8401  .6919  .9255  .1016  .0717 1703.6  .0025 1.0000 1.0088  .2097 *
 .6175  .8448  .6937  .9263  .1008  .0714 1717.8  .0025 1.0000 1.0088  .2106 *
 .6200  .8486  .6955  .9271  .1000  .0710 1732.0  .0025 1.0000 1.0088  .2113 *
 .6225  .8525  .6973  .9278  .0992  .0706 1710.9  .0025 1.0000 1.0088  .2120 *
 .6250  .8563  .6990  .9286  .0984  .0702 1689.9  .0025 1.0000 1.0088  .2127 *
 .6275  .8308  .7008  .9293  .0976  .0687 1686.7  .0025 1.0000 1.0088  .2074 *
 .6300  .8090  .7026  .9301  .0968  .0660 1683.5  .0025 1.0000 1.0088  .2014 *
 .6325  .8276  .7044  .9308  .0960  .0674 1678.2  .0025 1.0000 1.0088  .2064 *
 .6350  .8591  .7058  .9314  .0953  .0683 1672.8  .0025 1.0000 1.0088  .2130 *
 .6375  .8706  .7071  .9318  .0946  .0684 1662.2  .0025 1.0000 1.0088  .2152 *
 .6400  .8842  .7084  .9323  .0938  .0685 1651.6  .0025 1.0000 1.0088  .2180 *
 .6425  .8811  .7097  .9328  .0931  .0679 1644.3  .0025 1.0000 1.0088  .2172 *
 .6450  .8714  .7110  .9333  .0924  .0671 1637.0  .0025 1.0000 1.0088  .2151 *
 .6475  .8023  .7122  .9337  .0917  .0641 1620.1  .0025 1.0000 1.0088  .2006 *
 .6500  .8687  .7135  .9342  .0910  .0661 1603.3  .0025 1.0000 1.0088  .2142 *
 .6525  .8315  .7148  .9346  .0903  .0642 1565.9  .0025 1.0000 1.0088  .2063 *
 .6550  .8365  .7161  .9351  .0897  .0639 1528.5  .0025 1.0000 1.0088  .2072 *
 .6575  .8350  .7174  .9356  .0890  .0634 1542.3  .0025 1.0000 1.0088  .2067 *
 .6600  .9076  .7187  .9360  .0883  .0656 1556.1  .0025 1.0000 1.0088  .2216 *
 .6625  .9150  .7199  .9365  .0877  .0653 1562.5  .0025 1.0000 1.0088  .2230 *
 .6650  .9261  .7212  .9369  .0870  .0653 1568.9  .0025 1.0000 1.0088  .2252 *
 .6675  .9298  .7225  .9374  .0864  .0649 1558.0  .0025 1.0000 1.0088  .2258 *
 .6700  .9336  .7237  .9379  .0857  .0646 1547.1  .0025 1.0000 1.0088  .2265 *
 .6725  .9374  .7250  .9383  .0851  .0643 1538.6  .0025 1.0000 1.0088  .2272 *
 .6750  .9412  .7263  .9388  .0845  .0640 1530.2  .0025 1.0000 1.0088  .2278 *
 .6775  .9444  .7275  .9392  .0839  .0636 1521.1  .0025 1.0000 1.0088  .2284 *
 .6800  .9463  .7288  .9396  .0833  .0632 1512.1  .0025 1.0000 1.0088  .2287 *
 .6825  .9473  .7300  .9401  .0827  .0628 1497.1  .0025 1.0000 1.0088  .2287 *
 .6850  .9504  .7313  .9405  .0821  .0624 1482.1  .0025 1.0000 1.0088  .2293 *
 .6875  .5354  .7325  .9410  .0815  .0348 1477.1  .0025 1.0000 1.0088  .1290 *
 .6900  .7934  .7338  .9414  .0809  .0512 1472.2  .0025 1.0000 1.0088  .1911 *
 .6925  .8466  .7350  .9419  .0804  .0556 1461.4  .0025 1.0000 1.0088  .2051 *
 .6950  .6623  .7361  .9422  .0798  .0505 1450.7  .0025 1.0000 1.0088  .1677 *
 .6975  .9143  .7370  .9425  .0792  .0588 1435.6  .0025 1.0000 1.0088  .2208 *
 .7000  .7973  .7379  .9428  .0787  .0543 1420.6  .0025 1.0000 1.0088  .1958 *
 .7025  .8635  .7389  .9430  .0781  .0561 1419.9  .0025 1.0000 1.0088  .2096 *
 .7050  .9028  .7398  .9433  .0776  .0570 1419.2  .0025 1.0000 1.0088  .2176 *
 .7075  .8739  .7407  .9435  .0770  .0556 1410.1  .0025 1.0000 1.0088  .2112 *
 .7100  .8905  .7416  .9438  .0765  .0557 1401.0  .0025 1.0000 1.0088  .2145 *
 .7125  .9264  .7425  .9441  .0759  .0564 1390.6  .0025 1.0000 1.0088  .2219 *
 .7150  .8332  .7434  .9443  .0754  .0528 1380.2  .0025 1.0000 1.0088  .2019 *
 .7175  .4924  .7442  .9446  .0749  .0411 1364.0  .0025 1.0000 1.0088  .1293 *
 .7200  .4115  .7451  .9448  .0744  .0381 1347.8  .0025 1.0000 1.0088  .1119 *
 .7225  .9012  .7460  .9451  .0739  .0538 1355.7  .0025 1.0000 1.0088  .2156 *
 .7250  .5854  .7469  .9453  .0734  .0431 1363.6  .0025 1.0000 1.0088  .1483 *
 .7275  .5624  .7478  .9456  .0729  .0419 1351.3  .0025 1.0000 1.0088  .1432 *
 .7300  .6508  .7487  .9459  .0724  .0444 1339.1  .0025 1.0000 1.0088  .1617 *
 .7325  .7624  .7496  .9461  .0719  .0476 1332.3  .0025 1.0000 1.0088  .1852 *
 .7350  .7567  .7504  .9464  .0714  .0470 1325.5  .0025 1.0000 1.0088  .1838 *
 .7375  .8800  .7513  .9466  .0709  .0505 1306.3  .0025 1.0000 1.0088  .2098 *
 .7400  .8526  .7522  .9469  .0704  .0492 1287.1  .0025 1.0000 1.0088  .2037 *
 .7425  .9239  .7531  .9471  .0700  .0511 1292.2  .0025 1.0000 1.0088  .2187 *
 .7450  .9791  .7539  .9474  .0695  .0524 1297.2  .0025 1.0000 1.0088  .2303 *
 .7475  .9829  .7548  .9476  .0690  .0521 1289.2  .0025 1.0000 1.0088  .2309 *
 .7500  .9849  .7557  .9479  .0686  .0517 1281.3  .0025 1.0000 1.0088  .2312 *
 .7525  .9858  .7565  .9481  .0681  .0514 1274.8  .0025 1.0000 1.0088  .2312 *
 .7550  .9867  .7574  .9483  .0677  .0510 1268.2  .0025 1.0000 1.0088  .2312 *
 .7575  .9876  .7583  .9486  .0672  .0506 1260.8  .0025 1.0000 1.0088  .2313 *
 .7600  .1136  .7591  .9488  .0668  .0058 1253.3  .0025 1.0000 1.0088  .0266 *
 .7625  .3946  .7600  .9491  .0664  .0199 1242.1  .0025 1.0000 1.0088  .0923 *
 .7650  .5264  .7608  .9493  .0659  .0263 1230.9  .0025 1.0000 1.0088  .1230 *
 .7675  .8729  .7617  .9496  .0655  .0433 1222.8  .0025 1.0000 1.0088  .2038 *
 .7700  .9708  .7626  .9498  .0651  .0478 1214.7  .0025 1.0000 1.0088  .2265 *
 .7725  .9899  .7634  .9500  .0647  .0484 1212.2  .0025 1.0000 1.0088  .2308 *
 .7750  .9973  .7643  .9503  .0642  .0483 1209.8  .0025 1.0000 1.0088  .2324 *
 .7775  .9996  .7651  .9505  .0638  .0481 1205.3  .0025 1.0000 1.0088  .2328 *
 .7800  .9991  .7659  .9508  .0634  .0477 1200.7  .0025 1.0000 1.0088  .2325 *
 .7825 1.0000  .7668  .9510  .0630  .0473 1195.9  .0025 1.0000 1.0088  .2326 *
 .7850  .9926  .7676  .9512  .0626  .0468 1191.0  .0025 1.0000 1.0088  .2308 *
 .7875  .9160  .7685  .9515  .0622  .0442 1184.7  .0025 1.0000 1.0088  .2143 *
 .7900  .8641  .7693  .9517  .0618  .0423 1178.3  .0025 1.0000 1.0088  .2030 *
 .7925  .9458  .7702  .9519  .0615  .0443 1166.3  .0025 1.0000 1.0088  .2204 *
 .7950  .9313  .7710  .9522  .0611  .0436 1154.3  .0025 1.0000 1.0088  .2171 *
 .7975  .9457  .7718  .9524  .0607  .0436 1153.5  .0025 1.0000 1.0088  .2201 *
 .8000  .8864  .7727  .9527  .0603  .0416 1152.7  .0025 1.0000 1.0088  .2072 *
 .8025  .9366  .7735  .9529  .0599  .0427 1142.9  .0025 1.0000 1.0088  .2179 *
 .8050  .8809  .7743  .9531  .0596  .0408 1133.1  .0025 1.0000 1.0088  .2058 *
 .8075  .9615  .7751  .9533  .0592  .0428 1126.5  .0025 1.0000 1.0088  .2231 *
 .8100  .9270  .7760  .9536  .0588  .0415 1119.9  .0025 1.0000 1.0088  .2155 *
 .8125  .7292  .7768  .9538  .0585  .0357 1120.6  .0025 1.0000 1.0088  .1728 *
 .8150  .5064  .7776  .9540  .0581  .0293 1121.3  .0025 1.0000 1.0088  .1246 *
 .8175  .5858  .7784  .9543  .0578  .0312 1104.4  .0025 1.0000 1.0088  .1416 *
 .8200  .6065  .7792  .9545  .0574  .0315 1087.5  .0025 1.0000 1.0088  .1459 *
 .8225  .4137  .7801  .9547  .0571  .0260 1087.2  .0025 1.0000 1.0088  .1041 *
 .8250  .7244  .7809  .9549  .0567  .0342 1086.9  .0025 1.0000 1.0088  .1711 *
 .8275  .6227  .7817  .9552  .0564  .0312 1083.3  .0025 1.0000 1.0088  .1490 *
 .8300  .7772  .7825  .9554  .0561  .0350 1079.7  .0025 1.0000 1.0088  .1823 *
 .8325  .6084  .7833  .9556  .0557  .0303 1068.0  .0025 1.0000 1.0088  .1457 *
 .8350  .8589  .7841  .9558  .0554  .0366 1056.3  .0025 1.0000 1.0088  .1998 *
 .8375  .8594  .7849  .9561  .0551  .0364 1054.8  .0025 1.0000 1.0088  .1999 *
 .8400  .8804  .7857  .9563  .0547  .0367 1053.4  .0025 1.0000 1.0088  .2043 *
 .8425  .9828  .7865  .9565  .0544  .0390 1046.1  .0025 1.0000 1.0088  .2265 *
 .8450  .9668  .7873  .9567  .0541  .0384 1038.9  .0025 1.0000 1.0088  .2229 *
 .8475  .9823  .7881  .9570  .0538  .0385 1019.3  .0025 1.0000 1.0088  .2262 *
 .8500  .9717  .7889  .9572  .0535  .0379  999.6  .0025 1.0000 1.0088  .2238 *
 .8525  .9603  .7897  .9574  .0531  .0374  975.4  .0025 1.0000 1.0088  .2213 *
 .8550  .9853  .7905  .9576  .0528  .0377  951.2  .0025 1.0000 1.0088  .2267 *
 .8575  .9779  .7913  .9578  .0525  .0373  981.4  .0025 1.0000 1.0088  .2250 *
 .8600 1.0000  .7921  .9581  .0522  .0376 1011.7  .0025 1.0000 1.0088  .2298 *
 .8625  .9990  .7926  .9581  .0520  .0373  987.5  .0025 1.0000 1.0088  .2295 *
 .8650  .9999  .7930  .9582  .0517  .0371  963.4  .0025 1.0000 1.0088  .2296 *
 .8675  .9993  .7935  .9583  .0515  .0369  969.4  .0025 1.0000 1.0088  .2293 *
 .8700  .9999  .7939  .9584  .0512  .0367  975.4  .0025 1.0000 1.0088  .2294 *
 .8725 1.0000  .7944  .9585  .0510  .0365  991.9  .0025 1.0000 1.0088  .2293 *
 .8750  .9981  .7948  .9586  .0508  .0362 1008.5  .0025 1.0000 1.0088  .2288 *
 .8775  .9982  .7952  .9587  .0505  .0360 1000.6  .0025 1.0000 1.0088  .2287 *
 .8800  .9952  .7957  .9588  .0503  .0357  992.7  .0025 1.0000 1.0088  .2280 *
 .8825  .9753  .7961  .9589  .0500  .0351  987.6  .0025 1.0000 1.0088  .2235 *
 .8850  .9850  .7966  .9590  .0498  .0351  982.5  .0025 1.0000 1.0088  .2256 *
 .8875  .9889  .7970  .9591  .0496  .0350  977.3  .0025 1.0000 1.0088  .2263 *
 .8900  .9407  .7974  .9592  .0493  .0336  972.1  .0025 1.0000 1.0088  .2158 *
 .8925  .9673  .7979  .9593  .0491  .0341  966.6  .0025 1.0000 1.0088  .2215 *
 .8950  .6930  .7983  .9594  .0489  .0273  961.2  .0025 1.0000 1.0088  .1616 *
 .8975  .4923  .7987  .9595  .0487  .0223  956.2  .0025 1.0000 1.0088  .1178 *
 .9000  .4669  .7992  .9596  .0484  .0215  951.3  .0025 1.0000 1.0088  .1121 *
 .9025  .3932  .7996  .9597  .0482  .0196  946.2  .0025 1.0000 1.0088  .0960 *
 .9050  .6843  .8000  .9598  .0480  .0264  941.2  .0025 1.0000 1.0088  .1593 *
 .9075  .3916  .8005  .9598  .0478  .0193  936.1  .0025 1.0000 1.0088  .0954 *
 .9100  .5088  .8009  .9599  .0476  .0219  931.1  .0025 1.0000 1.0088  .1209 *
 .9125  .4478  .8013  .9600  .0473  .0203  926.2  .0025 1.0000 1.0088  .1075 *
 .9150  .3283  .8018  .9601  .0471  .0174  921.4  .0025 1.0000 1.0088  .0813 *
 .9175  .2719  .8022  .9602  .0469  .0159  916.7  .0025 1.0000 1.0088  .0689 *
 .9200  .8806  .8026  .9603  .0467  .0300  912.0  .0025 1.0000 1.0088  .2017 *
 .9225  .5095  .8030  .9604  .0465  .0212  906.9  .0025 1.0000 1.0088  .1206 *
 .9250  .5375  .8035  .9605  .0463  .0217  901.8  .0025 1.0000 1.0088  .1266 *
 .9275  .5616  .8039  .9606  .0461  .0221  897.0  .0025 1.0000 1.0088  .1318 *
 .9300  .1644  .8043  .9607  .0459  .0129  892.1  .0025 1.0000 1.0088  .0450 *
 .9325  .0479  .8047  .9608  .0457  .0101  887.5  .0025 1.0000 1.0088  .0194 *
 .9350  .0470  .8051  .9608  .0455  .0099  882.8  .0025 1.0000 1.0088  .0191 *
 .9375  .0379  .8056  .9609  .0453  .0096  877.9  .0025 1.0000 1.0088  .0171 *
 .9400  .2423  .8060  .9610  .0451  .0142  872.9  .0025 1.0000 1.0088  .0617 *
 .9425  .1687  .8064  .9611  .0449  .0124  868.5  .0025 1.0000 1.0088  .0455 *
 .9450  .0125  .8068  .9612  .0447  .0088  864.0  .0025 1.0000 1.0088  .0112 *
 .9475  .0918  .8072  .9613  .0445  .0105  859.5  .0025 1.0000 1.0088  .0285 *
 .9500  .0192  .8076  .9614  .0443  .0088  854.9  .0025 1.0000 1.0088  .0125 *
 .9525  .0843  .8081  .9615  .0441  .0101  850.4  .0025 1.0000 1.0088  .0267 *
 .9550  .0878  .8085  .9615  .0439  .0101  845.9  .0025 1.0000 1.0088  .0274 *
 .9575  .1985  .8089  .9616  .0437  .0125  841.3  .0025 1.0000 1.0088  .0515 *
 .9600  .2069  .8093  .9617  .0435  .0126  836.8  .0025 1.0000 1.0088  .0533 *
 .9625  .2475  .8097  .9618  .0433  .0134  832.2  .0025 1.0000 1.0088  .0621 *
 .9650  .1972  .8101  .9619  .0432  .0122  827.7  .0025 1.0000 1.0088  .0510 *
 .9675  .5911  .8105  .9620  .0430  .0207  823.1  .0025 1.0000 1.0088  .1372 *
 .9700  .5675  .8109  .9621  .0428  .0200  818.6  .0025 1.0000 1.0088  .1319 *
 .9725  .6086  .8113  .9622  .0426  .0208  814.1  .0025 1.0000 1.0088  .1409 *
 .9750  .5997  .8117  .9622  .0424  .0205  809.5  .0025 1.0000 1.0088  .1389 *
 .9775  .6178  .8122  .9623  .0422  .0208  805.2  .0025 1.0000 1.0088  .1428 *
 .9800  .5702  .8126  .9624  .0421  .0196  800.8  .0025 1.0000 1.0088  .1323 *
 .9825  .6490  .8130  .9625  .0419  .0212  796.7  .0025 1.0000 1.0088  .1495 *
 .9850  .6516  .8134  .9626  .0417  .0211  792.5  .0025 1.0000 1.0088  .1500 *
 .9875  .7969  .8138  .9627  .0415  .0241  788.1  .0025 1.0000 1.0088  .1818 *
 .9900  .9106  .8142  .9628  .0414  .0264  783.7  .0025 1.0000 1.0088  .2067 *
 .9925  .8906  .8146  .9628  .0412  .0259  779.7  .0025 1.0000 1.0088  .2023 *
 .9950  .9852  .8150  .9629  .0410  .0277  775.7  .0025 1.0000 1.0088  .2230 *
 .9975  .9626  .8154  .9630  .0409  .0271  771.5  .0025 1.0000 1.0088  .2180 *
1.0000  .9694  .8158  .9631  .0407  .0271  767.3  .0025 1.0000 1.0088  .2195 *
1.0025  .9314  .8162  .9632  .0405  .0262  762.7  .0025 1.0000 1.0088  .2111 *
1.0050  .9733  .8166  .9633  .0403  .0269  758.1  .0025 1.0000 1.0088  .2203 *
1.0075  .9531  .8170  .9633  .0402  .0264  753.5  .0025 1.0000 1.0088  .2158 *
1.0100  .9206  .8174  .9634  .0400  .0256  749.0  .0025 1.0000 1.0088  .2086 *
1.0125  .9718  .8177  .9635  .0399  .0265  744.7  .0025 1.0000 1.0088  .2198 *
1.0150  .9751  .8181  .9636  .0397  .0264  740.3  .0025 1.0000 1.0088  .2205 *
1.0175  .9849  .8185  .9637  .0395  .0265  736.2  .0025 1.0000 1.0088  .2226 *
1.0200  .9620  .8189  .9638  .0394  .0259  732.0  .0025 1.0000 1.0088  .2176 *
1.0225  .9814  .8193  .9638  .0392  .0262  727.6  .0025 1.0000 1.0088  .2218 *
1.0250  .9917  .8197  .9639  .0391  .0262  723.1  .0025 1.0000 1.0088  .2241 *
1.0275  .9684  .8201  .9640  .0389  .0256  719.2  .0025 1.0000 1.0088  .2189 *
1.0300  .9950  .8205  .9641  .0387  .0260  715.2  .0025 1.0000 1.0088  .2247 *
1.0325 1.0000  .8209  .9642  .0386  .0260  711.0  .0025 1.0000 1.0088  .2258 *
1.0350 1.0000  .8213  .9642  .0384  .0259  706.8  .0025 1.0000 1.0088  .2258 *
1.0375 1.0000  .8216  .9643  .0383  .0258  702.4  .0025 1.0000 1.0088  .2258 *
1.0400  .9992  .8220  .9644  .0381  .0256  697.9  .0025 1.0000 1.0088  .2256 *
1.0425 1.0000  .8224  .9645  .0380  .0255  694.0  .0025 1.0000 1.0088  .2257 *
1.0450 1.0000  .8228  .9646  .0378  .0254  690.0  .0025 1.0000 1.0088  .2257 *
1.0475 1.0000  .8232  .9646  .0377  .0253  686.0  .0025 1.0000 1.0088  .2257 *
1.0500  .9949  .8236  .9647  .0375  .0250  681.9  .0025 1.0000 1.0088  .2245 *
1.0525  .9979  .8239  .9648  .0374  .0250  677.7  .0025 1.0000 1.0088  .2252 *
1.0550  .9982  .8243  .9649  .0372  .0249  673.5  .0025 1.0000 1.0088  .2252 *
1.0575  .9985  .8247  .9650  .0371  .0248  669.0  .0025 1.0000 1.0088  .2253 *
1.0600  .9989  .8251  .9650  .0369  .0247  664.6  .0025 1.0000 1.0088  .2254 *
1.0625  .9930  .8255  .9651  .0368  .0244  661.1  .0025 1.0000 1.0088  .2240 *
1.0650  .9859  .8258  .9652  .0367  .0242  657.5  .0025 1.0000 1.0088  .2224 *
1.0675  .9735  .8262  .9653  .0365  .0238  654.8  .0025 1.0000 1.0088  .2197 *
1.0700  .9579  .8266  .9654  .0364  .0234  652.0  .0025 1.0000 1.0088  .2163 *
1.0725  .9342  .8270  .9654  .0362  .0229  649.4  .0025 1.0000 1.0088  .2110 *
1.0750  .8841  .8274  .9655  .0361  .0218  646.7  .0025 1.0000 1.0088  .2000 *
1.0775  .8469  .8277  .9656  .0359  .0210  643.6  .0025 1.0000 1.0088  .1918 *
1.0800  .8557  .8281  .9657  .0358  .0211  640.6  .0025 1.0000 1.0088  .1937 *
1.0825  .9906  .8285  .9657  .0357  .0235  637.7  .0025 1.0000 1.0088  .2234 *
1.0850  .8832  .8288  .9658  .0355  .0214  634.9  .0025 1.0000 1.0088  .1997 *
1.0875  .8723  .8292  .9659  .0354  .0211  632.2  .0025 1.0000 1.0088  .1973 *
1.0900  .7743  .8296  .9660  .0353  .0192  629.6  .0025 1.0000 1.0088  .1757 *
1.0925  .6723  .8300  .9661  .0351  .0172  626.5  .0025 1.0000 1.0088  .1531 *
1.0950  .6812  .8303  .9661  .0350  .0173  623.4  .0025 1.0000 1.0088  .1551 *
1.0975  .9094  .8307  .9662  .0349  .0214  620.6  .0025 1.0000 1.0088  .2054 *
1.1000  .7632  .8311  .9663  .0347  .0186  617.7  .0025 1.0000 1.0088  .1731 *
1.1025  .7316  .8314  .9664  .0346  .0179  615.3  .0025 1.0000 1.0088  .1661 *
1.1050  .6141  .8318  .9664  .0345  .0157  612.8  .0025 1.0000 1.0088  .1402 *
1.1075  .3968  .8322  .9665  .0344  .0117  610.1  .0025 1.0000 1.0088  .0922 *
1.1100  .3807  .8325  .9666  .0342  .0113  607.4  .0025 1.0000 1.0088  .0886 *
1.1125  .1761  .8329  .9667  .0341  .0076  604.5  .0025 1.0000 1.0088  .0433 *
1.1150  .1257  .8333  .9667  .0340  .0066  601.6  .0025 1.0000 1.0088  .0322 *
1.1175  .1457  .8336  .9668  .0338  .0069  599.1  .0025 1.0000 1.0088  .0365 *
1.1200  .0571  .8340  .9669  .0337  .0053  596.7  .0025 1.0000 1.0088  .0169 *
1.1225  .0222  .8344  .9670  .0336  .0047  594.0  .0025 1.0000 1.0088  .0092 *
1.1250  .0204  .8347  .9670  .0335  .0046  591.3  .0025 1.0000 1.0088  .0087 *
1.1275  .0397  .8351  .9671  .0333  .0049  588.4  .0025 1.0000 1.0088  .0130 *
1.1300  .2540  .8354  .9672  .0332  .0086  585.5  .0025 1.0000 1.0088  .0603 *
1.1325  .3781  .8358  .9673  .0331  .0107  583.0  .0025 1.0000 1.0088  .0878 *
1.1350  .0002  .8362  .9673  .0330  .0041  580.5  .0025 1.0000 1.0088  .0041 *
1.1375  .3351  .8365  .9674  .0329  .0099  578.0  .0025 1.0000 1.0088  .0782 *
1.1400  .2648  .8369  .9675  .0327  .0086  575.5  .0025 1.0000 1.0088  .0626 *
1.1425  .3167  .8372  .9676  .0326  .0094  573.0  .0025 1.0000 1.0088  .0741 *
1.1450  .0259  .8376  .9676  .0325  .0044  570.4  .0025 1.0000 1.0088  .0097 *
1.1475  .0828  .8379  .9677  .0324  .0053  567.9  .0025 1.0000 1.0088  .0222 *
1.1500  .0721  .8383  .9678  .0323  .0051  565.4  .0025 1.0000 1.0088  .0198 *
1.1525  .0899  .8387  .9679  .0322  .0054  562.9  .0025 1.0000 1.0088  .0238 *
1.1550  .2361  .8390  .9679  .0320  .0078  560.4  .0025 1.0000 1.0088  .0561 *
1.1575  .2164  .8394  .9680  .0319  .0074  557.9  .0025 1.0000 1.0088  .0517 *
1.1600  .2702  .8397  .9681  .0318  .0083  555.3  .0025 1.0000 1.0088  .0636 *
1.1625  .3122  .8401  .9681  .0317  .0090  552.8  .0025 1.0000 1.0088  .0729 *
1.1650  .4241  .8404  .9682  .0316  .0108  550.3  .0025 1.0000 1.0088  .0977 *
1.1675  .5776  .8408  .9683  .0315  .0133  547.7  .0025 1.0000 1.0088  .1318 *
1.1700  .6133  .8411  .9684  .0314  .0138  545.2  .0025 1.0000 1.0088  .1397 *
1.1725  .4701  .8415  .9684  .0313  .0114  542.7  .0025 1.0000 1.0088  .1079 *
1.1750  .3420  .8418  .9685  .0311  .0092  540.2  .0025 1.0000 1.0088  .0795 *
1.1775  .4726  .8422  .9686  .0310  .0113  537.9  .0025 1.0000 1.0088  .1084 *
1.1800  .6396  .8425  .9686  .0309  .0140  535.6  .0025 1.0000 1.0088  .1455 *
1.1825  .5321  .8429  .9687  .0308  .0122  533.6  .0025 1.0000 1.0088  .1216 *
1.1850  .6648  .8432  .9688  .0307  .0143  531.6  .0025 1.0000 1.0088  .1511 *
1.1875  .6887  .8436  .9689  .0306  .0146  529.4  .0025 1.0000 1.0088  .1564 *
1.1900  .6765  .8439  .9689  .0305  .0143  527.2  .0025 1.0000 1.0088  .1537 *
1.1925  .8575  .8443  .9690  .0304  .0172  524.8  .0025 1.0000 1.0088  .1939 *
1.1950  .7434  .8446  .9691  .0303  .0153  522.4  .0025 1.0000 1.0088  .1685 *
1.1975  .8069  .8449  .9691  .0302  .0162  520.0  .0025 1.0000 1.0088  .1827 *
1.2000  .6478  .8453  .9692  .0301  .0136  517.5  .0025 1.0000 1.0088  .1473 *
1.2025  .7933  .8456  .9693  .0300  .0159  514.1  .0025 1.0000 1.0088  .1796 *
1.2050  .7119  .8460  .9694  .0299  .0144  510.6  .0025 1.0000 1.0088  .1615 *
1.2075  .6803  .8463  .9694  .0298  .0138  507.3  .0025 1.0000 1.0088  .1544 *
1.2100  .7799  .8467  .9695  .0297  .0154  504.0  .0025 1.0000 1.0088  .1767 *
1.2125  .8551  .8470  .9696  .0296  .0166  500.7  .0025 1.0000 1.0088  .1934 *
1.2150  .7057  .8473  .9696  .0295  .0142  497.4  .0025 1.0000 1.0088  .1602 *
1.2175  .8079  .8477  .9697  .0294  .0157  494.1  .0025 1.0000 1.0088  .1829 *
1.2200  .8966  .8480  .9698  .0293  .0169  490.8  .0025 1.0000 1.0088  .2026 *
1.2225  .9188  .8484  .9698  .0292  .0172  487.5  .0025 1.0000 1.0088  .2076 *
1.2250  .9241  .8487  .9699  .0291  .0173  484.2  .0025 1.0000 1.0088  .2088 *
1.2275  .9425  .8490  .9700  .0290  .0175  480.9  .0025 1.0000 1.0088  .2130 *
1.2300  .9673  .8494  .9700  .0289  .0178  477.6  .0025 1.0000 1.0088  .2185 *
1.2325  .9631  .8497  .9701  .0288  .0177  474.3  .0025 1.0000 1.0088  .2176 *
1.2350  .9768  .8500  .9702  .0287  .0178  471.0  .0025 1.0000 1.0088  .2207 *
1.2375  .9539  .8504  .9703  .0286  .0174  467.7  .0025 1.0000 1.0088  .2156 *
1.2400  .9810  .8507  .9703  .0285  .0177  464.4  .0025 1.0000 1.0088  .2216 *
1.2425  .9995  .8510  .9704  .0284  .0179  461.1  .0025 1.0000 1.0088  .2258 *
1.2450  .9985  .8514  .9705  .0283  .0178  457.8  .0025 1.0000 1.0088  .2256 *
1.2475  .9826  .8517  .9705  .0282  .0175  454.5  .0025 1.0000 1.0088  .2220 *
1.2500  .9953  .8520  .9706  .0281  .0176  451.2  .0025 1.0000 1.0088  .2249 *
1.2525  .9867  .8524  .9707  .0280  .0174  447.9  .0025 1.0000 1.0088  .2230 *
1.2550  .9743  .8527  .9707  .0279  .0172  444.6  .0025 1.0000 1.0088  .2202 *
1.2575  .9748  .8530  .9708  .0278  .0171  441.3  .0025 1.0000 1.0088  .2203 *
1.2600  .9253  .8534  .9709  .0277  .0162  438.0  .0025 1.0000 1.0088  .2092 *
1.2625  .9078  .8537  .9709  .0276  .0158  434.7  .0025 1.0000 1.0088  .2052 *
1.2650  .8757  .8540  .9710  .0276  .0152  431.4  .0025 1.0000 1.0088  .1980 *
1.2675  .7081  .8544  .9711  .0275  .0123  428.1  .0025 1.0000 1.0088  .1601 *
1.2700  .8136  .8547  .9711  .0274  .0140  424.8  .0025 1.0000 1.0088  .1840 *
1.2725  .8987  .8550  .9712  .0273  .0155  421.5  .0025 1.0000 1.0088  .2033 *
1.2750  .9418  .8553  .9713  .0272  .0161  418.2  .0025 1.0000 1.0088  .2130 *
1.2775  .9661  .8557  .9713  .0271  .0164  414.9  .0025 1.0000 1.0088  .2185 *
1.2800  .9083  .8560  .9714  .0270  .0156  411.6  .0025 1.0000 1.0088  .2057 *
1.2825  .9648  .8563  .9715  .0269  .0163  408.3  .0025 1.0000 1.0088  .2183 *
1.2850  .9256  .8566  .9715  .0269  .0157  405.0  .0025 1.0000 1.0088  .2096 *
1.2875  .8891  .8570  .9716  .0268  .0151  401.7  .0025 1.0000 1.0088  .2014 *
1.2900  .8365  .8573  .9717  .0267  .0143  398.4  .0025 1.0000 1.0088  .1897 *
1.2925  .8583  .8576  .9717  .0266  .0146  395.1  .0025 1.0000 1.0088  .1946 *
1.2950  .8201  .8579  .9718  .0265  .0140  391.8  .0025 1.0000 1.0088  .1860 *
1.2975  .7449  .8583  .9719  .0264  .0129  396.0  .0025 1.0000 1.0088  .1692 *
1.3000  .7406  .8586  .9719  .0263  .0128  400.2  .0025 1.0000 1.0088  .1683 *
1.3025  .5512  .8589  .9720  .0263  .0101  405.4  .0025 1.0000 1.0088  .1258 *
1.3050  .5634  .8592  .9720  .0262  .0102  410.7  .0025 1.0000 1.0088  .1286 *
1.3075  .6556  .8595  .9721  .0261  .0114  408.9  .0025 1.0000 1.0088  .1493 *
1.3100  .4703  .8599  .9722  .0260  .0088  407.0  .0025 1.0000 1.0088  .1077 *
1.3125  .4412  .8602  .9722  .0259  .0084  405.2  .0025 1.0000 1.0088  .1012 *
1.3150  .4171  .8605  .9723  .0258  .0080  403.3  .0025 1.0000 1.0088  .0958 *
1.3175  .5671  .8608  .9724  .0258  .0100  401.5  .0025 1.0000 1.0088  .1295 *
1.3200  .3458  .8611  .9724  .0257  .0069  399.7  .0025 1.0000 1.0088  .0798 *
1.3225  .4143  .8615  .9725  .0256  .0078  397.8  .0025 1.0000 1.0088  .0952 *
1.3250  .5819  .8618  .9726  .0255  .0101  396.0  .0025 1.0000 1.0088  .1328 *
1.3275  .4088  .8621  .9726  .0254  .0077  394.1  .0025 1.0000 1.0088  .0940 *
1.3300  .1507  .8624  .9727  .0254  .0042  392.3  .0025 1.0000 1.0088  .0360 *
1.3325  .1919  .8627  .9728  .0253  .0047  390.5  .0025 1.0000 1.0088  .0452 *
1.3350  .2447  .8630  .9728  .0252  .0054  388.6  .0025 1.0000 1.0088  .0571 *
1.3375  .3041  .8634  .9729  .0251  .0062  386.8  .0025 1.0000 1.0088  .0704 *
1.3400  .2063  .8637  .9729  .0251  .0048  384.9  .0025 1.0000 1.0088  .0485 *
1.3425  .0655  .8640  .9730  .0250  .0029  383.1  .0025 1.0000 1.0088  .0168 *
1.3450  .0315  .8643  .9731  .0249  .0025  381.3  .0025 1.0000 1.0088  .0091 *
1.3475  .0134  .8646  .9731  .0248  .0022  379.4  .0025 1.0000 1.0088  .0051 *
1.3500  .0012  .8649  .9732  .0247  .0021  377.6  .0025 1.0000 1.0088  .0023 *
1.3525  .0001  .8652  .9733  .0247  .0020  375.7  .0025 1.0000 1.0088  .0020 *
1.3550  .0000  .8656  .9733  .0246  .0020  373.9  .0025 1.0000 1.0088  .0020 *
1.3575  .0000  .8659  .9734  .0245  .0020  372.1  .0025 1.0000 1.0088  .0020 *
1.3600  .0000  .8662  .9734  .0244  .0020  370.2  .0025 1.0000 1.0088  .0020 *
1.3625  .0000  .8665  .9735  .0244  .0020  368.4  .0025 1.0000 1.0088  .0020 *
1.3650  .0000  .8668  .9736  .0243  .0019  366.5  .0025 1.0000 1.0088  .0019 *
1.3675  .0000  .8671  .9736  .0242  .0019  364.7  .0025 1.0000 1.0088  .0019 *
1.3700  .0000  .8674  .9737  .0241  .0019  362.8  .0025 1.0000 1.0088  .0019 *
1.3725  .0000  .8677  .9738  .0241  .0019  361.0  .0025 1.0000 1.0088  .0019 *
1.3750  .0007  .8680  .9738  .0240  .0019  359.2  .0025 1.0000 1.0088  .0021 *
1.3775  .0001  .8683  .9739  .0239  .0019  357.3  .0025 1.0000 1.0088  .0019 *
1.3800  .0000  .8686  .9739  .0239  .0019  355.5  .0025 1.0000 1.0088  .0019 *
1.3825  .0000  .8689  .9740  .0238  .0019  353.6  .0025 1.0000 1.0088  .0019 *
1.3850  .0001  .8693  .9741  .0237  .0018  351.8  .0025 1.0000 1.0088  .0019 *
1.3875  .0000  .8696  .9741  .0236  .0018  350.0  .0025 1.0000 1.0088  .0018 *
1.3900  .0010  .8699  .9742  .0236  .0018  348.1  .0025 1.0000 1.0088  .0020 *
1.3925  .0000  .8702  .9742  .0235  .0018  346.3  .0025 1.0000 1.0088  .0018 *
1.3950  .0000  .8705  .9743  .0234  .0018  344.4  .0025 1.0000 1.0088  .0018 *
1.3975  .0308  .8708  .9744  .0234  .0022  344.8  .0025 1.0000 1.0088  .0087 *
1.4000  .0002  .8711  .9744  .0233  .0018  345.2  .0025 1.0000 1.0088  .0018 *
1.4025  .0000  .8714  .9745  .0232  .0017  346.0  .0025 1.0000 1.0088  .0017 *
1.4050  .0000  .8717  .9745  .0232  .0017  346.7  .0025 1.0000 1.0088  .0017 *
1.4075  .0001  .8720  .9746  .0231  .0017  345.3  .0025 1.0000 1.0088  .0017 *
1.4100  .0000  .8723  .9747  .0230  .0017  343.9  .0025 1.0000 1.0088  .0017 *
1.4125  .0002  .8726  .9747  .0230  .0017  342.5  .0025 1.0000 1.0088  .0017 *
1.4150  .0055  .8729  .9748  .0229  .0018  341.1  .0025 1.0000 1.0088  .0029 *
1.4175  .0047  .8732  .9748  .0228  .0017  339.6  .0025 1.0000 1.0088  .0027 *
1.4200  .0002  .8735  .9749  .0228  .0017  338.2  .0025 1.0000 1.0088  .0017 *
1.4225  .0003  .8738  .9750  .0227  .0017  336.8  .0025 1.0000 1.0088  .0017 *
1.4250  .0064  .8741  .9750  .0226  .0017  335.4  .0025 1.0000 1.0088  .0031 *
1.4275  .0024  .8744  .9751  .0226  .0017  334.0  .0025 1.0000 1.0088  .0022 *
1.4300  .0109  .8747  .9751  .0225  .0017  332.6  .0025 1.0000 1.0088  .0041 *
1.4325  .0022  .8750  .9752  .0224  .0009  331.2  .0025 1.0000 1.0088  .0014 *
1.4350  .0175  .8753  .9753  .0224  .0015  329.8  .0025 1.0000 1.0088  .0053 *
1.4375  .0050  .8756  .9753  .0223  .0012  328.4  .0025 1.0000 1.0088  .0023 *
1.4400  .0045  .8759  .9754  .0222  .0013  327.0  .0025 1.0000 1.0088  .0022 *
1.4425  .0034  .8762  .9754  .0222  .0014  325.6  .0025 1.0000 1.0088  .0022 *
1.4450  .0461  .8765  .9755  .0221  .0020  324.2  .0025 1.0000 1.0088  .0119 *
1.4475  .1431  .8768  .9756  .0220  .0032  322.8  .0025 1.0000 1.0088  .0340 *
1.4500  .0014  .8771  .9756  .0220  .0015  321.4  .0025 1.0000 1.0088  .0018 *
1.4525  .0958  .8774  .9757  .0219  .0026  320.0  .0025 1.0000 1.0088  .0232 *
1.4550  .0581  .8777  .9757  .0219  .0022  318.6  .0025 1.0000 1.0088  .0147 *
1.4575  .2075  .8779  .9758  .0218  .0039  317.2  .0025 1.0000 1.0088  .0486 *
1.4600  .0690  .8782  .9758  .0217  .0023  315.8  .0025 1.0000 1.0088  .0172 *
1.4625  .0993  .8785  .9759  .0217  .0026  314.4  .0025 1.0000 1.0088  .0240 *
1.4650  .0593  .8788  .9760  .0216  .0021  313.0  .0025 1.0000 1.0088  .0149 *
1.4675  .0470  .8791  .9760  .0215  .0020  311.6  .0025 1.0000 1.0088  .0121 *
1.4700  .0760  .8794  .9761  .0215  .0023  310.2  .0025 1.0000 1.0088  .0187 *
1.4725  .0050  .8797  .9761  .0214  .0015  308.7  .0025 1.0000 1.0088  .0026 *
1.4750  .0351  .8800  .9762  .0214  .0018  307.3  .0025 1.0000 1.0088  .0094 *
1.4775  .1555  .8803  .9763  .0213  .0032  305.9  .0025 1.0000 1.0088  .0368 *
1.4800  .0652  .8806  .9763  .0212  .0021  304.5  .0025 1.0000 1.0088  .0162 *
1.4825  .0894  .8809  .9764  .0212  .0024  303.1  .0025 1.0000 1.0088  .0217 *
1.4850  .2232  .8812  .9764  .0211  .0039  301.7  .0025 1.0000 1.0088  .0521 *
1.4875  .1365  .8814  .9765  .0211  .0029  300.3  .0025 1.0000 1.0088  .0324 *
1.4900  .2102  .8817  .9765  .0210  .0037  298.9  .0025 1.0000 1.0088  .0492 *
1.4925  .2319  .8820  .9766  .0210  .0039  297.5  .0025 1.0000 1.0088  .0541 *
1.4950  .3245  .8823  .9767  .0209  .0049  296.1  .0025 1.0000 1.0088  .0752 *
1.4975  .5424  .8826  .9767  .0208  .0073  296.0  .0025 1.0000 1.0088  .1248 *
1.5000  .6914  .8829  .9768  .0208  .0089  295.9  .0025 1.0000 1.0088  .1588 *
1.5025  .5019  .8832  .9768  .0207  .0068  295.9  .0025 1.0000 1.0088  .1156 *
1.5050  .6063  .8835  .9769  .0207  .0079  296.0  .0025 1.0000 1.0088  .1394 *
1.5075  .7113  .8837  .9769  .0206  .0090  294.8  .0025 1.0000 1.0088  .1634 *
1.5100  .9051  .8840  .9770  .0206  .0111  293.7  .0025 1.0000 1.0088  .2076 *
1.5125  .7428  .8843  .9770  .0205  .0093  292.5  .0025 1.0000 1.0088  .1706 *
1.5150  .5895  .8846  .9771  .0204  .0076  291.4  .0025 1.0000 1.0088  .1357 *
1.5175  .6629  .8849  .9772  .0204  .0084  290.2  .0025 1.0000 1.0088  .1524 *
1.5200  .7577  .8852  .9772  .0203  .0094  289.1  .0025 1.0000 1.0088  .1741 *
1.5225  .9235  .8854  .9773  .0203  .0111  287.9  .0025 1.0000 1.0088  .2119 *
1.5250  .7020  .8857  .9773  .0202  .0087  286.7  .0025 1.0000 1.0088  .1614 *
1.5275  .7985  .8860  .9774  .0202  .0097  285.6  .0025 1.0000 1.0088  .1835 *
1.5300  .7864  .8863  .9774  .0201  .0095  284.4  .0025 1.0000 1.0088  .1807 *
1.5325  .9521  .8866  .9775  .0201  .0112  283.3  .0025 1.0000 1.0088  .2185 *
1.5350  .8498  .8869  .9776  .0200  .0101  282.1  .0025 1.0000 1.0088  .1952 *
1.5375  .9150  .8871  .9776  .0199  .0108  281.0  .0025 1.0000 1.0088  .2102 *
1.5400  .9214  .8874  .9777  .0199  .0108  279.8  .0025 1.0000 1.0088  .2116 *
1.5425  .9118  .8876  .9777  .0198  .0106  278.7  .0025 1.0000 1.0088  .2094 *
1.5450  .9353  .8878  .9778  .0197  .0108  277.5  .0025 1.0000 1.0088  .2148 *
1.5475  .9501  .8881  .9778  .0196  .0110  276.3  .0025 1.0000 1.0088  .2182 *
1.5500  .9929  .8883  .9779  .0196  .0114  275.2  .0025 1.0000 1.0088  .2280 *
1.5525  .9543  .8886  .9779  .0195  .0109  274.0  .0025 1.0000 1.0088  .2192 *
1.5550  .9826  .8888  .9779  .0194  .0111  272.9  .0025 1.0000 1.0088  .2257 *
1.5575  .9879  .8890  .9780  .0193  .0111  271.7  .0025 1.0000 1.0088  .2269 *
1.5600  .9911  .8893  .9780  .0193  .0111  270.6  .0025 1.0000 1.0088  .2277 *
1.5625  .9702  .8895  .9781  .0192  .0109  269.4  .0025 1.0000 1.0088  .2229 *
1.5650  .9793  .8897  .9781  .0191  .0109  268.3  .0025 1.0000 1.0088  .2250 *
1.5675  .9258  .8900  .9782  .0191  .0103  267.1  .0025 1.0000 1.0088  .2127 *
1.5700  .8102  .8902  .9782  .0190  .0089  266.0  .0025 1.0000 1.0088  .1862 *
1.5725  .8067  .8904  .9783  .0189  .0089  264.8  .0025 1.0000 1.0088  .1854 *
1.5750  .8952  .8907  .9783  .0189  .0098  263.6  .0025 1.0000 1.0088  .2057 *
1.5775  .8299  .8909  .9784  .0188  .0090  262.5  .0025 1.0000 1.0088  .1907 *
1.5800  .8905  .8912  .9784  .0187  .0096  261.3  .0025 1.0000 1.0088  .2047 *
1.5825  .9387  .8914  .9785  .0186  .0101  260.2  .0025 1.0000 1.0088  .2158 *
1.5850  .9556  .8916  .9785  .0186  .0103  259.0  .0025 1.0000 1.0088  .2197 *
1.5875  .9939  .8919  .9786  .0185  .0106  257.9  .0025 1.0000 1.0088  .2285 *
1.5900  .9759  .8921  .9786  .0184  .0104  256.7  .0025 1.0000 1.0088  .2244 *
1.5925  .9908  .8923  .9787  .0184  .0105  255.6  .0025 1.0000 1.0088  .2278 *
1.5950  .9955  .8926  .9787  .0183  .0105  254.4  .0025 1.0000 1.0088  .2289 *
1.5975  .9443  .8928  .9788  .0182  .0099  253.4  .0025 1.0000 1.0088  .2171 *
1.6000  .8374  .8930  .9788  .0182  .0087  252.3  .0025 1.0000 1.0088  .1926 *
1.6025  .8374  .8933  .9789  .0181  .0087  251.3  .0025 1.0000 1.0088  .1926 *
1.6050  .8588  .8935  .9789  .0181  .0089  250.3  .0025 1.0000 1.0088  .1975 *
1.6075  .9164  .8937  .9790  .0180  .0094  249.1  .0025 1.0000 1.0088  .2108 *
1.6100  .8261  .8939  .9790  .0179  .0085  248.0  .0025 1.0000 1.0088  .1900 *
1.6125  .8720  .8942  .9791  .0179  .0089  246.9  .0025 1.0000 1.0088  .2006 *
1.6150  .9358  .8944  .9791  .0178  .0095  245.7  .0025 1.0000 1.0088  .2153 *
1.6175  .9600  .8946  .9792  .0177  .0097  244.6  .0025 1.0000 1.0088  .2209 *
1.6200  .9810  .8949  .9792  .0177  .0099  243.5  .0025 1.0000 1.0088  .2257 *
1.6225  .9886  .8951  .9793  .0176  .0099  242.3  .0025 1.0000 1.0088  .2275 *
1.6250  .9808  .8953  .9793  .0175  .0098  241.2  .0025 1.0000 1.0088  .2258 *
1.6275  .9842  .8956  .9793  .0175  .0098  240.1  .0025 1.0000 1.0088  .2265 *
1.6300  .9802  .8958  .9794  .0174  .0097  239.0  .0025 1.0000 1.0088  .2256 *
1.6325  .9567  .8960  .9794  .0174  .0094  237.8  .0025 1.0000 1.0088  .2203 *
1.6350  .9622  .8962  .9795  .0173  .0094  236.7  .0025 1.0000 1.0088  .2215 *
1.6375  .9460  .8965  .9795  .0172  .0092  235.6  .0025 1.0000 1.0088  .2178 *
1.6400  .9221  .8967  .9796  .0172  .0090  234.4  .0025 1.0000 1.0088  .2124 *
1.6425  .9176  .8969  .9796  .0171  .0089  233.3  .0025 1.0000 1.0088  .2113 *
1.6450  .9024  .8972  .9797  .0171  .0087  232.1  .0025 1.0000 1.0088  .2079 *
1.6475  .8981  .8974  .9797  .0170  .0086  231.0  .0025 1.0000 1.0088  .2069 *
1.6500  .8981  .8976  .9798  .0169  .0086  229.9  .0025 1.0000 1.0088  .2069 *
1.6525  .9080  .8978  .9798  .0169  .0087  228.8  .0025 1.0000 1.0088  .2092 *
1.6550  .9282  .8981  .9799  .0168  .0088  227.6  .0025 1.0000 1.0088  .2139 *
1.6575  .9427  .8983  .9799  .0168  .0089  226.5  .0025 1.0000 1.0088  .2172 *
1.6600  .9780  .8985  .9800  .0167  .0092  225.4  .0025 1.0000 1.0088  .2254 *
1.6625  .9537  .8987  .9800  .0166  .0090  224.2  .0025 1.0000 1.0088  .2198 *
1.6650  .7793  .8990  .9800  .0166  .0073  223.1  .0025 1.0000 1.0088  .1797 *
1.6675  .9040  .8992  .9801  .0165  .0084  222.0  .0025 1.0000 1.0088  .2084 *
1.6700  .9678  .8994  .9801  .0165  .0090  220.8  .0025 1.0000 1.0088  .2231 *
1.6725  .9453  .8996  .9802  .0164  .0087  219.7  .0025 1.0000 1.0088  .2180 *
1.6750  .9453  .8999  .9802  .0164  .0087  218.6  .0025 1.0000 1.0088  .2180 *
1.6775  .9072  .9001  .9803  .0163  .0083  217.4  .0025 1.0000 1.0088  .2093 *
1.6800  .9575  .9003  .9803  .0162  .0087  216.3  .0025 1.0000 1.0088  .2209 *
1.6825  .9573  .9005  .9804  .0162  .0087  215.2  .0025 1.0000 1.0088  .2208 *
1.6850  .8990  .9008  .9804  .0161  .0081  214.0  .0025 1.0000 1.0088  .2074 *
1.6875  .9337  .9010  .9805  .0161  .0084  212.9  .0025 1.0000 1.0088  .2154 *
1.6900  .8229  .9012  .9805  .0160  .0075  211.8  .0025 1.0000 1.0088  .1900 *
1.6925  .9214  .9014  .9806  .0160  .0082  210.7  .0025 1.0000 1.0088  .2127 *
1.6950  .8068  .9016  .9806  .0159  .0073  209.5  .0025 1.0000 1.0088  .1863 *
1.6975  .8068  .9019  .9806  .0159  .0073  208.8  .0025 1.0000 1.0088  .1864 *
1.7000  .9166  .9021  .9807  .0158  .0081  208.1  .0025 1.0000 1.0088  .2116 *
1.7025  .8410  .9023  .9807  .0158  .0075  207.5  .0025 1.0000 1.0088  .1942 *
1.7050  .8841  .9025  .9808  .0157  .0078  206.8  .0025 1.0000 1.0088  .2042 *
1.7075  .7065  .9027  .9808  .0156  .0063  205.8  .0025 1.0000 1.0088  .1633 *
1.7100  .9159  .9030  .9809  .0156  .0080  204.7  .0025 1.0000 1.0088  .2116 *
1.7125  .7729  .9032  .9809  .0155  .0068  203.7  .0025 1.0000 1.0088  .1787 *
1.7150  .7729  .9034  .9810  .0155  .0068  202.6  .0025 1.0000 1.0088  .1787 *
1.7175  .8725  .9036  .9810  .0154  .0075  201.6  .0025 1.0000 1.0088  .2016 *
1.7200  .9505  .9038  .9810  .0154  .0081  200.5  .0025 1.0000 1.0088  .2196 *
1.7225  .6387  .9041  .9811  .0153  .0057  199.5  .0025 1.0000 1.0088  .1478 *
1.7250  .6731  .9043  .9811  .0153  .0059  198.4  .0025 1.0000 1.0088  .1558 *
1.7275  .7929  .9045  .9812  .0152  .0068  197.4  .0025 1.0000 1.0088  .1834 *
1.7300  .7929  .9047  .9812  .0152  .0068  196.3  .0025 1.0000 1.0088  .1834 *
1.7325  .6446  .9049  .9813  .0151  .0056  195.3  .0025 1.0000 1.0088  .1492 *
1.7350  .8224  .9051  .9813  .0151  .0069  194.2  .0025 1.0000 1.0088  .1903 *
1.7375  .6383  .9054  .9814  .0150  .0055  193.2  .0025 1.0000 1.0088  .1478 *
1.7400  .5841  .9056  .9814  .0150  .0051  192.1  .0025 1.0000 1.0088  .1354 *
1.7425  .7532  .9058  .9814  .0149  .0063  191.1  .0025 1.0000 1.0088  .1744 *
1.7450  .7532  .9060  .9815  .0149  .0063  190.0  .0025 1.0000 1.0088  .1744 *
1.7475  .4613  .9062  .9815  .0148  .0041  189.0  .0025 1.0000 1.0088  .1071 *
1.7500  .8582  .9064  .9816  .0148  .0070  187.9  .0025 1.0000 1.0088  .1986 *
1.7525  .6723  .9067  .9816  .0147  .0056  186.9  .0025 1.0000 1.0088  .1558 *
1.7550  .3793  .9069  .9817  .0147  .0035  185.8  .0025 1.0000 1.0088  .0882 *
1.7575  .9091  .9071  .9817  .0146  .0073  184.8  .0025 1.0000 1.0088  .2105 *
1.7600  .9091  .9073  .9818  .0146  .0073  183.7  .0025 1.0000 1.0088  .2105 *
1.7625  .4596  .9075  .9818  .0145  .0040  182.7  .0025 1.0000 1.0088  .1068 *
1.7650  .2794  .9077  .9818  .0145  .0027  181.6  .0025 1.0000 1.0088  .0652 *
1.7675  .5093  .9080  .9819  .0144  .0043  180.6  .0025 1.0000 1.0088  .1183 *
1.7700  .5130  .9082  .9819  .0144  .0043  179.5  .0025 1.0000 1.0088  .1191 *
1.7725  .5130  .9084  .9820  .0144  .0043  178.5  .0025 1.0000 1.0088  .1191 *
1.7750  .3240  .9086  .9820  .0143  .0030  177.4  .0025 1.0000 1.0088  .0755 *
1.7775  .1878  .9088  .9821  .0143  .0020  176.4  .0025 1.0000 1.0088  .0441 *
1.7800  .2799  .9090  .9821  .0142  .0026  175.4  .0025 1.0000 1.0088  .0653 *
1.7825  .2799  .9092  .9821  .0142  .0026  174.3  .0025 1.0000 1.0088  .0653 *
1.7850  .1217  .9094  .9822  .0141  .0015  173.2  .0025 1.0000 1.0088  .0288 *
1.7875  .1409  .9097  .9822  .0141  .0016  172.2  .0025 1.0000 1.0088  .0332 *
1.7900  .2241  .9099  .9823  .0140  .0022  171.2  .0025 1.0000 1.0088  .0524 *
1.7925  .0478  .9101  .9823  .0140  .0010  170.1  .0025 1.0000 1.0088  .0117 *
1.7950  .0478  .9103  .9824  .0139  .0010  169.0  .0025 1.0000 1.0088  .0117 *
1.7975  .1156  .9105  .9824  .0139  .0014  169.1  .0025 1.0000 1.0088  .0274 *
1.8000  .0071  .9107  .9824  .0138  .0007  169.1  .0025 1.0000 1.0088  .0023 *
1.8025  .0227  .9109  .9825  .0138  .0008  169.2  .0025 1.0000 1.0088  .0059 *
1.8050  .0227  .9111  .9825  .0138  .0008  169.4  .0025 1.0000 1.0088  .0059 *
1.8075  .0036  .9113  .9826  .0137  .0007  168.6  .0025 1.0000 1.0088  .0015 *
1.8100  .0059  .9116  .9826  .0137  .0007  167.7  .0025 1.0000 1.0088  .0020 *
1.8125  .0045  .9118  .9827  .0136  .0006  166.9  .0025 1.0000 1.0088  .0017 *
1.8150  .0005  .9120  .9827  .0136  .0006  166.0  .0025 1.0000 1.0088  .0007 *
1.8175  .0005  .9122  .9827  .0135  .0006  165.2  .0025 1.0000 1.0088  .0007 *
1.8200  .0000  .9124  .9828  .0135  .0006  164.3  .0025 1.0000 1.0088  .0006 *
1.8225  .0010  .9126  .9828  .0135  .0006  163.5  .0025 1.0000 1.0088  .0008 *
1.8250  .0000  .9128  .9829  .0134  .0006  162.7  .0025 1.0000 1.0088  .0006 *
1.8275  .0000  .9130  .9829  .0134  .0006  161.8  .0025 1.0000 1.0088  .0006 *
1.8300  .0000  .9132  .9830  .0133  .0006  161.0  .0025 1.0000 1.0088  .0006 *
1.8325  .0020  .9134  .9830  .0133  .0006  160.1  .0025 1.0000 1.0088  .0011 *
1.8350  .0000  .9136  .9830  .0132  .0006  159.3  .0025 1.0000 1.0088  .0006 *
1.8375  .0000  .9138  .9831  .0132  .0006  158.4  .0025 1.0000 1.0088  .0006 *
1.8400  .0000  .9140  .9831  .0132  .0006  157.6  .0025 1.0000 1.0088  .0006 *
1.8425  .0000  .9143  .9832  .0131  .0006  156.8  .0025 1.0000 1.0088  .0006 *
1.8450  .0000  .9145  .9832  .0131  .0006  155.9  .0025 1.0000 1.0088  .0006 *
1.8475  .0000  .9147  .9833  .0130  .0006  155.1  .0025 1.0000 1.0088  .0006 *
1.8500  .0000  .9149  .9833  .0130  .0006  154.2  .0025 1.0000 1.0088  .0006 *
1.8525  .0000  .9151  .9833  .0130  .0006  153.4  .0025 1.0000 1.0088  .0006 *
1.8550  .0000  .9153  .9834  .0129  .0006  152.6  .0025 1.0000 1.0088  .0006 *
1.8575  .0000  .9155  .9834  .0129  .0006  151.7  .0025 1.0000 1.0088  .0006 *
1.8600  .0000  .9157  .9835  .0128  .0006  150.9  .0025 1.0000 1.0088  .0006 *
1.8625  .0000  .9159  .9835  .0128  .0006  150.0  .0025 1.0000 1.0088  .0006 *
1.8650  .0000  .9161  .9835  .0128  .0006  149.2  .0025 1.0000 1.0088  .0006 *
1.8675  .0000  .9163  .9836  .0127  .0006  148.3  .0025 1.0000 1.0088  .0006 *
1.8700  .0000  .9165  .9836  .0127  .0006  147.5  .0025 1.0000 1.0088  .0006 *
1.8725  .0000  .9167  .9837  .0126  .0005  146.7  .0025 1.0000 1.0088  .0005 *
1.8750  .0000  .9169  .9837  .0126  .0005  145.8  .0025 1.0000 1.0088  .0005 *
1.8775  .0000  .9171  .9837  .0126  .0005  145.0  .0025 1.0000 1.0088  .0005 *
1.8800  .0026  .9173  .9838  .0125  .0005  144.1  .0025 1.0000 1.0088  .0011 *
1.8825  .0026  .9175  .9838  .0125  .0005  143.3  .0025 1.0000 1.0088  .0011 *
1.8850  .0002  .9177  .9839  .0124  .0005  142.5  .0025 1.0000 1.0088  .0006 *
1.8875  .0000  .9179  .9839  .0124  .0005  141.6  .0025 1.0000 1.0088  .0005 *
1.8900  .0000  .9181  .9840  .0124  .0005  140.8  .0025 1.0000 1.0088  .0005 *
1.8925  .0001  .9183  .9840  .0123  .0005  139.9  .0025 1.0000 1.0088  .0005 *
1.8950  .0640  .9185  .9840  .0123  .0009  139.1  .0025 1.0000 1.0088  .0154 *
1.8975  .0640  .9187  .9841  .0123  .0009  139.2  .0025 1.0000 1.0088  .0154 *
1.9000  .0000  .9189  .9841  .0122  .0005  139.3  .0025 1.0000 1.0088  .0005 *
1.9025  .0001  .9191  .9842  .0122  .0005  139.6  .0025 1.0000 1.0088  .0005 *
1.9050  .0000  .9193  .9842  .0121  .0005  139.8  .0025 1.0000 1.0088  .0005 *
1.9075  .0000  .9195  .9842  .0121  .0005  139.1  .0025 1.0000 1.0088  .0005 *
1.9100  .0000  .9197  .9843  .0121  .0005  138.5  .0025 1.0000 1.0088  .0005 *
1.9125  .0000  .9199  .9843  .0120  .0005  137.8  .0025 1.0000 1.0088  .0005 *
1.9150  .0000  .9201  .9844  .0120  .0005  137.2  .0025 1.0000 1.0088  .0005 *
1.9175  .0011  .9203  .9844  .0120  .0005  136.5  .0025 1.0000 1.0088  .0008 *
1.9200  .0000  .9205  .9844  .0119  .0005  135.9  .0025 1.0000 1.0088  .0005 *
1.9225  .0000  .9207  .9845  .0119  .0005  135.2  .0025 1.0000 1.0088  .0005 *
1.9250  .0004  .9209  .9845  .0119  .0005  134.6  .0025 1.0000 1.0088  .0006 *
1.9275  .0000  .9211  .9846  .0118  .0005  133.9  .0025 1.0000 1.0088  .0005 *
1.9300  .0000  .9213  .9846  .0118  .0005  133.2  .0025 1.0000 1.0088  .0005 *
1.9325  .0002  .9215  .9846  .0118  .0005  132.6  .0025 1.0000 1.0088  .0005 *
1.9350  .0114  .9217  .9847  .0117  .0005  132.0  .0025 1.0000 1.0088  .0031 *
1.9375  .0114  .9219  .9847  .0117  .0005  131.3  .0025 1.0000 1.0088  .0031 *
1.9400  .0001  .9221  .9848  .0116  .0005  130.6  .0025 1.0000 1.0088  .0005 *
1.9425  .0054  .9223  .9848  .0116  .0004  130.0  .0025 1.0000 1.0088  .0016 *
1.9450  .0054  .9225  .9848  .0116  .0004  129.3  .0025 1.0000 1.0088  .0016 *
1.9475  .0107  .9227  .9849  .0115  .0004  128.7  .0025 1.0000 1.0088  .0028 *
1.9500  .0310  .9229  .9849  .0115  .0004  128.0  .0025 1.0000 1.0088  .0074 *
1.9525  .0310  .9231  .9850  .0115  .0004  127.4  .0025 1.0000 1.0088  .0074 *
1.9550  .0058  .9233  .9850  .0114  .0001  126.7  .0025 1.0000 1.0088  .0015 *
1.9575  .0158  .9235  .9850  .0114  .0002  126.0  .0025 1.0000 1.0088  .0038 *
1.9600  .0158  .9237  .9851  .0114  .0002  125.4  .0025 1.0000 1.0088  .0038 *
1.9625  .0215  .9239  .9851  .0113  .0003  124.7  .0025 1.0000 1.0088  .0052 *
1.9650  .0686  .9241  .9852  .0113  .0005  124.1  .0025 1.0000 1.0088  .0162 *
1.9675  .0686  .9243  .9852  .0113  .0005  123.4  .0025 1.0000 1.0088  .0162 *
1.9700  .1443  .9245  .9852  .0112  .0010  122.8  .0025 1.0000 1.0088  .0339 *
1.9725  .1542  .9247  .9853  .0112  .0012  122.1  .0025 1.0000 1.0088  .0364 *
1.9750  .1542  .9249  .9853  .0112  .0012  121.5  .0025 1.0000 1.0088  .0364 *
1.9775  .2802  .9251  .9854  .0111  .0019  120.8  .0025 1.0000 1.0088  .0659 *
1.9800  .2802  .9253  .9854  .0111  .0019  120.1  .0025 1.0000 1.0088  .0659 *
1.9825  .3580  .9255  .9854  .0111  .0023  119.5  .0025 1.0000 1.0088  .0842 *
1.9850  .3685  .9257  .9855  .0110  .0024  118.8  .0025 1.0000 1.0088  .0866 *
1.9875  .3685  .9259  .9855  .0110  .0023  118.2  .0025 1.0000 1.0088  .0866 *
1.9900  .3484  .9261  .9855  .0110  .0022  117.5  .0025 1.0000 1.0088  .0820 *
1.9925  .4645  .9262  .9856  .0110  .0028  116.9  .0025 1.0000 1.0088  .1091 *
1.9950  .4645  .9264  .9856  .0109  .0028  116.2  .0025 1.0000 1.0088  .1091 *
1.9975  .2377  .9266  .9857  .0109  .0014  116.3  .0025 1.0000 1.0088  .0558 *
2.0000  .2377  .9268  .9857  .0109  .0014  116.3  .0025 1.0000 1.0088  .0558 *
2.0025  .0819  .9270  .9857  .0108  .0005  116.5  .0025 1.0000 1.0088  .0192 *
2.0050  .0278  .9272  .9858  .0108  .0002  116.6  .0025 1.0000 1.0088  .0065 *
2.0075  .0278  .9274  .9858  .0108  .0002  116.1  .0025 1.0000 1.0088  .0065 *
2.0100  .2010  .9276  .9859  .0107  .0011  115.6  .0025 1.0000 1.0088  .0472 *
2.0125  .0638  .9278  .9859  .0107  .0004  115.1  .0025 1.0000 1.0088  .0150 *
2.0150  .0638  .9280  .9859  .0107  .0004  114.6  .0025 1.0000 1.0088  .0150 *
2.0175  .0767  .9282  .9860  .0106  .0005  114.1  .0025 1.0000 1.0088  .0180 *
2.0200  .0767  .9284  .9860  .0106  .0005  113.5  .0025 1.0000 1.0088  .0180 *
2.0225  .2094  .9286  .9860  .0106  .0012  113.0  .0025 1.0000 1.0088  .0492 *
2.0250  .4103  .9287  .9861  .0105  .0022  112.5  .0025 1.0000 1.0088  .0964 *
2.0275  .4103  .9289  .9861  .0105  .0022  112.0  .0025 1.0000 1.0088  .0964 *
2.0300  .4976  .9291  .9862  .0105  .0027  111.5  .0025 1.0000 1.0088  .1170 *
2.0325  .4976  .9293  .9862  .0105  .0027  111.0  .0025 1.0000 1.0088  .1170 *
2.0350  .7403  .9295  .9862  .0104  .0040  110.4  .0025 1.0000 1.0088  .1741 *
2.0375  .6945  .9297  .9863  .0104  .0038  109.9  .0025 1.0000 1.0088  .1634 *
2.0400  .6945  .9299  .9863  .0104  .0037  109.4  .0025 1.0000 1.0088  .1634 *
2.0425  .7218  .9301  .9864  .0103  .0039  108.9  .0025 1.0000 1.0088  .1698 *
2.0450  .7640  .9303  .9864  .0103  .0040  108.4  .0025 1.0000 1.0088  .1797 *
2.0475  .7640  .9305  .9864  .0103  .0040  107.9  .0025 1.0000 1.0088  .1797 *
2.0500  .4210  .9306  .9865  .0103  .0022  107.4  .0025 1.0000 1.0088  .0991 *
2.0525  .4210  .9308  .9865  .0102  .0022  106.8  .0025 1.0000 1.0088  .0991 *
2.0550  .3183  .9310  .9865  .0102  .0017  106.3  .0025 1.0000 1.0088  .0750 *
2.0575  .3183  .9312  .9866  .0102  .0017  105.8  .0025 1.0000 1.0088  .0750 *
2.0600  .4815  .9314  .9866  .0101  .0025  105.3  .0025 1.0000 1.0088  .1134 *
2.0625  .3640  .9316  .9867  .0101  .0019  104.7  .0025 1.0000 1.0088  .0857 *
2.0650  .3640  .9318  .9867  .0101  .0019  104.2  .0025 1.0000 1.0088  .0858 *
2.0675  .3688  .9320  .9867  .0101  .0019  103.7  .0025 1.0000 1.0088  .0869 *
2.0700  .3688  .9322  .9868  .0100  .0019  103.2  .0025 1.0000 1.0088  .0869 *
2.0725  .4842  .9323  .9868  .0100  .0024  102.7  .0025 1.0000 1.0088  .1141 *
2.0750  .5342  .9325  .9868  .0100  .0027  102.2  .0025 1.0000 1.0088  .1259 *
2.0775  .5342  .9327  .9869  .0099  .0027  101.7  .0025 1.0000 1.0088  .1259 *
2.0800  .7704  .9329  .9869  .0099  .0038  101.1  .0025 1.0000 1.0088  .1816 *
2.0825  .7704  .9331  .9870  .0099  .0038  100.6  .0025 1.0000 1.0088  .1816 *
2.0850  .6755  .9333  .9870  .0099  .0034  100.1  .0025 1.0000 1.0088  .1593 *
2.0875  .6755  .9335  .9870  .0098  .0034   99.6  .0025 1.0000 1.0088  .1593 *
2.0900  .7834  .9336  .9871  .0098  .0039   99.1  .0025 1.0000 1.0088  .1848 *
2.0925  .7881  .9338  .9871  .0098  .0039   98.5  .0025 1.0000 1.0088  .1859 *
2.0950  .7881  .9340  .9871  .0098  .0039   98.0  .0025 1.0000 1.0088  .1860 *
2.0975  .7328  .9342  .9872  .0097  .0036   98.0  .0025 1.0000 1.0088  .1730 *
2.1000  .7328  .9344  .9872  .0097  .0036   97.9  .0025 1.0000 1.0088  .1730 *
2.1025  .7991  .9346  .9872  .0097  .0039   97.9  .0025 1.0000 1.0088  .1887 *
2.1050  .7991  .9348  .9873  .0096  .0039   98.0  .0025 1.0000 1.0088  .1887 *
2.1075  .9184  .9349  .9873  .0096  .0044   97.5  .0025 1.0000 1.0088  .2169 *
2.1100  .8198  .9351  .9874  .0096  .0040   97.1  .0025 1.0000 1.0088  .1936 *
2.1125  .8198  .9353  .9874  .0096  .0039   96.7  .0025 1.0000 1.0088  .1937 *
2.1150  .8095  .9355  .9874  .0095  .0039   96.3  .0025 1.0000 1.0088  .1913 *
2.1175  .8095  .9357  .9875  .0095  .0039   95.8  .0025 1.0000 1.0088  .1913 *
2.1200  .8735  .9359  .9875  .0095  .0041   95.4  .0025 1.0000 1.0088  .2064 *
2.1225  .8735  .9360  .9875  .0095  .0041   95.0  .0025 1.0000 1.0088  .2065 *
2.1250  .8602  .9362  .9876  .0094  .0040   94.5  .0025 1.0000 1.0088  .2034 *
2.1275  .8602  .9364  .9876  .0094  .0040   94.1  .0025 1.0000 1.0088  .2034 *
2.1300  .8792  .9366  .9876  .0094  .0041   93.7  .0025 1.0000 1.0088  .2079 *
2.1325  .9241  .9368  .9877  .0094  .0043   93.3  .0025 1.0000 1.0088  .2186 *
2.1350  .9241  .9370  .9877  .0093  .0043   92.8  .0025 1.0000 1.0088  .2186 *
2.1375  .9731  .9371  .9878  .0093  .0045   92.4  .0025 1.0000 1.0088  .2302 *
2.1400  .9731  .9373  .9878  .0093  .0045   92.0  .0025 1.0000 1.0088  .2302 *
2.1425  .9718  .9375  .9878  .0093  .0044   91.6  .0025 1.0000 1.0088  .2300 *
2.1450  .9718  .9377  .9879  .0092  .0044   91.1  .0025 1.0000 1.0088  .2300 *
2.1475  .9387  .9379  .9879  .0092  .0043   90.7  .0025 1.0000 1.0088  .2222 *
2.1500  .9387  .9381  .9879  .0092  .0042   90.3  .0025 1.0000 1.0088  .2222 *
2.1525  .6948  .9382  .9880  .0092  .0032   89.9  .0025 1.0000 1.0088  .1646 *
2.1550  .6948  .9384  .9880  .0091  .0032   89.4  .0025 1.0000 1.0088  .1646 *
2.1575  .8800  .9386  .9880  .0091  .0040   89.0  .0025 1.0000 1.0088  .2085 *
2.1600  .7357  .9388  .9881  .0091  .0033   88.6  .0025 1.0000 1.0088  .1743 *
2.1625  .7357  .9390  .9881  .0091  .0033   88.2  .0025 1.0000 1.0088  .1744 *
2.1650  .8268  .9391  .9882  .0090  .0037   87.7  .0025 1.0000 1.0088  .1959 *
2.1675  .8268  .9393  .9882  .0090  .0037   87.3  .0025 1.0000 1.0088  .1960 *
2.1700  .9084  .9395  .9882  .0090  .0040   86.9  .0025 1.0000 1.0088  .2153 *
2.1725  .9084  .9397  .9883  .0090  .0040   86.4  .0025 1.0000 1.0088  .2154 *
2.1750  .8061  .9399  .9883  .0089  .0036   86.0  .0025 1.0000 1.0088  .1912 *
2.1775  .8061  .9400  .9883  .0089  .0036   85.6  .0025 1.0000 1.0088  .1912 *
2.1800  .7699  .9402  .9884  .0089  .0034   85.2  .0025 1.0000 1.0088  .1827 *
2.1825  .7699  .9404  .9884  .0089  .0034   84.7  .0025 1.0000 1.0088  .1827 *
2.1850  .7073  .9406  .9884  .0088  .0031   84.3  .0025 1.0000 1.0088  .1679 *
2.1875  .7073  .9408  .9885  .0088  .0031   83.9  .0025 1.0000 1.0088  .1679 *
2.1900  .8672  .9409  .9885  .0088  .0037   83.5  .0025 1.0000 1.0088  .2059 *
2.1925  .8672  .9411  .9885  .0088  .0037   83.0  .0025 1.0000 1.0088  .2059 *
2.1950  .7999  .9413  .9886  .0088  .0035   82.6  .0025 1.0000 1.0088  .1900 *
2.1975  .7999  .9415  .9886  .0087  .0034   82.6  .0025 1.0000 1.0088  .1900 *
2.2000  .6035  .9417  .9887  .0087  .0026   82.6  .0025 1.0000 1.0088  .1434 *
2.2025  .6035  .9418  .9887  .0087  .0026   82.7  .0025 1.0000 1.0088  .1434 *
2.2050  .7425  .9420  .9887  .0087  .0032   82.7  .0025 1.0000 1.0088  .1764 *
2.2075  .7425  .9422  .9888  .0086  .0032   82.4  .0025 1.0000 1.0088  .1765 *
2.2100  .9025  .9424  .9888  .0086  .0038   82.1  .0025 1.0000 1.0088  .2145 *
2.2125  .8241  .9425  .9888  .0086  .0035   81.7  .0025 1.0000 1.0088  .1959 *
2.2150  .8241  .9427  .9889  .0086  .0035   81.4  .0025 1.0000 1.0088  .1959 *
2.2175  .9039  .9429  .9889  .0086  .0037   81.0  .0025 1.0000 1.0088  .2149 *
2.2200  .9039  .9431  .9889  .0085  .0037   80.7  .0025 1.0000 1.0088  .2149 *
2.2225  .8462  .9433  .9890  .0085  .0035   80.3  .0025 1.0000 1.0088  .2013 *
2.2250  .8462  .9434  .9890  .0085  .0035   80.0  .0025 1.0000 1.0088  .2013 *
2.2275  .9095  .9436  .9890  .0085  .0037   79.7  .0025 1.0000 1.0088  .2163 *
2.2300  .9095  .9438  .9891  .0084  .0037   79.3  .0025 1.0000 1.0088  .2164 *
2.2325  .8487  .9440  .9891  .0084  .0034   79.0  .0025 1.0000 1.0088  .2020 *
2.2350  .8487  .9441  .9891  .0084  .0034   78.6  .0025 1.0000 1.0088  .2020 *
2.2375  .8789  .9443  .9892  .0084  .0035   78.3  .0025 1.0000 1.0088  .2092 *
2.2400  .8789  .9445  .9892  .0084  .0035   77.9  .0025 1.0000 1.0088  .2093 *
2.2425  .8316  .9447  .9892  .0083  .0033   77.6  .0025 1.0000 1.0088  .1980 *
2.2450  .8316  .9448  .9893  .0083  .0033   77.2  .0025 1.0000 1.0088  .1981 *
2.2475  .8669  .9450  .9893  .0083  .0034   76.9  .0025 1.0000 1.0088  .2065 *
2.2500  .8669  .9452  .9893  .0083  .0034   76.6  .0025 1.0000 1.0088  .2065 *
2.2525  .7794  .9452  .9894  .0083  .0031   76.2  .0025 1.0000 1.0088  .1857 *
2.2550  .7794  .9453  .9894  .0083  .0031   75.9  .0025 1.0000 1.0088  .1857 *
2.2575  .7669  .9453  .9894  .0082  .0030   75.5  .0025 1.0000 1.0088  .1827 *
2.2600  .7669  .9454  .9894  .0082  .0030   75.2  .0025 1.0000 1.0088  .1827 *
2.2625  .8516  .9454  .9894  .0082  .0034   74.9  .0025 1.0000 1.0088  .2029 *
2.2650  .8516  .9455  .9894  .0082  .0033   74.5  .0025 1.0000 1.0088  .2029 *
2.2675  .8516  .9455  .9894  .0082  .0033   74.2  .0025 1.0000 1.0088  .2029 *
2.2700  .7497  .9456  .9894  .0082  .0029   73.8  .0025 1.0000 1.0088  .1787 *
2.2725  .7497  .9456  .9894  .0082  .0029   73.5  .0025 1.0000 1.0088  .1787 *
2.2750  .7824  .9456  .9894  .0082  .0031   73.1  .0025 1.0000 1.0088  .1865 *
2.2775  .7824  .9457  .9895  .0082  .0031   72.8  .0025 1.0000 1.0088  .1865 *
2.2800  .7987  .9457  .9895  .0082  .0031   72.4  .0025 1.0000 1.0088  .1903 *
2.2825  .7987  .9458  .9895  .0082  .0031   72.1  .0025 1.0000 1.0088  .1903 *
2.2850  .8131  .9458  .9895  .0082  .0032   71.8  .0025 1.0000 1.0088  .1938 *
2.2875  .8131  .9459  .9895  .0082  .0032   71.4  .0025 1.0000 1.0088  .1938 *
2.2900  .7501  .9459  .9895  .0081  .0029   71.1  .0025 1.0000 1.0088  .1788 *
2.2925  .7501  .9460  .9895  .0081  .0029   70.7  .0025 1.0000 1.0088  .1788 *
2.2950  .7051  .9460  .9895  .0081  .0027   70.4  .0025 1.0000 1.0088  .1681 *
2.2975  .7051  .9460  .9895  .0081  .0027   70.4  .0025 1.0000 1.0088  .1681 *
2.3000  .6591  .9461  .9895  .0081  .0026   70.3  .0025 1.0000 1.0088  .1571 *
2.3025  .6591  .9461  .9895  .0081  .0026   70.4  .0025 1.0000 1.0088  .1571 *
2.3050  .7196  .9462  .9896  .0081  .0028   70.4  .0025 1.0000 1.0088  .1716 *
2.3075  .7196  .9462  .9896  .0081  .0028   70.1  .0025 1.0000 1.0088  .1716 *
2.3100  .8665  .9463  .9896  .0081  .0034   69.8  .0025 1.0000 1.0088  .2066 *
2.3125  .8665  .9463  .9896  .0081  .0034   69.6  .0025 1.0000 1.0088  .2066 *
2.3150  .4587  .9464  .9896  .0081  .0018   69.3  .0025 1.0000 1.0088  .1094 *
2.3175  .4587  .9464  .9896  .0081  .0018   69.0  .0025 1.0000 1.0088  .1094 *
2.3200  .4587  .9465  .9896  .0081  .0018   68.7  .0025 1.0000 1.0088  .1094 *
2.3225  .5372  .9465  .9896  .0080  .0021   68.4  .0025 1.0000 1.0088  .1282 *
2.3250  .5372  .9465  .9896  .0080  .0021   68.2  .0025 1.0000 1.0088  .1282 *
2.3275  .7516  .9466  .9896  .0080  .0029   67.9  .0025 1.0000 1.0088  .1793 *
2.3300  .7516  .9466  .9897  .0080  .0029   67.6  .0025 1.0000 1.0088  .1793 *
2.3325  .6527  .9467  .9897  .0080  .0025   67.3  .0025 1.0000 1.0088  .1557 *
2.3350  .6527  .9467  .9897  .0080  .0025   67.1  .0025 1.0000 1.0088  .1557 *
2.3375  .4936  .9468  .9897  .0080  .0019   66.8  .0025 1.0000 1.0088  .1178 *
2.3400  .4936  .9468  .9897  .0080  .0019   66.5  .0025 1.0000 1.0088  .1178 *
2.3425  .5532  .9468  .9897  .0080  .0021   66.2  .0025 1.0000 1.0088  .1320 *
2.3450  .5532  .9469  .9897  .0080  .0021   65.9  .0025 1.0000 1.0088  .1320 *
2.3475  .2832  .9469  .9897  .0080  .0012   65.7  .0025 1.0000 1.0088  .0676 *
2.3500  .2832  .9470  .9897  .0080  .0012   65.4  .0025 1.0000 1.0088  .0676 *
2.3525  .2832  .9470  .9897  .0080  .0012   65.1  .0025 1.0000 1.0088  .0676 *
2.3550  .5805  .9471  .9897  .0080  .0022   64.8  .0025 1.0000 1.0088  .1385 *
2.3575  .5805  .9471  .9898  .0079  .0022   64.5  .0025 1.0000 1.0088  .1385 *
2.3600  .5188  .9472  .9898  .0079  .0020   64.2  .0025 1.0000 1.0088  .1238 *
2.3625  .5188  .9472  .9898  .0079  .0020   64.0  .0025 1.0000 1.0088  .1238 *
2.3650  .5567  .9472  .9898  .0079  .0021   63.7  .0025 1.0000 1.0088  .1329 *
2.3675  .5567  .9473  .9898  .0079  .0021   63.4  .0025 1.0000 1.0088  .1329 *
2.3700  .2737  .9473  .9898  .0079  .0011   63.1  .0025 1.0000 1.0088  .0654 *
2.3725  .2737  .9474  .9898  .0079  .0011   62.8  .0025 1.0000 1.0088  .0654 *
2.3750  .2737  .9474  .9898  .0079  .0011   62.6  .0025 1.0000 1.0088  .0654 *
2.3775  .3327  .9475  .9898  .0079  .0013   62.3  .0025 1.0000 1.0088  .0795 *
2.3800  .3327  .9475  .9898  .0079  .0013   62.0  .0025 1.0000 1.0088  .0795 *
2.3825  .2662  .9475  .9898  .0079  .0011   61.7  .0025 1.0000 1.0088  .0637 *
2.3850  .2662  .9476  .9899  .0079  .0011   61.5  .0025 1.0000 1.0088  .0637 *
2.3875  .3828  .9476  .9899  .0079  .0015   61.2  .0025 1.0000 1.0088  .0915 *
2.3900  .3828  .9477  .9899  .0079  .0015   60.9  .0025 1.0000 1.0088  .0915 *
2.3925  .4389  .9477  .9899  .0078  .0017   60.6  .0025 1.0000 1.0088  .1048 *
2.3950  .4389  .9478  .9899  .0078  .0017   60.3  .0025 1.0000 1.0088  .1048 *
2.3975  .4389  .9478  .9899  .0078  .0017   60.3  .0025 1.0000 1.0088  .1049 *
2.4000  .6677  .9479  .9899  .0078  .0025   60.3  .0025  .5000 1.0088  .1594 *
******************************************************************************
                                                                             *
                         integrated values of  :                             *
                         --------------------                                *
       apparent reflectance   .1942    appar. rad.(w/m2/sr/mic)      9.794   *
                   total gaseous transmittance   .760                        *
                                                                             *
******************************************************************************
                                                                             *
                         coupling aerosol -wv  :                             *
                         --------------------                                *
           wv above aerosol :    .194     wv mixed with aerosol :    .194    *
                       wv under aerosol :    .197                            *
                                                                             *
                         int. normalized  values  of  :                      *
                         ---------------------------                         *
                      % of irradiance at ground level                        *
     % of direct  irr.    % of diffuse irr.    % of enviro. irr              *
                .604                .371                .021                 *
                       reflectance at satellite level                        *
     atm. intrin. ref.   background  ref.  pixel  reflectance                *
                .065                .018                .111                 *
                                                                             *
                         int. absolute values of                             *
                         -----------------------                             *
                      irr. at ground level (w/m2/mic)                        *
     direct solar irr.    atm. diffuse irr.    environment  irr              *
              53.971              34.452               1.961                 *
                      rad at satel. level (w/m2/sr/mic)                      *
     atm. intrin. rad.    background  rad.    pixel  radiance                *
               3.275                .906               5.613                 *
                                                                             *
                                                                             *
          int. funct filter (in mic)              int. sol. spect (in w/m2)  *
             2.0000220                                1224.504               *
                                                                             *
******************************************************************************





******************************************************************************
                                                                             *
                          integrated values of  :                            *
                          --------------------                               *
                                                                             *
                             downward        upward          total           *
      global gas. trans. :     .77834         .86074         .75972          *
      water   "     "    :     .81951         .87605         .80862          *
      ozone   "     "    :     .97193         .99246         .96512          *
      co2     "     "    :     .99273         .99626         .99195          *
      oxyg    "     "    :     .99227         .99550         .99161          *
      no2     "     "    :     .99991         .99997         .99988          *
      ch4     "     "    :     .99724         .99905         .99675          *
      co      "     "    :    1.00000        1.00000        1.00000          *
                                                                             *
                                                                             *
      rayl.  sca. trans. :     .90371         .96932         .87598          *
      aeros. sca.   "    :     .79347         .96200         .76332          *
      total  sca.   "    :     .73998         .93162         .68938          *
                                                                             *
                                                                             *
                                                                             *
                             rayleigh       aerosols         total           *
                                                                             *
      spherical albedo   :     .04985         .04814         .08478          *
      optical depth total:     .06341         .16318         .22659          *
      optical depth plane:     .06341         .16318         .22659          *
      reflectance        :     .04304         .03097         .07206          *
      phase function     :     .80849         .21419         .38051          *
      sing. scat. albedo :    1.00000         .86927         .90586          *
                                                                             *
                                                                             *
******************************************************************************
******************************************************************************



******************************************************************************
                        atmospheric correction result                        *
                        -----------------------------                        *
       input apparent reflectance            :     .005                      *
       measured radiance [w/m2/sr/mic]       :     .250                      *
       atmospherically corrected reflectance :    -.116                      *
       coefficients xa xb xc                 :   .03785   .13760   .08478    *
       y=xa*(measured radiance)-xb;  acr=y/(1.+xc*y)                         *
******************************************************************************
Stop - Program terminated.

